Using pre-set license
Built from '2021.2/china_unity/release' branch; Version is '2021.2.7f1c1 (f334abb85d22) revision 15938731'; Using compiler version '192829333'; Build Type 'Release'
OS: 'Windows 10  (10.0.18363) 64bit Enterprise' Language: 'zh' Physical Memory: 32631 MB
BatchMode: 1, IsHumanControllingUs: 0, StartBugReporterOnCrash: 0, Is64bit: 1, IsPro: 0

COMMAND LINE ARGUMENTS:
D:\UnityHub\2021.2.7f1c1\Editor\Unity.exe
-adb2
-batchMode
-noUpm
-name
AssetImportWorker0
-projectPath
G:/Unity饥荒/项目/Unity类饥荒3D生存-课堂
-logFile
Logs/AssetImportWorker0.log
-srvPort
4648
Successfully changed project path to: G:/Unity饥荒/项目/Unity类饥荒3D生存-课堂
G:/Unity饥荒/项目/Unity类饥荒3D生存-课堂
[UnityMemory] Configuration Parameters - Can be set up in boot.config
    "memorysetup-bucket-allocator-granularity=16"
    "memorysetup-bucket-allocator-bucket-count=8"
    "memorysetup-bucket-allocator-block-size=33554432"
    "memorysetup-bucket-allocator-block-count=8"
    "memorysetup-main-allocator-block-size=16777216"
    "memorysetup-thread-allocator-block-size=16777216"
    "memorysetup-gfx-main-allocator-block-size=16777216"
    "memorysetup-gfx-thread-allocator-block-size=16777216"
    "memorysetup-cache-allocator-block-size=4194304"
    "memorysetup-typetree-allocator-block-size=2097152"
    "memorysetup-profiler-bucket-allocator-granularity=16"
    "memorysetup-profiler-bucket-allocator-bucket-count=8"
    "memorysetup-profiler-bucket-allocator-block-size=33554432"
    "memorysetup-profiler-bucket-allocator-block-count=8"
    "memorysetup-profiler-allocator-block-size=16777216"
    "memorysetup-profiler-editor-allocator-block-size=1048576"
    "memorysetup-temp-allocator-size-main=16777216"
    "memorysetup-job-temp-allocator-block-size=2097152"
    "memorysetup-job-temp-allocator-block-size-background=1048576"
    "memorysetup-job-temp-allocator-reduction-small-platforms=262144"
    "memorysetup-temp-allocator-size-background-worker=32768"
    "memorysetup-temp-allocator-size-job-worker=262144"
    "memorysetup-temp-allocator-size-preload-manager=33554432"
    "memorysetup-temp-allocator-size-nav-mesh-worker=65536"
    "memorysetup-temp-allocator-size-audio-worker=65536"
    "memorysetup-temp-allocator-size-cloud-worker=32768"
    "memorysetup-temp-allocator-size-gi-baking-worker=262144"
    "memorysetup-temp-allocator-size-gfx=262144"
AS: AutoStreaming module initializing.
Refreshing native plugins compatible for Editor in 90.38 ms, found 3 plugins.
Preloading 0 native plugins for Editor in 0.00 ms.
Initialize engine version: 2021.2.7f1c1 (f334abb85d22)
[Subsystems] Discovering subsystems at path D:/UnityHub/2021.2.7f1c1/Editor/Data/Resources/UnitySubsystems
[Subsystems] Discovering subsystems at path G:/Unity饥荒/项目/Unity类饥荒3D生存-课堂/Assets
GfxDevice: creating device client; threaded=0; jobified=0
Direct3D:
    Version:  Direct3D 11.0 [level 11.1]
    Renderer: Intel(R) UHD Graphics 630 (ID=0x3e98)
    Vendor:   Intel
    VRAM:     16315 MB
    Driver:   26.20.100.6911
Initialize mono
Mono path[0] = 'D:/UnityHub/2021.2.7f1c1/Editor/Data/Managed'
Mono path[1] = 'D:/UnityHub/2021.2.7f1c1/Editor/Data/MonoBleedingEdge/lib/mono/unityjit-win32'
Mono config path = 'D:/UnityHub/2021.2.7f1c1/Editor/Data/MonoBleedingEdge/etc'
Using monoOptions --debugger-agent=transport=dt_socket,embedding=1,server=y,suspend=n,address=127.0.0.1:56420
Begin MonoManager ReloadAssembly
Registering precompiled unity dll's ...
Register platform support module: D:/UnityHub/2021.2.7f1c1/Editor/Data/PlaybackEngines/WindowsStandaloneSupport/UnityEditor.WindowsStandalone.Extensions.dll
Registered in 0.011274 seconds.
Native extension for WindowsStandalone target not found
Refreshing native plugins compatible for Editor in 83.91 ms, found 3 plugins.
Preloading 0 native plugins for Editor in 0.00 ms.
Mono: successfully reloaded assembly
- Completed reload, in  0.817 seconds
Domain Reload Profiling:
	ReloadAssembly (817ms)
		BeginReloadAssembly (243ms)
			ExecutionOrderSort (0ms)
			DisableScriptedObjects (0ms)
			BackupInstance (0ms)
			ReleaseScriptingObjects (0ms)
			CreateAndSetChildDomain (1ms)
		EndReloadAssembly (482ms)
			LoadAssemblies (235ms)
			RebuildTransferFunctionScriptingTraits (0ms)
			SetupTypeCache (98ms)
			ReleaseScriptCaches (0ms)
			RebuildScriptCaches (28ms)
			SetupLoadedEditorAssemblies (279ms)
				LogAssemblyErrors (0ms)
				InitializePlatformSupportModulesInManaged (15ms)
				SetLoadedEditorAssemblies (0ms)
				RefreshPlugins (84ms)
				BeforeProcessingInitializeOnLoad (1ms)
				ProcessInitializeOnLoadAttributes (131ms)
				ProcessInitializeOnLoadMethodAttributes (49ms)
				AfterProcessingInitializeOnLoad (0ms)
				EditorAssembliesLoaded (0ms)
			ExecutionOrderSort2 (0ms)
			AwakeInstancesAfterBackupRestoration (0ms)
Platform modules already initialized, skipping
Registering precompiled user dll's ...
Registered in 0.036397 seconds.
Begin MonoManager ReloadAssembly
Symbol file LoadedFromMemory doesn't match image G:\Unity饥荒\项目\Unity类饥荒3D生存-课堂\Library\PackageCache\com.unity.visualscripting@1.7.6\Editor\VisualScripting.Core\Dependencies\YamlDotNet\Unity.VisualScripting.YamlDotNet.dll
Symbol file LoadedFromMemory doesn't match image G:\Unity饥荒\项目\Unity类饥荒3D生存-课堂\Assets\JKFrame\Scripts\0.Lib\0.Plugins\Sirenix\Assemblies\Sirenix.OdinInspector.Editor.dll
Symbol file LoadedFromMemory doesn't match image G:\Unity饥荒\项目\Unity类饥荒3D生存-课堂\Assets\JKFrame\Scripts\0.Lib\0.Plugins\Sirenix\Assemblies\Sirenix.OdinInspector.Attributes.dll
Symbol file LoadedFromMemory doesn't match image G:\Unity饥荒\项目\Unity类饥荒3D生存-课堂\Library\PackageCache\com.unity.visualscripting@1.7.6\Editor\VisualScripting.Core\Dependencies\DotNetZip\Unity.VisualScripting.IonicZip.dll
Symbol file LoadedFromMemory doesn't match image G:\Unity饥荒\项目\Unity类饥荒3D生存-课堂\Assets\JKFrame\Scripts\0.Lib\0.Plugins\Sirenix\Assemblies\Sirenix.Serialization.Config.dll
Symbol file LoadedFromMemory doesn't match image G:\Unity饥荒\项目\Unity类饥荒3D生存-课堂\Assets\JKFrame\Scripts\0.Lib\0.Plugins\Sirenix\Assemblies\Sirenix.Utilities.dll
Symbol file LoadedFromMemory doesn't match image G:\Unity饥荒\项目\Unity类饥荒3D生存-课堂\Assets\JKFrame\Scripts\0.Lib\0.Plugins\Sirenix\Assemblies\Sirenix.Serialization.dll
Symbol file LoadedFromMemory doesn't match image G:\Unity饥荒\项目\Unity类饥荒3D生存-课堂\Assets\JKFrame\Scripts\0.Lib\0.Plugins\Sirenix\Assemblies\Sirenix.Utilities.Editor.dll
Native extension for WindowsStandalone target not found
Refreshing native plugins compatible for Editor in 0.66 ms, found 3 plugins.
Preloading 0 native plugins for Editor in 0.00 ms.
Mono: successfully reloaded assembly
- Completed reload, in  2.991 seconds
Domain Reload Profiling:
	ReloadAssembly (2997ms)
		BeginReloadAssembly (122ms)
			ExecutionOrderSort (0ms)
			DisableScriptedObjects (6ms)
			BackupInstance (0ms)
			ReleaseScriptingObjects (0ms)
			CreateAndSetChildDomain (18ms)
		EndReloadAssembly (2646ms)
			LoadAssemblies (193ms)
			RebuildTransferFunctionScriptingTraits (0ms)
			SetupTypeCache (283ms)
			ReleaseScriptCaches (1ms)
			RebuildScriptCaches (71ms)
			SetupLoadedEditorAssemblies (1945ms)
				LogAssemblyErrors (0ms)
				InitializePlatformSupportModulesInManaged (12ms)
				SetLoadedEditorAssemblies (1ms)
				RefreshPlugins (1ms)
				BeforeProcessingInitializeOnLoad (177ms)
				ProcessInitializeOnLoadAttributes (1589ms)
				ProcessInitializeOnLoadMethodAttributes (148ms)
				AfterProcessingInitializeOnLoad (17ms)
				EditorAssembliesLoaded (0ms)
			ExecutionOrderSort2 (0ms)
			AwakeInstancesAfterBackupRestoration (34ms)
Platform modules already initialized, skipping
========================================================================
Worker process is ready to serve import requests
Launched and connected shader compiler UnityShaderCompiler.exe after 0.05 seconds
Refreshing native plugins compatible for Editor in 0.57 ms, found 3 plugins.
Preloading 0 native plugins for Editor in 0.00 ms.
Unloading 3414 Unused Serialized files (Serialized files now loaded: 0)
Unloading 48 unused Assets / (1.3 MB). Loaded Objects now: 3907.
Memory consumption went from 133.8 MB to 132.5 MB.
Total: 17.943600 ms (FindLiveObjects: 0.293500 ms CreateObjectMapping: 0.243800 ms MarkObjects: 17.112900 ms  DeleteObjects: 0.291700 ms)

AssetImportParameters requested are different than current active one (requested -> active):
  custom:video-decoder-ogg-theora: a1e56fd34408186e4bbccfd4996cb3dc -> 
  custom:container-muxer-webm: aa71ff27fc2769a1b78a27578f13a17b -> 
  custom:container-demuxer-webm: 4f35f7cbe854078d1ac9338744f61a02 -> 
  custom:video-encoder-webm-vp8: eb34c28f22e8b96e1ab97ce403110664 -> 
  custom:audio-encoder-webm-vorbis: bf7c407c2cedff20999df2af8eb42d56 -> 
  custom:framework-win-MediaFoundation: 216162199b28c13a410421893ffa2e32 -> 
  custom:container-demuxer-ogg: 62fdf1f143b41e24485cea50d1cbac27 -> 
  custom:video-decoder-webm-vp8: 9c59270c3fd7afecdb556c50c9e8de78 -> 
  custom:audio-decoder-ogg-vorbis: bf7c407c2cedff20999df2af8eb42d56 -> 
========================================================================
Received Prepare
Registering precompiled user dll's ...
Registered in 0.035259 seconds.
Begin MonoManager ReloadAssembly
Symbol file LoadedFromMemory doesn't match image G:\Unity饥荒\项目\Unity类饥荒3D生存-课堂\Library\PackageCache\com.unity.visualscripting@1.7.6\Editor\VisualScripting.Core\Dependencies\YamlDotNet\Unity.VisualScripting.YamlDotNet.dll
Symbol file LoadedFromMemory doesn't match image G:\Unity饥荒\项目\Unity类饥荒3D生存-课堂\Assets\JKFrame\Scripts\0.Lib\0.Plugins\Sirenix\Assemblies\Sirenix.OdinInspector.Editor.dll
Symbol file LoadedFromMemory doesn't match image G:\Unity饥荒\项目\Unity类饥荒3D生存-课堂\Assets\JKFrame\Scripts\0.Lib\0.Plugins\Sirenix\Assemblies\Sirenix.OdinInspector.Attributes.dll
Symbol file LoadedFromMemory doesn't match image G:\Unity饥荒\项目\Unity类饥荒3D生存-课堂\Library\PackageCache\com.unity.visualscripting@1.7.6\Editor\VisualScripting.Core\Dependencies\DotNetZip\Unity.VisualScripting.IonicZip.dll
Symbol file LoadedFromMemory doesn't match image G:\Unity饥荒\项目\Unity类饥荒3D生存-课堂\Assets\JKFrame\Scripts\0.Lib\0.Plugins\Sirenix\Assemblies\Sirenix.Serialization.Config.dll
Symbol file LoadedFromMemory doesn't match image G:\Unity饥荒\项目\Unity类饥荒3D生存-课堂\Assets\JKFrame\Scripts\0.Lib\0.Plugins\Sirenix\Assemblies\Sirenix.Utilities.dll
Symbol file LoadedFromMemory doesn't match image G:\Unity饥荒\项目\Unity类饥荒3D生存-课堂\Assets\JKFrame\Scripts\0.Lib\0.Plugins\Sirenix\Assemblies\Sirenix.Serialization.dll
Symbol file LoadedFromMemory doesn't match image G:\Unity饥荒\项目\Unity类饥荒3D生存-课堂\Assets\JKFrame\Scripts\0.Lib\0.Plugins\Sirenix\Assemblies\Sirenix.Utilities.Editor.dll
Native extension for WindowsStandalone target not found
Refreshing native plugins compatible for Editor in 0.60 ms, found 3 plugins.
Preloading 0 native plugins for Editor in 0.00 ms.
Mono: successfully reloaded assembly
- Completed reload, in  2.350 seconds
Domain Reload Profiling:
	ReloadAssembly (2351ms)
		BeginReloadAssembly (311ms)
			ExecutionOrderSort (0ms)
			DisableScriptedObjects (9ms)
			BackupInstance (0ms)
			ReleaseScriptingObjects (0ms)
			CreateAndSetChildDomain (101ms)
		EndReloadAssembly (1918ms)
			LoadAssemblies (132ms)
			RebuildTransferFunctionScriptingTraits (0ms)
			SetupTypeCache (285ms)
			ReleaseScriptCaches (1ms)
			RebuildScriptCaches (41ms)
			SetupLoadedEditorAssemblies (1387ms)
				LogAssemblyErrors (0ms)
				InitializePlatformSupportModulesInManaged (12ms)
				SetLoadedEditorAssemblies (1ms)
				RefreshPlugins (1ms)
				BeforeProcessingInitializeOnLoad (155ms)
				ProcessInitializeOnLoadAttributes (965ms)
				ProcessInitializeOnLoadMethodAttributes (235ms)
				AfterProcessingInitializeOnLoad (18ms)
				EditorAssembliesLoaded (0ms)
			ExecutionOrderSort2 (0ms)
			AwakeInstancesAfterBackupRestoration (11ms)
Platform modules already initialized, skipping
Refreshing native plugins compatible for Editor in 0.83 ms, found 3 plugins.
Preloading 0 native plugins for Editor in 0.00 ms.
Unloading 3378 Unused Serialized files (Serialized files now loaded: 0)
Unloading 43 unused Assets / (1.3 MB). Loaded Objects now: 3909.
Memory consumption went from 130.7 MB to 129.4 MB.
Total: 20.072900 ms (FindLiveObjects: 0.384200 ms CreateObjectMapping: 0.299400 ms MarkObjects: 18.859900 ms  DeleteObjects: 0.527700 ms)

AssetImportParameters requested are different than current active one (requested -> active):
  custom:video-decoder-ogg-theora: a1e56fd34408186e4bbccfd4996cb3dc -> 
  custom:container-muxer-webm: aa71ff27fc2769a1b78a27578f13a17b -> 
  custom:container-demuxer-webm: 4f35f7cbe854078d1ac9338744f61a02 -> 
  custom:video-encoder-webm-vp8: eb34c28f22e8b96e1ab97ce403110664 -> 
  custom:audio-encoder-webm-vorbis: bf7c407c2cedff20999df2af8eb42d56 -> 
  custom:framework-win-MediaFoundation: 216162199b28c13a410421893ffa2e32 -> 
  custom:container-demuxer-ogg: 62fdf1f143b41e24485cea50d1cbac27 -> 
  custom:video-decoder-webm-vp8: 9c59270c3fd7afecdb556c50c9e8de78 -> 
  custom:audio-decoder-ogg-vorbis: bf7c407c2cedff20999df2af8eb42d56 -> 
========================================================================
Received Prepare
Registering precompiled user dll's ...
Registered in 0.034806 seconds.
Begin MonoManager ReloadAssembly
Symbol file LoadedFromMemory doesn't match image G:\Unity饥荒\项目\Unity类饥荒3D生存-课堂\Library\PackageCache\com.unity.visualscripting@1.7.6\Editor\VisualScripting.Core\Dependencies\YamlDotNet\Unity.VisualScripting.YamlDotNet.dll
Symbol file LoadedFromMemory doesn't match image G:\Unity饥荒\项目\Unity类饥荒3D生存-课堂\Assets\JKFrame\Scripts\0.Lib\0.Plugins\Sirenix\Assemblies\Sirenix.OdinInspector.Editor.dll
Symbol file LoadedFromMemory doesn't match image G:\Unity饥荒\项目\Unity类饥荒3D生存-课堂\Assets\JKFrame\Scripts\0.Lib\0.Plugins\Sirenix\Assemblies\Sirenix.OdinInspector.Attributes.dll
Symbol file LoadedFromMemory doesn't match image G:\Unity饥荒\项目\Unity类饥荒3D生存-课堂\Library\PackageCache\com.unity.visualscripting@1.7.6\Editor\VisualScripting.Core\Dependencies\DotNetZip\Unity.VisualScripting.IonicZip.dll
Symbol file LoadedFromMemory doesn't match image G:\Unity饥荒\项目\Unity类饥荒3D生存-课堂\Assets\JKFrame\Scripts\0.Lib\0.Plugins\Sirenix\Assemblies\Sirenix.Serialization.Config.dll
Symbol file LoadedFromMemory doesn't match image G:\Unity饥荒\项目\Unity类饥荒3D生存-课堂\Assets\JKFrame\Scripts\0.Lib\0.Plugins\Sirenix\Assemblies\Sirenix.Utilities.dll
Symbol file LoadedFromMemory doesn't match image G:\Unity饥荒\项目\Unity类饥荒3D生存-课堂\Assets\JKFrame\Scripts\0.Lib\0.Plugins\Sirenix\Assemblies\Sirenix.Serialization.dll
Symbol file LoadedFromMemory doesn't match image G:\Unity饥荒\项目\Unity类饥荒3D生存-课堂\Assets\JKFrame\Scripts\0.Lib\0.Plugins\Sirenix\Assemblies\Sirenix.Utilities.Editor.dll
Native extension for WindowsStandalone target not found
Refreshing native plugins compatible for Editor in 0.60 ms, found 3 plugins.
Preloading 0 native plugins for Editor in 0.00 ms.
Mono: successfully reloaded assembly
- Completed reload, in  2.346 seconds
Domain Reload Profiling:
	ReloadAssembly (2347ms)
		BeginReloadAssembly (185ms)
			ExecutionOrderSort (0ms)
			DisableScriptedObjects (6ms)
			BackupInstance (0ms)
			ReleaseScriptingObjects (0ms)
			CreateAndSetChildDomain (55ms)
		EndReloadAssembly (2036ms)
			LoadAssemblies (121ms)
			RebuildTransferFunctionScriptingTraits (0ms)
			SetupTypeCache (268ms)
			ReleaseScriptCaches (1ms)
			RebuildScriptCaches (44ms)
			SetupLoadedEditorAssemblies (1498ms)
				LogAssemblyErrors (0ms)
				InitializePlatformSupportModulesInManaged (13ms)
				SetLoadedEditorAssemblies (1ms)
				RefreshPlugins (1ms)
				BeforeProcessingInitializeOnLoad (161ms)
				ProcessInitializeOnLoadAttributes (1240ms)
				ProcessInitializeOnLoadMethodAttributes (68ms)
				AfterProcessingInitializeOnLoad (15ms)
				EditorAssembliesLoaded (0ms)
			ExecutionOrderSort2 (0ms)
			AwakeInstancesAfterBackupRestoration (16ms)
Platform modules already initialized, skipping
Refreshing native plugins compatible for Editor in 0.60 ms, found 3 plugins.
Preloading 0 native plugins for Editor in 0.00 ms.
Unloading 3378 Unused Serialized files (Serialized files now loaded: 0)
Unloading 43 unused Assets / (1.3 MB). Loaded Objects now: 3911.
Memory consumption went from 130.7 MB to 129.4 MB.
Total: 18.757800 ms (FindLiveObjects: 0.280200 ms CreateObjectMapping: 0.224400 ms MarkObjects: 17.779700 ms  DeleteObjects: 0.471900 ms)

AssetImportParameters requested are different than current active one (requested -> active):
  custom:video-decoder-ogg-theora: a1e56fd34408186e4bbccfd4996cb3dc -> 
  custom:container-muxer-webm: aa71ff27fc2769a1b78a27578f13a17b -> 
  custom:container-demuxer-webm: 4f35f7cbe854078d1ac9338744f61a02 -> 
  custom:video-encoder-webm-vp8: eb34c28f22e8b96e1ab97ce403110664 -> 
  custom:audio-encoder-webm-vorbis: bf7c407c2cedff20999df2af8eb42d56 -> 
  custom:framework-win-MediaFoundation: 216162199b28c13a410421893ffa2e32 -> 
  custom:container-demuxer-ogg: 62fdf1f143b41e24485cea50d1cbac27 -> 
  custom:video-decoder-webm-vp8: 9c59270c3fd7afecdb556c50c9e8de78 -> 
  custom:audio-decoder-ogg-vorbis: bf7c407c2cedff20999df2af8eb42d56 -> 
========================================================================
Received Import Request.
  Time since last request: 50007.346802 seconds.
  path: Assets/Res/UI
  artifactKey: Guid(a618a8821219fcd499d07c425fc650ad) Importer(815301076,1909f56bfc062723c751e8b465ee728b)
Start importing Assets/Res/UI using Guid(a618a8821219fcd499d07c425fc650ad) Importer(815301076,1909f56bfc062723c751e8b465ee728b)  -> (artifact id: '7f46d0a74f6071cc303caff0566457ff') in 0.011798 seconds 
========================================================================
Received Import Request.
  Time since last request: 0.853760 seconds.
  path: Assets/Res/UI/Icon
  artifactKey: Guid(794c99827ba9602459d23e691a0fb3c7) Importer(815301076,1909f56bfc062723c751e8b465ee728b)
Start importing Assets/Res/UI/Icon using Guid(794c99827ba9602459d23e691a0fb3c7) Importer(815301076,1909f56bfc062723c751e8b465ee728b)  -> (artifact id: '8feeacf8c14e72418280cc473d7489b3') in 0.004688 seconds 
========================================================================
Received Import Request.
  Time since last request: 30.104607 seconds.
  path: Assets/Res/GroundTexture/0 1.png
  artifactKey: Guid(2973033ef4082b540980e2e686d6f76f) Importer(815301076,1909f56bfc062723c751e8b465ee728b)
Start importing Assets/Res/GroundTexture/0 1.png using Guid(2973033ef4082b540980e2e686d6f76f) Importer(815301076,1909f56bfc062723c751e8b465ee728b)  -> (artifact id: '57a198d1fb5f5b288bac023d7722b3e8') in 0.097518 seconds 
========================================================================
Received Import Request.
  Time since last request: 4.265679 seconds.
  path: Assets/Res/GroundTexture/0 1.png
  artifactKey: Guid(2973033ef4082b540980e2e686d6f76f) Importer(815301076,1909f56bfc062723c751e8b465ee728b)
Start importing Assets/Res/GroundTexture/0 1.png using Guid(2973033ef4082b540980e2e686d6f76f) Importer(815301076,1909f56bfc062723c751e8b465ee728b)  -> (artifact id: 'dc239dc371eb0df7b313c04d572e94ac') in 0.052738 seconds 
========================================================================
Received Import Request.
  Time since last request: 62.486274 seconds.
  path: Assets/JKFrame/Prefab/Square.png
  artifactKey: Guid(8b7fb9875ff2ef4429035721fd5f3007) Importer(815301076,1909f56bfc062723c751e8b465ee728b)
Start importing Assets/JKFrame/Prefab/Square.png using Guid(8b7fb9875ff2ef4429035721fd5f3007) Importer(815301076,1909f56bfc062723c751e8b465ee728b)  -> (artifact id: 'e4bd433d25fab0ee3ac8993e79b6c034') in 0.020934 seconds 
========================================================================
Received Import Request.
  Time since last request: 0.000044 seconds.
  path: Assets/Res/环境/森林/object components/environment/flowers/Wildflowers 4.png
  artifactKey: Guid(5b7dac7fe79e7f441bdc23586744ec51) Importer(815301076,1909f56bfc062723c751e8b465ee728b)
Start importing Assets/Res/环境/森林/object components/environment/flowers/Wildflowers 4.png using Guid(5b7dac7fe79e7f441bdc23586744ec51) Importer(815301076,1909f56bfc062723c751e8b465ee728b)  -> (artifact id: 'f8c1eb737a543bf52da5566476cbae78') in 0.127463 seconds 
========================================================================
Received Prepare
Registering precompiled user dll's ...
Registered in 0.024736 seconds.
Begin MonoManager ReloadAssembly
Symbol file LoadedFromMemory doesn't match image G:\Unity饥荒\项目\Unity类饥荒3D生存-课堂\Library\PackageCache\com.unity.visualscripting@1.7.6\Editor\VisualScripting.Core\Dependencies\YamlDotNet\Unity.VisualScripting.YamlDotNet.dll
Symbol file LoadedFromMemory doesn't match image G:\Unity饥荒\项目\Unity类饥荒3D生存-课堂\Assets\JKFrame\Scripts\0.Lib\0.Plugins\Sirenix\Assemblies\Sirenix.OdinInspector.Editor.dll
Symbol file LoadedFromMemory doesn't match image G:\Unity饥荒\项目\Unity类饥荒3D生存-课堂\Assets\JKFrame\Scripts\0.Lib\0.Plugins\Sirenix\Assemblies\Sirenix.OdinInspector.Attributes.dll
Symbol file LoadedFromMemory doesn't match image G:\Unity饥荒\项目\Unity类饥荒3D生存-课堂\Library\PackageCache\com.unity.visualscripting@1.7.6\Editor\VisualScripting.Core\Dependencies\DotNetZip\Unity.VisualScripting.IonicZip.dll
Symbol file LoadedFromMemory doesn't match image G:\Unity饥荒\项目\Unity类饥荒3D生存-课堂\Assets\JKFrame\Scripts\0.Lib\0.Plugins\Sirenix\Assemblies\Sirenix.Serialization.Config.dll
Symbol file LoadedFromMemory doesn't match image G:\Unity饥荒\项目\Unity类饥荒3D生存-课堂\Assets\JKFrame\Scripts\0.Lib\0.Plugins\Sirenix\Assemblies\Sirenix.Utilities.dll
Symbol file LoadedFromMemory doesn't match image G:\Unity饥荒\项目\Unity类饥荒3D生存-课堂\Assets\JKFrame\Scripts\0.Lib\0.Plugins\Sirenix\Assemblies\Sirenix.Serialization.dll
Symbol file LoadedFromMemory doesn't match image G:\Unity饥荒\项目\Unity类饥荒3D生存-课堂\Assets\JKFrame\Scripts\0.Lib\0.Plugins\Sirenix\Assemblies\Sirenix.Utilities.Editor.dll
Native extension for WindowsStandalone target not found
Refreshing native plugins compatible for Editor in 0.69 ms, found 3 plugins.
Preloading 0 native plugins for Editor in 0.00 ms.
Mono: successfully reloaded assembly
- Completed reload, in  2.547 seconds
Domain Reload Profiling:
	ReloadAssembly (2550ms)
		BeginReloadAssembly (202ms)
			ExecutionOrderSort (0ms)
			DisableScriptedObjects (6ms)
			BackupInstance (0ms)
			ReleaseScriptingObjects (0ms)
			CreateAndSetChildDomain (52ms)
		EndReloadAssembly (2231ms)
			LoadAssemblies (138ms)
			RebuildTransferFunctionScriptingTraits (0ms)
			SetupTypeCache (265ms)
			ReleaseScriptCaches (1ms)
			RebuildScriptCaches (42ms)
			SetupLoadedEditorAssemblies (1563ms)
				LogAssemblyErrors (0ms)
				InitializePlatformSupportModulesInManaged (13ms)
				SetLoadedEditorAssemblies (1ms)
				RefreshPlugins (1ms)
				BeforeProcessingInitializeOnLoad (159ms)
				ProcessInitializeOnLoadAttributes (1299ms)
				ProcessInitializeOnLoadMethodAttributes (73ms)
				AfterProcessingInitializeOnLoad (16ms)
				EditorAssembliesLoaded (2ms)
			ExecutionOrderSort2 (0ms)
			AwakeInstancesAfterBackupRestoration (57ms)
Platform modules already initialized, skipping
Refreshing native plugins compatible for Editor in 0.88 ms, found 3 plugins.
Preloading 0 native plugins for Editor in 0.00 ms.
Unloading 3380 Unused Serialized files (Serialized files now loaded: 0)
Unloading 43 unused Assets / (1.3 MB). Loaded Objects now: 3981.
Memory consumption went from 137.1 MB to 135.8 MB.
Total: 18.365000 ms (FindLiveObjects: 0.323900 ms CreateObjectMapping: 0.199500 ms MarkObjects: 17.574100 ms  DeleteObjects: 0.266200 ms)

AssetImportParameters requested are different than current active one (requested -> active):
  custom:video-decoder-ogg-theora: a1e56fd34408186e4bbccfd4996cb3dc -> 
  custom:container-muxer-webm: aa71ff27fc2769a1b78a27578f13a17b -> 
  custom:container-demuxer-webm: 4f35f7cbe854078d1ac9338744f61a02 -> 
  custom:video-encoder-webm-vp8: eb34c28f22e8b96e1ab97ce403110664 -> 
  custom:audio-encoder-webm-vorbis: bf7c407c2cedff20999df2af8eb42d56 -> 
  custom:framework-win-MediaFoundation: 216162199b28c13a410421893ffa2e32 -> 
  custom:container-demuxer-ogg: 62fdf1f143b41e24485cea50d1cbac27 -> 
  custom:video-decoder-webm-vp8: 9c59270c3fd7afecdb556c50c9e8de78 -> 
  custom:audio-decoder-ogg-vorbis: bf7c407c2cedff20999df2af8eb42d56 -> 
========================================================================
Received Prepare
Registering precompiled user dll's ...
Registered in 0.030812 seconds.
Begin MonoManager ReloadAssembly
Symbol file LoadedFromMemory doesn't match image G:\Unity饥荒\项目\Unity类饥荒3D生存-课堂\Library\PackageCache\com.unity.visualscripting@1.7.6\Editor\VisualScripting.Core\Dependencies\YamlDotNet\Unity.VisualScripting.YamlDotNet.dll
Symbol file LoadedFromMemory doesn't match image G:\Unity饥荒\项目\Unity类饥荒3D生存-课堂\Assets\JKFrame\Scripts\0.Lib\0.Plugins\Sirenix\Assemblies\Sirenix.OdinInspector.Editor.dll
Symbol file LoadedFromMemory doesn't match image G:\Unity饥荒\项目\Unity类饥荒3D生存-课堂\Assets\JKFrame\Scripts\0.Lib\0.Plugins\Sirenix\Assemblies\Sirenix.OdinInspector.Attributes.dll
Symbol file LoadedFromMemory doesn't match image G:\Unity饥荒\项目\Unity类饥荒3D生存-课堂\Library\PackageCache\com.unity.visualscripting@1.7.6\Editor\VisualScripting.Core\Dependencies\DotNetZip\Unity.VisualScripting.IonicZip.dll
Symbol file LoadedFromMemory doesn't match image G:\Unity饥荒\项目\Unity类饥荒3D生存-课堂\Assets\JKFrame\Scripts\0.Lib\0.Plugins\Sirenix\Assemblies\Sirenix.Serialization.Config.dll
Symbol file LoadedFromMemory doesn't match image G:\Unity饥荒\项目\Unity类饥荒3D生存-课堂\Assets\JKFrame\Scripts\0.Lib\0.Plugins\Sirenix\Assemblies\Sirenix.Utilities.dll
Symbol file LoadedFromMemory doesn't match image G:\Unity饥荒\项目\Unity类饥荒3D生存-课堂\Assets\JKFrame\Scripts\0.Lib\0.Plugins\Sirenix\Assemblies\Sirenix.Serialization.dll
Symbol file LoadedFromMemory doesn't match image G:\Unity饥荒\项目\Unity类饥荒3D生存-课堂\Assets\JKFrame\Scripts\0.Lib\0.Plugins\Sirenix\Assemblies\Sirenix.Utilities.Editor.dll
Native extension for WindowsStandalone target not found
Refreshing native plugins compatible for Editor in 0.61 ms, found 3 plugins.
Preloading 0 native plugins for Editor in 0.00 ms.
Mono: successfully reloaded assembly
- Completed reload, in  2.535 seconds
Domain Reload Profiling:
	ReloadAssembly (2538ms)
		BeginReloadAssembly (178ms)
			ExecutionOrderSort (0ms)
			DisableScriptedObjects (8ms)
			BackupInstance (0ms)
			ReleaseScriptingObjects (0ms)
			CreateAndSetChildDomain (47ms)
		EndReloadAssembly (2236ms)
			LoadAssemblies (120ms)
			RebuildTransferFunctionScriptingTraits (0ms)
			SetupTypeCache (255ms)
			ReleaseScriptCaches (1ms)
			RebuildScriptCaches (40ms)
			SetupLoadedEditorAssemblies (1553ms)
				LogAssemblyErrors (0ms)
				InitializePlatformSupportModulesInManaged (13ms)
				SetLoadedEditorAssemblies (0ms)
				RefreshPlugins (1ms)
				BeforeProcessingInitializeOnLoad (237ms)
				ProcessInitializeOnLoadAttributes (1227ms)
				ProcessInitializeOnLoadMethodAttributes (60ms)
				AfterProcessingInitializeOnLoad (15ms)
				EditorAssembliesLoaded (0ms)
			ExecutionOrderSort2 (0ms)
			AwakeInstancesAfterBackupRestoration (44ms)
Platform modules already initialized, skipping
Refreshing native plugins compatible for Editor in 0.70 ms, found 3 plugins.
Preloading 0 native plugins for Editor in 0.00 ms.
Unloading 3378 Unused Serialized files (Serialized files now loaded: 0)
Unloading 43 unused Assets / (1.3 MB). Loaded Objects now: 3983.
Memory consumption went from 137.0 MB to 135.7 MB.
Total: 20.680200 ms (FindLiveObjects: 0.509200 ms CreateObjectMapping: 0.305400 ms MarkObjects: 19.595300 ms  DeleteObjects: 0.266700 ms)

AssetImportParameters requested are different than current active one (requested -> active):
  custom:video-decoder-ogg-theora: a1e56fd34408186e4bbccfd4996cb3dc -> 
  custom:container-muxer-webm: aa71ff27fc2769a1b78a27578f13a17b -> 
  custom:container-demuxer-webm: 4f35f7cbe854078d1ac9338744f61a02 -> 
  custom:video-encoder-webm-vp8: eb34c28f22e8b96e1ab97ce403110664 -> 
  custom:audio-encoder-webm-vorbis: bf7c407c2cedff20999df2af8eb42d56 -> 
  custom:framework-win-MediaFoundation: 216162199b28c13a410421893ffa2e32 -> 
  custom:container-demuxer-ogg: 62fdf1f143b41e24485cea50d1cbac27 -> 
  custom:video-decoder-webm-vp8: 9c59270c3fd7afecdb556c50c9e8de78 -> 
  custom:audio-decoder-ogg-vorbis: bf7c407c2cedff20999df2af8eb42d56 -> 
========================================================================
Received Prepare
Registering precompiled user dll's ...
Registered in 0.027795 seconds.
Begin MonoManager ReloadAssembly
Symbol file LoadedFromMemory doesn't match image G:\Unity饥荒\项目\Unity类饥荒3D生存-课堂\Library\PackageCache\com.unity.visualscripting@1.7.6\Editor\VisualScripting.Core\Dependencies\YamlDotNet\Unity.VisualScripting.YamlDotNet.dll
Symbol file LoadedFromMemory doesn't match image G:\Unity饥荒\项目\Unity类饥荒3D生存-课堂\Assets\JKFrame\Scripts\0.Lib\0.Plugins\Sirenix\Assemblies\Sirenix.OdinInspector.Editor.dll
Symbol file LoadedFromMemory doesn't match image G:\Unity饥荒\项目\Unity类饥荒3D生存-课堂\Assets\JKFrame\Scripts\0.Lib\0.Plugins\Sirenix\Assemblies\Sirenix.OdinInspector.Attributes.dll
Symbol file LoadedFromMemory doesn't match image G:\Unity饥荒\项目\Unity类饥荒3D生存-课堂\Library\PackageCache\com.unity.visualscripting@1.7.6\Editor\VisualScripting.Core\Dependencies\DotNetZip\Unity.VisualScripting.IonicZip.dll
Symbol file LoadedFromMemory doesn't match image G:\Unity饥荒\项目\Unity类饥荒3D生存-课堂\Assets\JKFrame\Scripts\0.Lib\0.Plugins\Sirenix\Assemblies\Sirenix.Serialization.Config.dll
Symbol file LoadedFromMemory doesn't match image G:\Unity饥荒\项目\Unity类饥荒3D生存-课堂\Assets\JKFrame\Scripts\0.Lib\0.Plugins\Sirenix\Assemblies\Sirenix.Utilities.dll
Symbol file LoadedFromMemory doesn't match image G:\Unity饥荒\项目\Unity类饥荒3D生存-课堂\Assets\JKFrame\Scripts\0.Lib\0.Plugins\Sirenix\Assemblies\Sirenix.Serialization.dll
Symbol file LoadedFromMemory doesn't match image G:\Unity饥荒\项目\Unity类饥荒3D生存-课堂\Assets\JKFrame\Scripts\0.Lib\0.Plugins\Sirenix\Assemblies\Sirenix.Utilities.Editor.dll
Native extension for WindowsStandalone target not found
Refreshing native plugins compatible for Editor in 1.26 ms, found 3 plugins.
Preloading 0 native plugins for Editor in 0.00 ms.
Mono: successfully reloaded assembly
- Completed reload, in  3.273 seconds
Domain Reload Profiling:
	ReloadAssembly (3274ms)
		BeginReloadAssembly (198ms)
			ExecutionOrderSort (0ms)
			DisableScriptedObjects (8ms)
			BackupInstance (0ms)
			ReleaseScriptingObjects (0ms)
			CreateAndSetChildDomain (57ms)
		EndReloadAssembly (2949ms)
			LoadAssemblies (129ms)
			RebuildTransferFunctionScriptingTraits (0ms)
			SetupTypeCache (337ms)
			ReleaseScriptCaches (4ms)
			RebuildScriptCaches (114ms)
			SetupLoadedEditorAssemblies (1911ms)
				LogAssemblyErrors (0ms)
				InitializePlatformSupportModulesInManaged (32ms)
				SetLoadedEditorAssemblies (1ms)
				RefreshPlugins (1ms)
				BeforeProcessingInitializeOnLoad (356ms)
				ProcessInitializeOnLoadAttributes (1428ms)
				ProcessInitializeOnLoadMethodAttributes (76ms)
				AfterProcessingInitializeOnLoad (16ms)
				EditorAssembliesLoaded (1ms)
			ExecutionOrderSort2 (0ms)
			AwakeInstancesAfterBackupRestoration (65ms)
Platform modules already initialized, skipping
Refreshing native plugins compatible for Editor in 0.62 ms, found 3 plugins.
Preloading 0 native plugins for Editor in 0.00 ms.
Unloading 3378 Unused Serialized files (Serialized files now loaded: 0)
Unloading 43 unused Assets / (1.3 MB). Loaded Objects now: 3985.
Memory consumption went from 137.0 MB to 135.7 MB.
Total: 20.666800 ms (FindLiveObjects: 0.368200 ms CreateObjectMapping: 0.325000 ms MarkObjects: 19.366700 ms  DeleteObjects: 0.605200 ms)

AssetImportParameters requested are different than current active one (requested -> active):
  custom:video-decoder-ogg-theora: a1e56fd34408186e4bbccfd4996cb3dc -> 
  custom:container-muxer-webm: aa71ff27fc2769a1b78a27578f13a17b -> 
  custom:container-demuxer-webm: 4f35f7cbe854078d1ac9338744f61a02 -> 
  custom:video-encoder-webm-vp8: eb34c28f22e8b96e1ab97ce403110664 -> 
  custom:audio-encoder-webm-vorbis: bf7c407c2cedff20999df2af8eb42d56 -> 
  custom:framework-win-MediaFoundation: 216162199b28c13a410421893ffa2e32 -> 
  custom:container-demuxer-ogg: 62fdf1f143b41e24485cea50d1cbac27 -> 
  custom:video-decoder-webm-vp8: 9c59270c3fd7afecdb556c50c9e8de78 -> 
  custom:audio-decoder-ogg-vorbis: bf7c407c2cedff20999df2af8eb42d56 -> 
========================================================================
Received Prepare
Registering precompiled user dll's ...
Registered in 0.027684 seconds.
Begin MonoManager ReloadAssembly
Symbol file LoadedFromMemory doesn't match image G:\Unity饥荒\项目\Unity类饥荒3D生存-课堂\Library\PackageCache\com.unity.visualscripting@1.7.6\Editor\VisualScripting.Core\Dependencies\YamlDotNet\Unity.VisualScripting.YamlDotNet.dll
Symbol file LoadedFromMemory doesn't match image G:\Unity饥荒\项目\Unity类饥荒3D生存-课堂\Assets\JKFrame\Scripts\0.Lib\0.Plugins\Sirenix\Assemblies\Sirenix.OdinInspector.Editor.dll
Symbol file LoadedFromMemory doesn't match image G:\Unity饥荒\项目\Unity类饥荒3D生存-课堂\Assets\JKFrame\Scripts\0.Lib\0.Plugins\Sirenix\Assemblies\Sirenix.OdinInspector.Attributes.dll
Symbol file LoadedFromMemory doesn't match image G:\Unity饥荒\项目\Unity类饥荒3D生存-课堂\Library\PackageCache\com.unity.visualscripting@1.7.6\Editor\VisualScripting.Core\Dependencies\DotNetZip\Unity.VisualScripting.IonicZip.dll
Symbol file LoadedFromMemory doesn't match image G:\Unity饥荒\项目\Unity类饥荒3D生存-课堂\Assets\JKFrame\Scripts\0.Lib\0.Plugins\Sirenix\Assemblies\Sirenix.Serialization.Config.dll
Symbol file LoadedFromMemory doesn't match image G:\Unity饥荒\项目\Unity类饥荒3D生存-课堂\Assets\JKFrame\Scripts\0.Lib\0.Plugins\Sirenix\Assemblies\Sirenix.Utilities.dll
Symbol file LoadedFromMemory doesn't match image G:\Unity饥荒\项目\Unity类饥荒3D生存-课堂\Assets\JKFrame\Scripts\0.Lib\0.Plugins\Sirenix\Assemblies\Sirenix.Serialization.dll
Symbol file LoadedFromMemory doesn't match image G:\Unity饥荒\项目\Unity类饥荒3D生存-课堂\Assets\JKFrame\Scripts\0.Lib\0.Plugins\Sirenix\Assemblies\Sirenix.Utilities.Editor.dll
Native extension for WindowsStandalone target not found
Refreshing native plugins compatible for Editor in 0.72 ms, found 3 plugins.
Preloading 0 native plugins for Editor in 0.00 ms.
Mono: successfully reloaded assembly
- Completed reload, in  2.493 seconds
Domain Reload Profiling:
	ReloadAssembly (2497ms)
		BeginReloadAssembly (192ms)
			ExecutionOrderSort (0ms)
			DisableScriptedObjects (8ms)
			BackupInstance (0ms)
			ReleaseScriptingObjects (0ms)
			CreateAndSetChildDomain (54ms)
		EndReloadAssembly (2184ms)
			LoadAssemblies (124ms)
			RebuildTransferFunctionScriptingTraits (0ms)
			SetupTypeCache (270ms)
			ReleaseScriptCaches (1ms)
			RebuildScriptCaches (59ms)
			SetupLoadedEditorAssemblies (1541ms)
				LogAssemblyErrors (0ms)
				InitializePlatformSupportModulesInManaged (17ms)
				SetLoadedEditorAssemblies (1ms)
				RefreshPlugins (1ms)
				BeforeProcessingInitializeOnLoad (161ms)
				ProcessInitializeOnLoadAttributes (1274ms)
				ProcessInitializeOnLoadMethodAttributes (72ms)
				AfterProcessingInitializeOnLoad (15ms)
				EditorAssembliesLoaded (0ms)
			ExecutionOrderSort2 (0ms)
			AwakeInstancesAfterBackupRestoration (43ms)
Platform modules already initialized, skipping
Refreshing native plugins compatible for Editor in 1.63 ms, found 3 plugins.
Preloading 0 native plugins for Editor in 0.00 ms.
Unloading 3378 Unused Serialized files (Serialized files now loaded: 0)
Unloading 43 unused Assets / (1.3 MB). Loaded Objects now: 3987.
Memory consumption went from 137.0 MB to 135.7 MB.
Total: 24.969600 ms (FindLiveObjects: 0.444600 ms CreateObjectMapping: 0.532700 ms MarkObjects: 23.376700 ms  DeleteObjects: 0.613900 ms)

AssetImportParameters requested are different than current active one (requested -> active):
  custom:video-decoder-ogg-theora: a1e56fd34408186e4bbccfd4996cb3dc -> 
  custom:container-muxer-webm: aa71ff27fc2769a1b78a27578f13a17b -> 
  custom:container-demuxer-webm: 4f35f7cbe854078d1ac9338744f61a02 -> 
  custom:video-encoder-webm-vp8: eb34c28f22e8b96e1ab97ce403110664 -> 
  custom:audio-encoder-webm-vorbis: bf7c407c2cedff20999df2af8eb42d56 -> 
  custom:framework-win-MediaFoundation: 216162199b28c13a410421893ffa2e32 -> 
  custom:container-demuxer-ogg: 62fdf1f143b41e24485cea50d1cbac27 -> 
  custom:video-decoder-webm-vp8: 9c59270c3fd7afecdb556c50c9e8de78 -> 
  custom:audio-decoder-ogg-vorbis: bf7c407c2cedff20999df2af8eb42d56 -> 
========================================================================
Received Prepare
Registering precompiled user dll's ...
Registered in 0.030321 seconds.
Begin MonoManager ReloadAssembly
Symbol file LoadedFromMemory doesn't match image G:\Unity饥荒\项目\Unity类饥荒3D生存-课堂\Library\PackageCache\com.unity.visualscripting@1.7.6\Editor\VisualScripting.Core\Dependencies\YamlDotNet\Unity.VisualScripting.YamlDotNet.dll
Symbol file LoadedFromMemory doesn't match image G:\Unity饥荒\项目\Unity类饥荒3D生存-课堂\Assets\JKFrame\Scripts\0.Lib\0.Plugins\Sirenix\Assemblies\Sirenix.OdinInspector.Editor.dll
Symbol file LoadedFromMemory doesn't match image G:\Unity饥荒\项目\Unity类饥荒3D生存-课堂\Assets\JKFrame\Scripts\0.Lib\0.Plugins\Sirenix\Assemblies\Sirenix.OdinInspector.Attributes.dll
Symbol file LoadedFromMemory doesn't match image G:\Unity饥荒\项目\Unity类饥荒3D生存-课堂\Library\PackageCache\com.unity.visualscripting@1.7.6\Editor\VisualScripting.Core\Dependencies\DotNetZip\Unity.VisualScripting.IonicZip.dll
Symbol file LoadedFromMemory doesn't match image G:\Unity饥荒\项目\Unity类饥荒3D生存-课堂\Assets\JKFrame\Scripts\0.Lib\0.Plugins\Sirenix\Assemblies\Sirenix.Serialization.Config.dll
Symbol file LoadedFromMemory doesn't match image G:\Unity饥荒\项目\Unity类饥荒3D生存-课堂\Assets\JKFrame\Scripts\0.Lib\0.Plugins\Sirenix\Assemblies\Sirenix.Utilities.dll
Symbol file LoadedFromMemory doesn't match image G:\Unity饥荒\项目\Unity类饥荒3D生存-课堂\Assets\JKFrame\Scripts\0.Lib\0.Plugins\Sirenix\Assemblies\Sirenix.Serialization.dll
Symbol file LoadedFromMemory doesn't match image G:\Unity饥荒\项目\Unity类饥荒3D生存-课堂\Assets\JKFrame\Scripts\0.Lib\0.Plugins\Sirenix\Assemblies\Sirenix.Utilities.Editor.dll
Native extension for WindowsStandalone target not found
Refreshing native plugins compatible for Editor in 0.62 ms, found 3 plugins.
Preloading 0 native plugins for Editor in 0.00 ms.
Mono: successfully reloaded assembly
- Completed reload, in  2.506 seconds
Domain Reload Profiling:
	ReloadAssembly (2507ms)
		BeginReloadAssembly (169ms)
			ExecutionOrderSort (0ms)
			DisableScriptedObjects (7ms)
			BackupInstance (0ms)
			ReleaseScriptingObjects (0ms)
			CreateAndSetChildDomain (43ms)
		EndReloadAssembly (2214ms)
			LoadAssemblies (118ms)
			RebuildTransferFunctionScriptingTraits (0ms)
			SetupTypeCache (267ms)
			ReleaseScriptCaches (3ms)
			RebuildScriptCaches (71ms)
			SetupLoadedEditorAssemblies (1595ms)
				LogAssemblyErrors (0ms)
				InitializePlatformSupportModulesInManaged (13ms)
				SetLoadedEditorAssemblies (0ms)
				RefreshPlugins (1ms)
				BeforeProcessingInitializeOnLoad (157ms)
				ProcessInitializeOnLoadAttributes (1362ms)
				ProcessInitializeOnLoadMethodAttributes (47ms)
				AfterProcessingInitializeOnLoad (16ms)
				EditorAssembliesLoaded (0ms)
			ExecutionOrderSort2 (0ms)
			AwakeInstancesAfterBackupRestoration (30ms)
Platform modules already initialized, skipping
Refreshing native plugins compatible for Editor in 0.70 ms, found 3 plugins.
Preloading 0 native plugins for Editor in 0.00 ms.
Unloading 3378 Unused Serialized files (Serialized files now loaded: 0)
Unloading 43 unused Assets / (1.3 MB). Loaded Objects now: 3989.
Memory consumption went from 137.0 MB to 135.7 MB.
Total: 19.137900 ms (FindLiveObjects: 0.349600 ms CreateObjectMapping: 0.348300 ms MarkObjects: 18.035300 ms  DeleteObjects: 0.402500 ms)

AssetImportParameters requested are different than current active one (requested -> active):
  custom:video-decoder-ogg-theora: a1e56fd34408186e4bbccfd4996cb3dc -> 
  custom:container-muxer-webm: aa71ff27fc2769a1b78a27578f13a17b -> 
  custom:container-demuxer-webm: 4f35f7cbe854078d1ac9338744f61a02 -> 
  custom:video-encoder-webm-vp8: eb34c28f22e8b96e1ab97ce403110664 -> 
  custom:audio-encoder-webm-vorbis: bf7c407c2cedff20999df2af8eb42d56 -> 
  custom:framework-win-MediaFoundation: 216162199b28c13a410421893ffa2e32 -> 
  custom:container-demuxer-ogg: 62fdf1f143b41e24485cea50d1cbac27 -> 
  custom:video-decoder-webm-vp8: 9c59270c3fd7afecdb556c50c9e8de78 -> 
  custom:audio-decoder-ogg-vorbis: bf7c407c2cedff20999df2af8eb42d56 -> 
========================================================================
Received Prepare
Registering precompiled user dll's ...
Registered in 0.028382 seconds.
Begin MonoManager ReloadAssembly
Symbol file LoadedFromMemory doesn't match image G:\Unity饥荒\项目\Unity类饥荒3D生存-课堂\Library\PackageCache\com.unity.visualscripting@1.7.6\Editor\VisualScripting.Core\Dependencies\YamlDotNet\Unity.VisualScripting.YamlDotNet.dll
Symbol file LoadedFromMemory doesn't match image G:\Unity饥荒\项目\Unity类饥荒3D生存-课堂\Assets\JKFrame\Scripts\0.Lib\0.Plugins\Sirenix\Assemblies\Sirenix.OdinInspector.Editor.dll
Symbol file LoadedFromMemory doesn't match image G:\Unity饥荒\项目\Unity类饥荒3D生存-课堂\Assets\JKFrame\Scripts\0.Lib\0.Plugins\Sirenix\Assemblies\Sirenix.OdinInspector.Attributes.dll
Symbol file LoadedFromMemory doesn't match image G:\Unity饥荒\项目\Unity类饥荒3D生存-课堂\Library\PackageCache\com.unity.visualscripting@1.7.6\Editor\VisualScripting.Core\Dependencies\DotNetZip\Unity.VisualScripting.IonicZip.dll
Symbol file LoadedFromMemory doesn't match image G:\Unity饥荒\项目\Unity类饥荒3D生存-课堂\Assets\JKFrame\Scripts\0.Lib\0.Plugins\Sirenix\Assemblies\Sirenix.Serialization.Config.dll
Symbol file LoadedFromMemory doesn't match image G:\Unity饥荒\项目\Unity类饥荒3D生存-课堂\Assets\JKFrame\Scripts\0.Lib\0.Plugins\Sirenix\Assemblies\Sirenix.Utilities.dll
Symbol file LoadedFromMemory doesn't match image G:\Unity饥荒\项目\Unity类饥荒3D生存-课堂\Assets\JKFrame\Scripts\0.Lib\0.Plugins\Sirenix\Assemblies\Sirenix.Serialization.dll
Symbol file LoadedFromMemory doesn't match image G:\Unity饥荒\项目\Unity类饥荒3D生存-课堂\Assets\JKFrame\Scripts\0.Lib\0.Plugins\Sirenix\Assemblies\Sirenix.Utilities.Editor.dll
Native extension for WindowsStandalone target not found
Refreshing native plugins compatible for Editor in 1.10 ms, found 3 plugins.
Preloading 0 native plugins for Editor in 0.00 ms.
Mono: successfully reloaded assembly
- Completed reload, in  2.495 seconds
Domain Reload Profiling:
	ReloadAssembly (2505ms)
		BeginReloadAssembly (179ms)
			ExecutionOrderSort (0ms)
			DisableScriptedObjects (8ms)
			BackupInstance (0ms)
			ReleaseScriptingObjects (0ms)
			CreateAndSetChildDomain (48ms)
		EndReloadAssembly (2208ms)
			LoadAssemblies (120ms)
			RebuildTransferFunctionScriptingTraits (0ms)
			SetupTypeCache (259ms)
			ReleaseScriptCaches (1ms)
			RebuildScriptCaches (47ms)
			SetupLoadedEditorAssemblies (1613ms)
				LogAssemblyErrors (0ms)
				InitializePlatformSupportModulesInManaged (15ms)
				SetLoadedEditorAssemblies (1ms)
				RefreshPlugins (1ms)
				BeforeProcessingInitializeOnLoad (211ms)
				ProcessInitializeOnLoadAttributes (1295ms)
				ProcessInitializeOnLoadMethodAttributes (64ms)
				AfterProcessingInitializeOnLoad (20ms)
				EditorAssembliesLoaded (7ms)
			ExecutionOrderSort2 (0ms)
			AwakeInstancesAfterBackupRestoration (33ms)
Platform modules already initialized, skipping
Refreshing native plugins compatible for Editor in 0.66 ms, found 3 plugins.
Preloading 0 native plugins for Editor in 0.00 ms.
Unloading 3378 Unused Serialized files (Serialized files now loaded: 0)
Unloading 43 unused Assets / (1.3 MB). Loaded Objects now: 3991.
Memory consumption went from 137.0 MB to 135.7 MB.
Total: 20.542200 ms (FindLiveObjects: 0.703500 ms CreateObjectMapping: 0.373200 ms MarkObjects: 19.096500 ms  DeleteObjects: 0.366000 ms)

AssetImportParameters requested are different than current active one (requested -> active):
  custom:video-decoder-ogg-theora: a1e56fd34408186e4bbccfd4996cb3dc -> 
  custom:container-muxer-webm: aa71ff27fc2769a1b78a27578f13a17b -> 
  custom:container-demuxer-webm: 4f35f7cbe854078d1ac9338744f61a02 -> 
  custom:video-encoder-webm-vp8: eb34c28f22e8b96e1ab97ce403110664 -> 
  custom:audio-encoder-webm-vorbis: bf7c407c2cedff20999df2af8eb42d56 -> 
  custom:framework-win-MediaFoundation: 216162199b28c13a410421893ffa2e32 -> 
  custom:container-demuxer-ogg: 62fdf1f143b41e24485cea50d1cbac27 -> 
  custom:video-decoder-webm-vp8: 9c59270c3fd7afecdb556c50c9e8de78 -> 
  custom:audio-decoder-ogg-vorbis: bf7c407c2cedff20999df2af8eb42d56 -> 
========================================================================
Received Prepare
Registering precompiled user dll's ...
Registered in 0.030330 seconds.
Begin MonoManager ReloadAssembly
Symbol file LoadedFromMemory doesn't match image G:\Unity饥荒\项目\Unity类饥荒3D生存-课堂\Library\PackageCache\com.unity.visualscripting@1.7.6\Editor\VisualScripting.Core\Dependencies\YamlDotNet\Unity.VisualScripting.YamlDotNet.dll
Symbol file LoadedFromMemory doesn't match image G:\Unity饥荒\项目\Unity类饥荒3D生存-课堂\Assets\JKFrame\Scripts\0.Lib\0.Plugins\Sirenix\Assemblies\Sirenix.OdinInspector.Editor.dll
Symbol file LoadedFromMemory doesn't match image G:\Unity饥荒\项目\Unity类饥荒3D生存-课堂\Assets\JKFrame\Scripts\0.Lib\0.Plugins\Sirenix\Assemblies\Sirenix.OdinInspector.Attributes.dll
Symbol file LoadedFromMemory doesn't match image G:\Unity饥荒\项目\Unity类饥荒3D生存-课堂\Library\PackageCache\com.unity.visualscripting@1.7.6\Editor\VisualScripting.Core\Dependencies\DotNetZip\Unity.VisualScripting.IonicZip.dll
Symbol file LoadedFromMemory doesn't match image G:\Unity饥荒\项目\Unity类饥荒3D生存-课堂\Assets\JKFrame\Scripts\0.Lib\0.Plugins\Sirenix\Assemblies\Sirenix.Serialization.Config.dll
Symbol file LoadedFromMemory doesn't match image G:\Unity饥荒\项目\Unity类饥荒3D生存-课堂\Assets\JKFrame\Scripts\0.Lib\0.Plugins\Sirenix\Assemblies\Sirenix.Utilities.dll
Symbol file LoadedFromMemory doesn't match image G:\Unity饥荒\项目\Unity类饥荒3D生存-课堂\Assets\JKFrame\Scripts\0.Lib\0.Plugins\Sirenix\Assemblies\Sirenix.Serialization.dll
Symbol file LoadedFromMemory doesn't match image G:\Unity饥荒\项目\Unity类饥荒3D生存-课堂\Assets\JKFrame\Scripts\0.Lib\0.Plugins\Sirenix\Assemblies\Sirenix.Utilities.Editor.dll
Native extension for WindowsStandalone target not found
Refreshing native plugins compatible for Editor in 0.64 ms, found 3 plugins.
Preloading 0 native plugins for Editor in 0.00 ms.
Mono: successfully reloaded assembly
- Completed reload, in  4.726 seconds
Domain Reload Profiling:
	ReloadAssembly (4727ms)
		BeginReloadAssembly (173ms)
			ExecutionOrderSort (0ms)
			DisableScriptedObjects (7ms)
			BackupInstance (0ms)
			ReleaseScriptingObjects (0ms)
			CreateAndSetChildDomain (45ms)
		EndReloadAssembly (4436ms)
			LoadAssemblies (119ms)
			RebuildTransferFunctionScriptingTraits (0ms)
			SetupTypeCache (254ms)
			ReleaseScriptCaches (1ms)
			RebuildScriptCaches (41ms)
			SetupLoadedEditorAssemblies (3303ms)
				LogAssemblyErrors (0ms)
				InitializePlatformSupportModulesInManaged (12ms)
				SetLoadedEditorAssemblies (0ms)
				RefreshPlugins (1ms)
				BeforeProcessingInitializeOnLoad (165ms)
				ProcessInitializeOnLoadAttributes (2853ms)
				ProcessInitializeOnLoadMethodAttributes (251ms)
				AfterProcessingInitializeOnLoad (21ms)
				EditorAssembliesLoaded (1ms)
			ExecutionOrderSort2 (0ms)
			AwakeInstancesAfterBackupRestoration (167ms)
Platform modules already initialized, skipping
Refreshing native plugins compatible for Editor in 0.65 ms, found 3 plugins.
Preloading 0 native plugins for Editor in 0.00 ms.
Unloading 3378 Unused Serialized files (Serialized files now loaded: 0)
Unloading 43 unused Assets / (1.3 MB). Loaded Objects now: 3993.
Memory consumption went from 137.0 MB to 135.7 MB.
Total: 31.059900 ms (FindLiveObjects: 0.882700 ms CreateObjectMapping: 0.746800 ms MarkObjects: 28.168000 ms  DeleteObjects: 1.260200 ms)

AssetImportParameters requested are different than current active one (requested -> active):
  custom:video-decoder-ogg-theora: a1e56fd34408186e4bbccfd4996cb3dc -> 
  custom:container-muxer-webm: aa71ff27fc2769a1b78a27578f13a17b -> 
  custom:container-demuxer-webm: 4f35f7cbe854078d1ac9338744f61a02 -> 
  custom:video-encoder-webm-vp8: eb34c28f22e8b96e1ab97ce403110664 -> 
  custom:audio-encoder-webm-vorbis: bf7c407c2cedff20999df2af8eb42d56 -> 
  custom:framework-win-MediaFoundation: 216162199b28c13a410421893ffa2e32 -> 
  custom:container-demuxer-ogg: 62fdf1f143b41e24485cea50d1cbac27 -> 
  custom:video-decoder-webm-vp8: 9c59270c3fd7afecdb556c50c9e8de78 -> 
  custom:audio-decoder-ogg-vorbis: bf7c407c2cedff20999df2af8eb42d56 -> 
========================================================================
Received Prepare
Registering precompiled user dll's ...
Registered in 0.072547 seconds.
Begin MonoManager ReloadAssembly
Symbol file LoadedFromMemory doesn't match image G:\Unity饥荒\项目\Unity类饥荒3D生存-课堂\Library\PackageCache\com.unity.visualscripting@1.7.6\Editor\VisualScripting.Core\Dependencies\YamlDotNet\Unity.VisualScripting.YamlDotNet.dll
Symbol file LoadedFromMemory doesn't match image G:\Unity饥荒\项目\Unity类饥荒3D生存-课堂\Assets\JKFrame\Scripts\0.Lib\0.Plugins\Sirenix\Assemblies\Sirenix.OdinInspector.Editor.dll
Symbol file LoadedFromMemory doesn't match image G:\Unity饥荒\项目\Unity类饥荒3D生存-课堂\Assets\JKFrame\Scripts\0.Lib\0.Plugins\Sirenix\Assemblies\Sirenix.OdinInspector.Attributes.dll
Symbol file LoadedFromMemory doesn't match image G:\Unity饥荒\项目\Unity类饥荒3D生存-课堂\Library\PackageCache\com.unity.visualscripting@1.7.6\Editor\VisualScripting.Core\Dependencies\DotNetZip\Unity.VisualScripting.IonicZip.dll
Symbol file LoadedFromMemory doesn't match image G:\Unity饥荒\项目\Unity类饥荒3D生存-课堂\Assets\JKFrame\Scripts\0.Lib\0.Plugins\Sirenix\Assemblies\Sirenix.Serialization.Config.dll
Symbol file LoadedFromMemory doesn't match image G:\Unity饥荒\项目\Unity类饥荒3D生存-课堂\Assets\JKFrame\Scripts\0.Lib\0.Plugins\Sirenix\Assemblies\Sirenix.Utilities.dll
Symbol file LoadedFromMemory doesn't match image G:\Unity饥荒\项目\Unity类饥荒3D生存-课堂\Assets\JKFrame\Scripts\0.Lib\0.Plugins\Sirenix\Assemblies\Sirenix.Serialization.dll
Symbol file LoadedFromMemory doesn't match image G:\Unity饥荒\项目\Unity类饥荒3D生存-课堂\Assets\JKFrame\Scripts\0.Lib\0.Plugins\Sirenix\Assemblies\Sirenix.Utilities.Editor.dll
Native extension for WindowsStandalone target not found
Refreshing native plugins compatible for Editor in 0.64 ms, found 3 plugins.
Preloading 0 native plugins for Editor in 0.00 ms.
Mono: successfully reloaded assembly
- Completed reload, in  2.409 seconds
Domain Reload Profiling:
	ReloadAssembly (2410ms)
		BeginReloadAssembly (192ms)
			ExecutionOrderSort (0ms)
			DisableScriptedObjects (8ms)
			BackupInstance (0ms)
			ReleaseScriptingObjects (0ms)
			CreateAndSetChildDomain (51ms)
		EndReloadAssembly (2095ms)
			LoadAssemblies (122ms)
			RebuildTransferFunctionScriptingTraits (0ms)
			SetupTypeCache (264ms)
			ReleaseScriptCaches (1ms)
			RebuildScriptCaches (42ms)
			SetupLoadedEditorAssemblies (1442ms)
				LogAssemblyErrors (0ms)
				InitializePlatformSupportModulesInManaged (12ms)
				SetLoadedEditorAssemblies (0ms)
				RefreshPlugins (1ms)
				BeforeProcessingInitializeOnLoad (155ms)
				ProcessInitializeOnLoadAttributes (1178ms)
				ProcessInitializeOnLoadMethodAttributes (76ms)
				AfterProcessingInitializeOnLoad (18ms)
				EditorAssembliesLoaded (3ms)
			ExecutionOrderSort2 (0ms)
			AwakeInstancesAfterBackupRestoration (55ms)
Platform modules already initialized, skipping
Refreshing native plugins compatible for Editor in 0.64 ms, found 3 plugins.
Preloading 0 native plugins for Editor in 0.00 ms.
Unloading 3378 Unused Serialized files (Serialized files now loaded: 0)
Unloading 43 unused Assets / (1.3 MB). Loaded Objects now: 3995.
Memory consumption went from 137.1 MB to 135.8 MB.
Total: 17.929600 ms (FindLiveObjects: 0.339400 ms CreateObjectMapping: 0.226600 ms MarkObjects: 17.091800 ms  DeleteObjects: 0.270500 ms)

AssetImportParameters requested are different than current active one (requested -> active):
  custom:video-decoder-ogg-theora: a1e56fd34408186e4bbccfd4996cb3dc -> 
  custom:container-muxer-webm: aa71ff27fc2769a1b78a27578f13a17b -> 
  custom:container-demuxer-webm: 4f35f7cbe854078d1ac9338744f61a02 -> 
  custom:video-encoder-webm-vp8: eb34c28f22e8b96e1ab97ce403110664 -> 
  custom:audio-encoder-webm-vorbis: bf7c407c2cedff20999df2af8eb42d56 -> 
  custom:framework-win-MediaFoundation: 216162199b28c13a410421893ffa2e32 -> 
  custom:container-demuxer-ogg: 62fdf1f143b41e24485cea50d1cbac27 -> 
  custom:video-decoder-webm-vp8: 9c59270c3fd7afecdb556c50c9e8de78 -> 
  custom:audio-decoder-ogg-vorbis: bf7c407c2cedff20999df2af8eb42d56 -> 
========================================================================
Received Import Request.
  Time since last request: 2152.048215 seconds.
  path: Assets/Resources/UI/UI_MapWindow.prefab
  artifactKey: Guid(1283cf784bd844248929a02aca52edb9) Importer(815301076,1909f56bfc062723c751e8b465ee728b)
Start importing Assets/Resources/UI/UI_MapWindow.prefab using Guid(1283cf784bd844248929a02aca52edb9) Importer(815301076,1909f56bfc062723c751e8b465ee728b)  -> (artifact id: 'cd44c30dece5814abdd2736ab3515276') in 0.048845 seconds 
========================================================================
Received Prepare
Registering precompiled user dll's ...
Registered in 0.031249 seconds.
Begin MonoManager ReloadAssembly
Symbol file LoadedFromMemory doesn't match image G:\Unity饥荒\项目\Unity类饥荒3D生存-课堂\Library\PackageCache\com.unity.visualscripting@1.7.6\Editor\VisualScripting.Core\Dependencies\YamlDotNet\Unity.VisualScripting.YamlDotNet.dll
Symbol file LoadedFromMemory doesn't match image G:\Unity饥荒\项目\Unity类饥荒3D生存-课堂\Assets\JKFrame\Scripts\0.Lib\0.Plugins\Sirenix\Assemblies\Sirenix.OdinInspector.Editor.dll
Symbol file LoadedFromMemory doesn't match image G:\Unity饥荒\项目\Unity类饥荒3D生存-课堂\Assets\JKFrame\Scripts\0.Lib\0.Plugins\Sirenix\Assemblies\Sirenix.OdinInspector.Attributes.dll
Symbol file LoadedFromMemory doesn't match image G:\Unity饥荒\项目\Unity类饥荒3D生存-课堂\Library\PackageCache\com.unity.visualscripting@1.7.6\Editor\VisualScripting.Core\Dependencies\DotNetZip\Unity.VisualScripting.IonicZip.dll
Symbol file LoadedFromMemory doesn't match image G:\Unity饥荒\项目\Unity类饥荒3D生存-课堂\Assets\JKFrame\Scripts\0.Lib\0.Plugins\Sirenix\Assemblies\Sirenix.Serialization.Config.dll
Symbol file LoadedFromMemory doesn't match image G:\Unity饥荒\项目\Unity类饥荒3D生存-课堂\Assets\JKFrame\Scripts\0.Lib\0.Plugins\Sirenix\Assemblies\Sirenix.Utilities.dll
Symbol file LoadedFromMemory doesn't match image G:\Unity饥荒\项目\Unity类饥荒3D生存-课堂\Assets\JKFrame\Scripts\0.Lib\0.Plugins\Sirenix\Assemblies\Sirenix.Serialization.dll
Symbol file LoadedFromMemory doesn't match image G:\Unity饥荒\项目\Unity类饥荒3D生存-课堂\Assets\JKFrame\Scripts\0.Lib\0.Plugins\Sirenix\Assemblies\Sirenix.Utilities.Editor.dll
Native extension for WindowsStandalone target not found
Refreshing native plugins compatible for Editor in 0.66 ms, found 3 plugins.
Preloading 0 native plugins for Editor in 0.00 ms.
Mono: successfully reloaded assembly
- Completed reload, in  2.918 seconds
Domain Reload Profiling:
	ReloadAssembly (2920ms)
		BeginReloadAssembly (187ms)
			ExecutionOrderSort (0ms)
			DisableScriptedObjects (7ms)
			BackupInstance (0ms)
			ReleaseScriptingObjects (0ms)
			CreateAndSetChildDomain (53ms)
		EndReloadAssembly (2611ms)
			LoadAssemblies (132ms)
			RebuildTransferFunctionScriptingTraits (0ms)
			SetupTypeCache (260ms)
			ReleaseScriptCaches (1ms)
			RebuildScriptCaches (43ms)
			SetupLoadedEditorAssemblies (2054ms)
				LogAssemblyErrors (0ms)
				InitializePlatformSupportModulesInManaged (12ms)
				SetLoadedEditorAssemblies (0ms)
				RefreshPlugins (1ms)
				BeforeProcessingInitializeOnLoad (232ms)
				ProcessInitializeOnLoadAttributes (1705ms)
				ProcessInitializeOnLoadMethodAttributes (88ms)
				AfterProcessingInitializeOnLoad (16ms)
				EditorAssembliesLoaded (0ms)
			ExecutionOrderSort2 (0ms)
			AwakeInstancesAfterBackupRestoration (42ms)
Platform modules already initialized, skipping
Refreshing native plugins compatible for Editor in 0.81 ms, found 3 plugins.
Preloading 0 native plugins for Editor in 0.00 ms.
Unloading 3378 Unused Serialized files (Serialized files now loaded: 0)
Unloading 45 unused Assets / (1.3 MB). Loaded Objects now: 3997.
Memory consumption went from 137.1 MB to 135.8 MB.
Total: 20.301700 ms (FindLiveObjects: 0.366000 ms CreateObjectMapping: 0.234200 ms MarkObjects: 19.405800 ms  DeleteObjects: 0.294200 ms)

AssetImportParameters requested are different than current active one (requested -> active):
  custom:video-decoder-ogg-theora: a1e56fd34408186e4bbccfd4996cb3dc -> 
  custom:container-muxer-webm: aa71ff27fc2769a1b78a27578f13a17b -> 
  custom:container-demuxer-webm: 4f35f7cbe854078d1ac9338744f61a02 -> 
  custom:video-encoder-webm-vp8: eb34c28f22e8b96e1ab97ce403110664 -> 
  custom:audio-encoder-webm-vorbis: bf7c407c2cedff20999df2af8eb42d56 -> 
  custom:framework-win-MediaFoundation: 216162199b28c13a410421893ffa2e32 -> 
  custom:container-demuxer-ogg: 62fdf1f143b41e24485cea50d1cbac27 -> 
  custom:video-decoder-webm-vp8: 9c59270c3fd7afecdb556c50c9e8de78 -> 
  custom:audio-decoder-ogg-vorbis: bf7c407c2cedff20999df2af8eb42d56 -> 
========================================================================
Received Prepare
Registering precompiled user dll's ...
Registered in 0.031223 seconds.
Begin MonoManager ReloadAssembly
Symbol file LoadedFromMemory doesn't match image G:\Unity饥荒\项目\Unity类饥荒3D生存-课堂\Library\PackageCache\com.unity.visualscripting@1.7.6\Editor\VisualScripting.Core\Dependencies\YamlDotNet\Unity.VisualScripting.YamlDotNet.dll
Symbol file LoadedFromMemory doesn't match image G:\Unity饥荒\项目\Unity类饥荒3D生存-课堂\Assets\JKFrame\Scripts\0.Lib\0.Plugins\Sirenix\Assemblies\Sirenix.OdinInspector.Editor.dll
Symbol file LoadedFromMemory doesn't match image G:\Unity饥荒\项目\Unity类饥荒3D生存-课堂\Assets\JKFrame\Scripts\0.Lib\0.Plugins\Sirenix\Assemblies\Sirenix.OdinInspector.Attributes.dll
Symbol file LoadedFromMemory doesn't match image G:\Unity饥荒\项目\Unity类饥荒3D生存-课堂\Library\PackageCache\com.unity.visualscripting@1.7.6\Editor\VisualScripting.Core\Dependencies\DotNetZip\Unity.VisualScripting.IonicZip.dll
Symbol file LoadedFromMemory doesn't match image G:\Unity饥荒\项目\Unity类饥荒3D生存-课堂\Assets\JKFrame\Scripts\0.Lib\0.Plugins\Sirenix\Assemblies\Sirenix.Serialization.Config.dll
Symbol file LoadedFromMemory doesn't match image G:\Unity饥荒\项目\Unity类饥荒3D生存-课堂\Assets\JKFrame\Scripts\0.Lib\0.Plugins\Sirenix\Assemblies\Sirenix.Utilities.dll
Symbol file LoadedFromMemory doesn't match image G:\Unity饥荒\项目\Unity类饥荒3D生存-课堂\Assets\JKFrame\Scripts\0.Lib\0.Plugins\Sirenix\Assemblies\Sirenix.Serialization.dll
Symbol file LoadedFromMemory doesn't match image G:\Unity饥荒\项目\Unity类饥荒3D生存-课堂\Assets\JKFrame\Scripts\0.Lib\0.Plugins\Sirenix\Assemblies\Sirenix.Utilities.Editor.dll
Native extension for WindowsStandalone target not found
Refreshing native plugins compatible for Editor in 2.14 ms, found 3 plugins.
Preloading 0 native plugins for Editor in 0.00 ms.
Mono: successfully reloaded assembly
- Completed reload, in  5.233 seconds
Domain Reload Profiling:
	ReloadAssembly (5235ms)
		BeginReloadAssembly (171ms)
			ExecutionOrderSort (0ms)
			DisableScriptedObjects (8ms)
			BackupInstance (0ms)
			ReleaseScriptingObjects (0ms)
			CreateAndSetChildDomain (45ms)
		EndReloadAssembly (4947ms)
			LoadAssemblies (117ms)
			RebuildTransferFunctionScriptingTraits (0ms)
			SetupTypeCache (292ms)
			ReleaseScriptCaches (3ms)
			RebuildScriptCaches (53ms)
			SetupLoadedEditorAssemblies (4116ms)
				LogAssemblyErrors (0ms)
				InitializePlatformSupportModulesInManaged (25ms)
				SetLoadedEditorAssemblies (1ms)
				RefreshPlugins (2ms)
				BeforeProcessingInitializeOnLoad (257ms)
				ProcessInitializeOnLoadAttributes (3563ms)
				ProcessInitializeOnLoadMethodAttributes (246ms)
				AfterProcessingInitializeOnLoad (21ms)
				EditorAssembliesLoaded (1ms)
			ExecutionOrderSort2 (0ms)
			AwakeInstancesAfterBackupRestoration (56ms)
Platform modules already initialized, skipping
Refreshing native plugins compatible for Editor in 0.80 ms, found 3 plugins.
Preloading 0 native plugins for Editor in 0.00 ms.
Unloading 3378 Unused Serialized files (Serialized files now loaded: 0)
Unloading 43 unused Assets / (1.3 MB). Loaded Objects now: 3999.
Memory consumption went from 137.1 MB to 135.8 MB.
Total: 27.206300 ms (FindLiveObjects: 0.507800 ms CreateObjectMapping: 0.376500 ms MarkObjects: 25.639700 ms  DeleteObjects: 0.678000 ms)

AssetImportParameters requested are different than current active one (requested -> active):
  custom:video-decoder-ogg-theora: a1e56fd34408186e4bbccfd4996cb3dc -> 
  custom:container-muxer-webm: aa71ff27fc2769a1b78a27578f13a17b -> 
  custom:container-demuxer-webm: 4f35f7cbe854078d1ac9338744f61a02 -> 
  custom:video-encoder-webm-vp8: eb34c28f22e8b96e1ab97ce403110664 -> 
  custom:audio-encoder-webm-vorbis: bf7c407c2cedff20999df2af8eb42d56 -> 
  custom:framework-win-MediaFoundation: 216162199b28c13a410421893ffa2e32 -> 
  custom:container-demuxer-ogg: 62fdf1f143b41e24485cea50d1cbac27 -> 
  custom:video-decoder-webm-vp8: 9c59270c3fd7afecdb556c50c9e8de78 -> 
  custom:audio-decoder-ogg-vorbis: bf7c407c2cedff20999df2af8eb42d56 -> 
========================================================================
Received Prepare
Registering precompiled user dll's ...
Registered in 0.028547 seconds.
Begin MonoManager ReloadAssembly
Symbol file LoadedFromMemory doesn't match image G:\Unity饥荒\项目\Unity类饥荒3D生存-课堂\Library\PackageCache\com.unity.visualscripting@1.7.6\Editor\VisualScripting.Core\Dependencies\YamlDotNet\Unity.VisualScripting.YamlDotNet.dll
Symbol file LoadedFromMemory doesn't match image G:\Unity饥荒\项目\Unity类饥荒3D生存-课堂\Assets\JKFrame\Scripts\0.Lib\0.Plugins\Sirenix\Assemblies\Sirenix.OdinInspector.Editor.dll
Symbol file LoadedFromMemory doesn't match image G:\Unity饥荒\项目\Unity类饥荒3D生存-课堂\Assets\JKFrame\Scripts\0.Lib\0.Plugins\Sirenix\Assemblies\Sirenix.OdinInspector.Attributes.dll
Symbol file LoadedFromMemory doesn't match image G:\Unity饥荒\项目\Unity类饥荒3D生存-课堂\Library\PackageCache\com.unity.visualscripting@1.7.6\Editor\VisualScripting.Core\Dependencies\DotNetZip\Unity.VisualScripting.IonicZip.dll
Symbol file LoadedFromMemory doesn't match image G:\Unity饥荒\项目\Unity类饥荒3D生存-课堂\Assets\JKFrame\Scripts\0.Lib\0.Plugins\Sirenix\Assemblies\Sirenix.Serialization.Config.dll
Symbol file LoadedFromMemory doesn't match image G:\Unity饥荒\项目\Unity类饥荒3D生存-课堂\Assets\JKFrame\Scripts\0.Lib\0.Plugins\Sirenix\Assemblies\Sirenix.Utilities.dll
Symbol file LoadedFromMemory doesn't match image G:\Unity饥荒\项目\Unity类饥荒3D生存-课堂\Assets\JKFrame\Scripts\0.Lib\0.Plugins\Sirenix\Assemblies\Sirenix.Serialization.dll
Symbol file LoadedFromMemory doesn't match image G:\Unity饥荒\项目\Unity类饥荒3D生存-课堂\Assets\JKFrame\Scripts\0.Lib\0.Plugins\Sirenix\Assemblies\Sirenix.Utilities.Editor.dll
Native extension for WindowsStandalone target not found
Refreshing native plugins compatible for Editor in 0.62 ms, found 3 plugins.
Preloading 0 native plugins for Editor in 0.00 ms.
Mono: successfully reloaded assembly
- Completed reload, in  2.676 seconds
Domain Reload Profiling:
	ReloadAssembly (2679ms)
		BeginReloadAssembly (189ms)
			ExecutionOrderSort (0ms)
			DisableScriptedObjects (8ms)
			BackupInstance (0ms)
			ReleaseScriptingObjects (0ms)
			CreateAndSetChildDomain (47ms)
		EndReloadAssembly (2365ms)
			LoadAssemblies (128ms)
			RebuildTransferFunctionScriptingTraits (0ms)
			SetupTypeCache (290ms)
			ReleaseScriptCaches (1ms)
			RebuildScriptCaches (39ms)
			SetupLoadedEditorAssemblies (1793ms)
				LogAssemblyErrors (0ms)
				InitializePlatformSupportModulesInManaged (12ms)
				SetLoadedEditorAssemblies (0ms)
				RefreshPlugins (1ms)
				BeforeProcessingInitializeOnLoad (179ms)
				ProcessInitializeOnLoadAttributes (1514ms)
				ProcessInitializeOnLoadMethodAttributes (71ms)
				AfterProcessingInitializeOnLoad (16ms)
				EditorAssembliesLoaded (0ms)
			ExecutionOrderSort2 (0ms)
			AwakeInstancesAfterBackupRestoration (39ms)
Platform modules already initialized, skipping
Refreshing native plugins compatible for Editor in 0.63 ms, found 3 plugins.
Preloading 0 native plugins for Editor in 0.00 ms.
Unloading 3378 Unused Serialized files (Serialized files now loaded: 0)
Unloading 43 unused Assets / (1.3 MB). Loaded Objects now: 4001.
Memory consumption went from 137.1 MB to 135.8 MB.
Total: 19.628300 ms (FindLiveObjects: 0.362200 ms CreateObjectMapping: 0.253600 ms MarkObjects: 18.707600 ms  DeleteObjects: 0.302800 ms)

AssetImportParameters requested are different than current active one (requested -> active):
  custom:video-decoder-ogg-theora: a1e56fd34408186e4bbccfd4996cb3dc -> 
  custom:container-muxer-webm: aa71ff27fc2769a1b78a27578f13a17b -> 
  custom:container-demuxer-webm: 4f35f7cbe854078d1ac9338744f61a02 -> 
  custom:video-encoder-webm-vp8: eb34c28f22e8b96e1ab97ce403110664 -> 
  custom:audio-encoder-webm-vorbis: bf7c407c2cedff20999df2af8eb42d56 -> 
  custom:framework-win-MediaFoundation: 216162199b28c13a410421893ffa2e32 -> 
  custom:container-demuxer-ogg: 62fdf1f143b41e24485cea50d1cbac27 -> 
  custom:video-decoder-webm-vp8: 9c59270c3fd7afecdb556c50c9e8de78 -> 
  custom:audio-decoder-ogg-vorbis: bf7c407c2cedff20999df2af8eb42d56 -> 
========================================================================
Received Prepare
Registering precompiled user dll's ...
Registered in 0.029164 seconds.
Begin MonoManager ReloadAssembly
Symbol file LoadedFromMemory doesn't match image G:\Unity饥荒\项目\Unity类饥荒3D生存-课堂\Library\PackageCache\com.unity.visualscripting@1.7.6\Editor\VisualScripting.Core\Dependencies\YamlDotNet\Unity.VisualScripting.YamlDotNet.dll
Symbol file LoadedFromMemory doesn't match image G:\Unity饥荒\项目\Unity类饥荒3D生存-课堂\Assets\JKFrame\Scripts\0.Lib\0.Plugins\Sirenix\Assemblies\Sirenix.OdinInspector.Editor.dll
Symbol file LoadedFromMemory doesn't match image G:\Unity饥荒\项目\Unity类饥荒3D生存-课堂\Assets\JKFrame\Scripts\0.Lib\0.Plugins\Sirenix\Assemblies\Sirenix.OdinInspector.Attributes.dll
Symbol file LoadedFromMemory doesn't match image G:\Unity饥荒\项目\Unity类饥荒3D生存-课堂\Library\PackageCache\com.unity.visualscripting@1.7.6\Editor\VisualScripting.Core\Dependencies\DotNetZip\Unity.VisualScripting.IonicZip.dll
Symbol file LoadedFromMemory doesn't match image G:\Unity饥荒\项目\Unity类饥荒3D生存-课堂\Assets\JKFrame\Scripts\0.Lib\0.Plugins\Sirenix\Assemblies\Sirenix.Serialization.Config.dll
Symbol file LoadedFromMemory doesn't match image G:\Unity饥荒\项目\Unity类饥荒3D生存-课堂\Assets\JKFrame\Scripts\0.Lib\0.Plugins\Sirenix\Assemblies\Sirenix.Utilities.dll
Symbol file LoadedFromMemory doesn't match image G:\Unity饥荒\项目\Unity类饥荒3D生存-课堂\Assets\JKFrame\Scripts\0.Lib\0.Plugins\Sirenix\Assemblies\Sirenix.Serialization.dll
Symbol file LoadedFromMemory doesn't match image G:\Unity饥荒\项目\Unity类饥荒3D生存-课堂\Assets\JKFrame\Scripts\0.Lib\0.Plugins\Sirenix\Assemblies\Sirenix.Utilities.Editor.dll
Native extension for WindowsStandalone target not found
Refreshing native plugins compatible for Editor in 1.01 ms, found 3 plugins.
Preloading 0 native plugins for Editor in 0.00 ms.
Mono: successfully reloaded assembly
- Completed reload, in  5.049 seconds
Domain Reload Profiling:
	ReloadAssembly (5049ms)
		BeginReloadAssembly (185ms)
			ExecutionOrderSort (0ms)
			DisableScriptedObjects (7ms)
			BackupInstance (0ms)
			ReleaseScriptingObjects (0ms)
			CreateAndSetChildDomain (44ms)
		EndReloadAssembly (4741ms)
			LoadAssemblies (127ms)
			RebuildTransferFunctionScriptingTraits (0ms)
			SetupTypeCache (299ms)
			ReleaseScriptCaches (1ms)
			RebuildScriptCaches (46ms)
			SetupLoadedEditorAssemblies (3629ms)
				LogAssemblyErrors (0ms)
				InitializePlatformSupportModulesInManaged (19ms)
				SetLoadedEditorAssemblies (1ms)
				RefreshPlugins (1ms)
				BeforeProcessingInitializeOnLoad (229ms)
				ProcessInitializeOnLoadAttributes (3087ms)
				ProcessInitializeOnLoadMethodAttributes (256ms)
				AfterProcessingInitializeOnLoad (29ms)
				EditorAssembliesLoaded (6ms)
			ExecutionOrderSort2 (0ms)
			AwakeInstancesAfterBackupRestoration (151ms)
Platform modules already initialized, skipping
Refreshing native plugins compatible for Editor in 1.06 ms, found 3 plugins.
Preloading 0 native plugins for Editor in 0.00 ms.
Unloading 3378 Unused Serialized files (Serialized files now loaded: 0)
Unloading 43 unused Assets / (1.3 MB). Loaded Objects now: 4003.
Memory consumption went from 137.1 MB to 135.8 MB.
Total: 27.247600 ms (FindLiveObjects: 0.594400 ms CreateObjectMapping: 0.472900 ms MarkObjects: 25.248500 ms  DeleteObjects: 0.928900 ms)

AssetImportParameters requested are different than current active one (requested -> active):
  custom:video-decoder-ogg-theora: a1e56fd34408186e4bbccfd4996cb3dc -> 
  custom:container-muxer-webm: aa71ff27fc2769a1b78a27578f13a17b -> 
  custom:container-demuxer-webm: 4f35f7cbe854078d1ac9338744f61a02 -> 
  custom:video-encoder-webm-vp8: eb34c28f22e8b96e1ab97ce403110664 -> 
  custom:audio-encoder-webm-vorbis: bf7c407c2cedff20999df2af8eb42d56 -> 
  custom:framework-win-MediaFoundation: 216162199b28c13a410421893ffa2e32 -> 
  custom:container-demuxer-ogg: 62fdf1f143b41e24485cea50d1cbac27 -> 
  custom:video-decoder-webm-vp8: 9c59270c3fd7afecdb556c50c9e8de78 -> 
  custom:audio-decoder-ogg-vorbis: bf7c407c2cedff20999df2af8eb42d56 -> 
========================================================================
Received Prepare
Registering precompiled user dll's ...
Registered in 0.032084 seconds.
Begin MonoManager ReloadAssembly
Symbol file LoadedFromMemory doesn't match image G:\Unity饥荒\项目\Unity类饥荒3D生存-课堂\Library\PackageCache\com.unity.visualscripting@1.7.6\Editor\VisualScripting.Core\Dependencies\YamlDotNet\Unity.VisualScripting.YamlDotNet.dll
Symbol file LoadedFromMemory doesn't match image G:\Unity饥荒\项目\Unity类饥荒3D生存-课堂\Assets\JKFrame\Scripts\0.Lib\0.Plugins\Sirenix\Assemblies\Sirenix.OdinInspector.Editor.dll
Symbol file LoadedFromMemory doesn't match image G:\Unity饥荒\项目\Unity类饥荒3D生存-课堂\Assets\JKFrame\Scripts\0.Lib\0.Plugins\Sirenix\Assemblies\Sirenix.OdinInspector.Attributes.dll
Symbol file LoadedFromMemory doesn't match image G:\Unity饥荒\项目\Unity类饥荒3D生存-课堂\Library\PackageCache\com.unity.visualscripting@1.7.6\Editor\VisualScripting.Core\Dependencies\DotNetZip\Unity.VisualScripting.IonicZip.dll
Symbol file LoadedFromMemory doesn't match image G:\Unity饥荒\项目\Unity类饥荒3D生存-课堂\Assets\JKFrame\Scripts\0.Lib\0.Plugins\Sirenix\Assemblies\Sirenix.Serialization.Config.dll
Symbol file LoadedFromMemory doesn't match image G:\Unity饥荒\项目\Unity类饥荒3D生存-课堂\Assets\JKFrame\Scripts\0.Lib\0.Plugins\Sirenix\Assemblies\Sirenix.Utilities.dll
Symbol file LoadedFromMemory doesn't match image G:\Unity饥荒\项目\Unity类饥荒3D生存-课堂\Assets\JKFrame\Scripts\0.Lib\0.Plugins\Sirenix\Assemblies\Sirenix.Serialization.dll
Symbol file LoadedFromMemory doesn't match image G:\Unity饥荒\项目\Unity类饥荒3D生存-课堂\Assets\JKFrame\Scripts\0.Lib\0.Plugins\Sirenix\Assemblies\Sirenix.Utilities.Editor.dll
Native extension for WindowsStandalone target not found
Refreshing native plugins compatible for Editor in 0.88 ms, found 3 plugins.
Preloading 0 native plugins for Editor in 0.00 ms.
Mono: successfully reloaded assembly
- Completed reload, in  4.461 seconds
Domain Reload Profiling:
	ReloadAssembly (4462ms)
		BeginReloadAssembly (188ms)
			ExecutionOrderSort (0ms)
			DisableScriptedObjects (8ms)
			BackupInstance (0ms)
			ReleaseScriptingObjects (0ms)
			CreateAndSetChildDomain (52ms)
		EndReloadAssembly (4099ms)
			LoadAssemblies (126ms)
			RebuildTransferFunctionScriptingTraits (0ms)
			SetupTypeCache (266ms)
			ReleaseScriptCaches (1ms)
			RebuildScriptCaches (54ms)
			SetupLoadedEditorAssemblies (3266ms)
				LogAssemblyErrors (0ms)
				InitializePlatformSupportModulesInManaged (15ms)
				SetLoadedEditorAssemblies (0ms)
				RefreshPlugins (1ms)
				BeforeProcessingInitializeOnLoad (176ms)
				ProcessInitializeOnLoadAttributes (2917ms)
				ProcessInitializeOnLoadMethodAttributes (134ms)
				AfterProcessingInitializeOnLoad (22ms)
				EditorAssembliesLoaded (0ms)
			ExecutionOrderSort2 (0ms)
			AwakeInstancesAfterBackupRestoration (102ms)
Platform modules already initialized, skipping
Refreshing native plugins compatible for Editor in 1.63 ms, found 3 plugins.
Preloading 0 native plugins for Editor in 0.00 ms.
Unloading 3378 Unused Serialized files (Serialized files now loaded: 0)
Unloading 43 unused Assets / (1.3 MB). Loaded Objects now: 4005.
Memory consumption went from 137.1 MB to 135.8 MB.
Total: 25.224900 ms (FindLiveObjects: 0.380200 ms CreateObjectMapping: 0.476400 ms MarkObjects: 24.045400 ms  DeleteObjects: 0.320700 ms)

AssetImportParameters requested are different than current active one (requested -> active):
  custom:video-decoder-ogg-theora: a1e56fd34408186e4bbccfd4996cb3dc -> 
  custom:container-muxer-webm: aa71ff27fc2769a1b78a27578f13a17b -> 
  custom:container-demuxer-webm: 4f35f7cbe854078d1ac9338744f61a02 -> 
  custom:video-encoder-webm-vp8: eb34c28f22e8b96e1ab97ce403110664 -> 
  custom:audio-encoder-webm-vorbis: bf7c407c2cedff20999df2af8eb42d56 -> 
  custom:framework-win-MediaFoundation: 216162199b28c13a410421893ffa2e32 -> 
  custom:container-demuxer-ogg: 62fdf1f143b41e24485cea50d1cbac27 -> 
  custom:video-decoder-webm-vp8: 9c59270c3fd7afecdb556c50c9e8de78 -> 
  custom:audio-decoder-ogg-vorbis: bf7c407c2cedff20999df2af8eb42d56 -> 
========================================================================
Received Prepare
Registering precompiled user dll's ...
Registered in 0.029710 seconds.
Begin MonoManager ReloadAssembly
Symbol file LoadedFromMemory doesn't match image G:\Unity饥荒\项目\Unity类饥荒3D生存-课堂\Library\PackageCache\com.unity.visualscripting@1.7.6\Editor\VisualScripting.Core\Dependencies\YamlDotNet\Unity.VisualScripting.YamlDotNet.dll
Symbol file LoadedFromMemory doesn't match image G:\Unity饥荒\项目\Unity类饥荒3D生存-课堂\Assets\JKFrame\Scripts\0.Lib\0.Plugins\Sirenix\Assemblies\Sirenix.OdinInspector.Editor.dll
Symbol file LoadedFromMemory doesn't match image G:\Unity饥荒\项目\Unity类饥荒3D生存-课堂\Assets\JKFrame\Scripts\0.Lib\0.Plugins\Sirenix\Assemblies\Sirenix.OdinInspector.Attributes.dll
Symbol file LoadedFromMemory doesn't match image G:\Unity饥荒\项目\Unity类饥荒3D生存-课堂\Library\PackageCache\com.unity.visualscripting@1.7.6\Editor\VisualScripting.Core\Dependencies\DotNetZip\Unity.VisualScripting.IonicZip.dll
Symbol file LoadedFromMemory doesn't match image G:\Unity饥荒\项目\Unity类饥荒3D生存-课堂\Assets\JKFrame\Scripts\0.Lib\0.Plugins\Sirenix\Assemblies\Sirenix.Serialization.Config.dll
Symbol file LoadedFromMemory doesn't match image G:\Unity饥荒\项目\Unity类饥荒3D生存-课堂\Assets\JKFrame\Scripts\0.Lib\0.Plugins\Sirenix\Assemblies\Sirenix.Utilities.dll
Symbol file LoadedFromMemory doesn't match image G:\Unity饥荒\项目\Unity类饥荒3D生存-课堂\Assets\JKFrame\Scripts\0.Lib\0.Plugins\Sirenix\Assemblies\Sirenix.Serialization.dll
Symbol file LoadedFromMemory doesn't match image G:\Unity饥荒\项目\Unity类饥荒3D生存-课堂\Assets\JKFrame\Scripts\0.Lib\0.Plugins\Sirenix\Assemblies\Sirenix.Utilities.Editor.dll
Native extension for WindowsStandalone target not found
Refreshing native plugins compatible for Editor in 0.64 ms, found 3 plugins.
Preloading 0 native plugins for Editor in 0.00 ms.
Mono: successfully reloaded assembly
- Completed reload, in  3.086 seconds
Domain Reload Profiling:
	ReloadAssembly (3088ms)
		BeginReloadAssembly (171ms)
			ExecutionOrderSort (0ms)
			DisableScriptedObjects (8ms)
			BackupInstance (0ms)
			ReleaseScriptingObjects (0ms)
			CreateAndSetChildDomain (45ms)
		EndReloadAssembly (2799ms)
			LoadAssemblies (114ms)
			RebuildTransferFunctionScriptingTraits (0ms)
			SetupTypeCache (264ms)
			ReleaseScriptCaches (2ms)
			RebuildScriptCaches (42ms)
			SetupLoadedEditorAssemblies (2240ms)
				LogAssemblyErrors (0ms)
				InitializePlatformSupportModulesInManaged (15ms)
				SetLoadedEditorAssemblies (0ms)
				RefreshPlugins (1ms)
				BeforeProcessingInitializeOnLoad (164ms)
				ProcessInitializeOnLoadAttributes (1711ms)
				ProcessInitializeOnLoadMethodAttributes (325ms)
				AfterProcessingInitializeOnLoad (23ms)
				EditorAssembliesLoaded (0ms)
			ExecutionOrderSort2 (0ms)
			AwakeInstancesAfterBackupRestoration (26ms)
Platform modules already initialized, skipping
Refreshing native plugins compatible for Editor in 0.92 ms, found 3 plugins.
Preloading 0 native plugins for Editor in 0.00 ms.
Unloading 3378 Unused Serialized files (Serialized files now loaded: 0)
Unloading 43 unused Assets / (1.3 MB). Loaded Objects now: 4007.
Memory consumption went from 137.1 MB to 135.8 MB.
Total: 22.723000 ms (FindLiveObjects: 0.383600 ms CreateObjectMapping: 0.452900 ms MarkObjects: 21.106700 ms  DeleteObjects: 0.777300 ms)

AssetImportParameters requested are different than current active one (requested -> active):
  custom:video-decoder-ogg-theora: a1e56fd34408186e4bbccfd4996cb3dc -> 
  custom:container-muxer-webm: aa71ff27fc2769a1b78a27578f13a17b -> 
  custom:container-demuxer-webm: 4f35f7cbe854078d1ac9338744f61a02 -> 
  custom:video-encoder-webm-vp8: eb34c28f22e8b96e1ab97ce403110664 -> 
  custom:audio-encoder-webm-vorbis: bf7c407c2cedff20999df2af8eb42d56 -> 
  custom:framework-win-MediaFoundation: 216162199b28c13a410421893ffa2e32 -> 
  custom:container-demuxer-ogg: 62fdf1f143b41e24485cea50d1cbac27 -> 
  custom:video-decoder-webm-vp8: 9c59270c3fd7afecdb556c50c9e8de78 -> 
  custom:audio-decoder-ogg-vorbis: bf7c407c2cedff20999df2af8eb42d56 -> 
========================================================================
Received Import Request.
  Time since last request: 1218.871909 seconds.
  path: Assets/Resources/UI/UI_MapWindow.prefab
  artifactKey: Guid(1283cf784bd844248929a02aca52edb9) Importer(815301076,1909f56bfc062723c751e8b465ee728b)
Start importing Assets/Resources/UI/UI_MapWindow.prefab using Guid(1283cf784bd844248929a02aca52edb9) Importer(815301076,1909f56bfc062723c751e8b465ee728b)  -> (artifact id: 'da00536b6be8fbd943ede66107fcea0d') in 0.053980 seconds 
========================================================================
Received Prepare
Registering precompiled user dll's ...
Registered in 0.027017 seconds.
Begin MonoManager ReloadAssembly
Symbol file LoadedFromMemory doesn't match image G:\Unity饥荒\项目\Unity类饥荒3D生存-课堂\Library\PackageCache\com.unity.visualscripting@1.7.6\Editor\VisualScripting.Core\Dependencies\YamlDotNet\Unity.VisualScripting.YamlDotNet.dll
Symbol file LoadedFromMemory doesn't match image G:\Unity饥荒\项目\Unity类饥荒3D生存-课堂\Assets\JKFrame\Scripts\0.Lib\0.Plugins\Sirenix\Assemblies\Sirenix.OdinInspector.Editor.dll
Symbol file LoadedFromMemory doesn't match image G:\Unity饥荒\项目\Unity类饥荒3D生存-课堂\Assets\JKFrame\Scripts\0.Lib\0.Plugins\Sirenix\Assemblies\Sirenix.OdinInspector.Attributes.dll
Symbol file LoadedFromMemory doesn't match image G:\Unity饥荒\项目\Unity类饥荒3D生存-课堂\Library\PackageCache\com.unity.visualscripting@1.7.6\Editor\VisualScripting.Core\Dependencies\DotNetZip\Unity.VisualScripting.IonicZip.dll
Symbol file LoadedFromMemory doesn't match image G:\Unity饥荒\项目\Unity类饥荒3D生存-课堂\Assets\JKFrame\Scripts\0.Lib\0.Plugins\Sirenix\Assemblies\Sirenix.Serialization.Config.dll
Symbol file LoadedFromMemory doesn't match image G:\Unity饥荒\项目\Unity类饥荒3D生存-课堂\Assets\JKFrame\Scripts\0.Lib\0.Plugins\Sirenix\Assemblies\Sirenix.Utilities.dll
Symbol file LoadedFromMemory doesn't match image G:\Unity饥荒\项目\Unity类饥荒3D生存-课堂\Assets\JKFrame\Scripts\0.Lib\0.Plugins\Sirenix\Assemblies\Sirenix.Serialization.dll
Symbol file LoadedFromMemory doesn't match image G:\Unity饥荒\项目\Unity类饥荒3D生存-课堂\Assets\JKFrame\Scripts\0.Lib\0.Plugins\Sirenix\Assemblies\Sirenix.Utilities.Editor.dll
Native extension for WindowsStandalone target not found
Refreshing native plugins compatible for Editor in 0.69 ms, found 3 plugins.
Preloading 0 native plugins for Editor in 0.00 ms.
Mono: successfully reloaded assembly
- Completed reload, in  3.439 seconds
Domain Reload Profiling:
	ReloadAssembly (3442ms)
		BeginReloadAssembly (178ms)
			ExecutionOrderSort (0ms)
			DisableScriptedObjects (7ms)
			BackupInstance (0ms)
			ReleaseScriptingObjects (0ms)
			CreateAndSetChildDomain (46ms)
		EndReloadAssembly (3145ms)
			LoadAssemblies (119ms)
			RebuildTransferFunctionScriptingTraits (0ms)
			SetupTypeCache (253ms)
			ReleaseScriptCaches (1ms)
			RebuildScriptCaches (48ms)
			SetupLoadedEditorAssemblies (2561ms)
				LogAssemblyErrors (0ms)
				InitializePlatformSupportModulesInManaged (13ms)
				SetLoadedEditorAssemblies (0ms)
				RefreshPlugins (1ms)
				BeforeProcessingInitializeOnLoad (172ms)
				ProcessInitializeOnLoadAttributes (1885ms)
				ProcessInitializeOnLoadMethodAttributes (470ms)
				AfterProcessingInitializeOnLoad (20ms)
				EditorAssembliesLoaded (0ms)
			ExecutionOrderSort2 (0ms)
			AwakeInstancesAfterBackupRestoration (28ms)
Platform modules already initialized, skipping
Refreshing native plugins compatible for Editor in 1.33 ms, found 3 plugins.
Preloading 0 native plugins for Editor in 0.00 ms.
Unloading 3378 Unused Serialized files (Serialized files now loaded: 0)
Unloading 45 unused Assets / (1.3 MB). Loaded Objects now: 4009.
Memory consumption went from 137.1 MB to 135.8 MB.
Total: 23.242700 ms (FindLiveObjects: 0.564300 ms CreateObjectMapping: 0.307500 ms MarkObjects: 21.951400 ms  DeleteObjects: 0.417100 ms)

AssetImportParameters requested are different than current active one (requested -> active):
  custom:video-decoder-ogg-theora: a1e56fd34408186e4bbccfd4996cb3dc -> 
  custom:container-muxer-webm: aa71ff27fc2769a1b78a27578f13a17b -> 
  custom:container-demuxer-webm: 4f35f7cbe854078d1ac9338744f61a02 -> 
  custom:video-encoder-webm-vp8: eb34c28f22e8b96e1ab97ce403110664 -> 
  custom:audio-encoder-webm-vorbis: bf7c407c2cedff20999df2af8eb42d56 -> 
  custom:framework-win-MediaFoundation: 216162199b28c13a410421893ffa2e32 -> 
  custom:container-demuxer-ogg: 62fdf1f143b41e24485cea50d1cbac27 -> 
  custom:video-decoder-webm-vp8: 9c59270c3fd7afecdb556c50c9e8de78 -> 
  custom:audio-decoder-ogg-vorbis: bf7c407c2cedff20999df2af8eb42d56 -> 
========================================================================
Received Import Request.
  Time since last request: 166.260150 seconds.
  path: Assets/Resources/UI/UI_MapWindow.prefab
  artifactKey: Guid(1283cf784bd844248929a02aca52edb9) Importer(815301076,1909f56bfc062723c751e8b465ee728b)
Start importing Assets/Resources/UI/UI_MapWindow.prefab using Guid(1283cf784bd844248929a02aca52edb9) Importer(815301076,1909f56bfc062723c751e8b465ee728b)  -> (artifact id: '52083844f9f0735eb3e8fd178c0896a2') in 0.045310 seconds 
========================================================================
Received Prepare
Registering precompiled user dll's ...
Registered in 0.028635 seconds.
Begin MonoManager ReloadAssembly
Symbol file LoadedFromMemory doesn't match image G:\Unity饥荒\项目\Unity类饥荒3D生存-课堂\Library\PackageCache\com.unity.visualscripting@1.7.6\Editor\VisualScripting.Core\Dependencies\YamlDotNet\Unity.VisualScripting.YamlDotNet.dll
Symbol file LoadedFromMemory doesn't match image G:\Unity饥荒\项目\Unity类饥荒3D生存-课堂\Assets\JKFrame\Scripts\0.Lib\0.Plugins\Sirenix\Assemblies\Sirenix.OdinInspector.Editor.dll
Symbol file LoadedFromMemory doesn't match image G:\Unity饥荒\项目\Unity类饥荒3D生存-课堂\Assets\JKFrame\Scripts\0.Lib\0.Plugins\Sirenix\Assemblies\Sirenix.OdinInspector.Attributes.dll
Symbol file LoadedFromMemory doesn't match image G:\Unity饥荒\项目\Unity类饥荒3D生存-课堂\Library\PackageCache\com.unity.visualscripting@1.7.6\Editor\VisualScripting.Core\Dependencies\DotNetZip\Unity.VisualScripting.IonicZip.dll
Symbol file LoadedFromMemory doesn't match image G:\Unity饥荒\项目\Unity类饥荒3D生存-课堂\Assets\JKFrame\Scripts\0.Lib\0.Plugins\Sirenix\Assemblies\Sirenix.Serialization.Config.dll
Symbol file LoadedFromMemory doesn't match image G:\Unity饥荒\项目\Unity类饥荒3D生存-课堂\Assets\JKFrame\Scripts\0.Lib\0.Plugins\Sirenix\Assemblies\Sirenix.Utilities.dll
Symbol file LoadedFromMemory doesn't match image G:\Unity饥荒\项目\Unity类饥荒3D生存-课堂\Assets\JKFrame\Scripts\0.Lib\0.Plugins\Sirenix\Assemblies\Sirenix.Serialization.dll
Symbol file LoadedFromMemory doesn't match image G:\Unity饥荒\项目\Unity类饥荒3D生存-课堂\Assets\JKFrame\Scripts\0.Lib\0.Plugins\Sirenix\Assemblies\Sirenix.Utilities.Editor.dll
Native extension for WindowsStandalone target not found
Refreshing native plugins compatible for Editor in 1.44 ms, found 3 plugins.
Preloading 0 native plugins for Editor in 0.00 ms.
Mono: successfully reloaded assembly
- Completed reload, in  5.250 seconds
Domain Reload Profiling:
	ReloadAssembly (5251ms)
		BeginReloadAssembly (166ms)
			ExecutionOrderSort (0ms)
			DisableScriptedObjects (7ms)
			BackupInstance (0ms)
			ReleaseScriptingObjects (0ms)
			CreateAndSetChildDomain (43ms)
		EndReloadAssembly (4969ms)
			LoadAssemblies (117ms)
			RebuildTransferFunctionScriptingTraits (0ms)
			SetupTypeCache (280ms)
			ReleaseScriptCaches (1ms)
			RebuildScriptCaches (76ms)
			SetupLoadedEditorAssemblies (3992ms)
				LogAssemblyErrors (0ms)
				InitializePlatformSupportModulesInManaged (20ms)
				SetLoadedEditorAssemblies (1ms)
				RefreshPlugins (2ms)
				BeforeProcessingInitializeOnLoad (219ms)
				ProcessInitializeOnLoadAttributes (3422ms)
				ProcessInitializeOnLoadMethodAttributes (293ms)
				AfterProcessingInitializeOnLoad (23ms)
				EditorAssembliesLoaded (14ms)
			ExecutionOrderSort2 (0ms)
			AwakeInstancesAfterBackupRestoration (320ms)
Platform modules already initialized, skipping
Refreshing native plugins compatible for Editor in 1.49 ms, found 3 plugins.
Preloading 0 native plugins for Editor in 0.00 ms.
Unloading 3378 Unused Serialized files (Serialized files now loaded: 0)
Unloading 45 unused Assets / (1.3 MB). Loaded Objects now: 4011.
Memory consumption went from 137.2 MB to 135.9 MB.
Total: 27.019100 ms (FindLiveObjects: 0.529300 ms CreateObjectMapping: 0.933400 ms MarkObjects: 25.204300 ms  DeleteObjects: 0.349500 ms)

AssetImportParameters requested are different than current active one (requested -> active):
  custom:video-decoder-ogg-theora: a1e56fd34408186e4bbccfd4996cb3dc -> 
  custom:container-muxer-webm: aa71ff27fc2769a1b78a27578f13a17b -> 
  custom:container-demuxer-webm: 4f35f7cbe854078d1ac9338744f61a02 -> 
  custom:video-encoder-webm-vp8: eb34c28f22e8b96e1ab97ce403110664 -> 
  custom:audio-encoder-webm-vorbis: bf7c407c2cedff20999df2af8eb42d56 -> 
  custom:framework-win-MediaFoundation: 216162199b28c13a410421893ffa2e32 -> 
  custom:container-demuxer-ogg: 62fdf1f143b41e24485cea50d1cbac27 -> 
  custom:video-decoder-webm-vp8: 9c59270c3fd7afecdb556c50c9e8de78 -> 
  custom:audio-decoder-ogg-vorbis: bf7c407c2cedff20999df2af8eb42d56 -> 
========================================================================
Received Import Request.
  Time since last request: 91.101904 seconds.
  path: Assets/Resources/UI/UI_MapIcon.prefab
  artifactKey: Guid(98d3715349047bd469c0a59a05f0b911) Importer(815301076,1909f56bfc062723c751e8b465ee728b)
Start importing Assets/Resources/UI/UI_MapIcon.prefab using Guid(98d3715349047bd469c0a59a05f0b911) Importer(815301076,1909f56bfc062723c751e8b465ee728b)  -> (artifact id: '5a7b26e2ade5494d9722bec63175ba3c') in 0.045246 seconds 
========================================================================
Received Import Request.
  Time since last request: 2.048250 seconds.
  path: Assets/Resources/UI/UI_MapIcon.prefab
  artifactKey: Guid(98d3715349047bd469c0a59a05f0b911) Importer(815301076,1909f56bfc062723c751e8b465ee728b)
Start importing Assets/Resources/UI/UI_MapIcon.prefab using Guid(98d3715349047bd469c0a59a05f0b911) Importer(815301076,1909f56bfc062723c751e8b465ee728b)  -> (artifact id: 'a2a7f96cdc9457d6ead250d078641d87') in 0.008750 seconds 
========================================================================
Received Prepare
Registering precompiled user dll's ...
Registered in 0.028809 seconds.
Begin MonoManager ReloadAssembly
Symbol file LoadedFromMemory doesn't match image G:\Unity饥荒\项目\Unity类饥荒3D生存-课堂\Library\PackageCache\com.unity.visualscripting@1.7.6\Editor\VisualScripting.Core\Dependencies\YamlDotNet\Unity.VisualScripting.YamlDotNet.dll
Symbol file LoadedFromMemory doesn't match image G:\Unity饥荒\项目\Unity类饥荒3D生存-课堂\Assets\JKFrame\Scripts\0.Lib\0.Plugins\Sirenix\Assemblies\Sirenix.OdinInspector.Editor.dll
Symbol file LoadedFromMemory doesn't match image G:\Unity饥荒\项目\Unity类饥荒3D生存-课堂\Assets\JKFrame\Scripts\0.Lib\0.Plugins\Sirenix\Assemblies\Sirenix.OdinInspector.Attributes.dll
Symbol file LoadedFromMemory doesn't match image G:\Unity饥荒\项目\Unity类饥荒3D生存-课堂\Library\PackageCache\com.unity.visualscripting@1.7.6\Editor\VisualScripting.Core\Dependencies\DotNetZip\Unity.VisualScripting.IonicZip.dll
Symbol file LoadedFromMemory doesn't match image G:\Unity饥荒\项目\Unity类饥荒3D生存-课堂\Assets\JKFrame\Scripts\0.Lib\0.Plugins\Sirenix\Assemblies\Sirenix.Serialization.Config.dll
Symbol file LoadedFromMemory doesn't match image G:\Unity饥荒\项目\Unity类饥荒3D生存-课堂\Assets\JKFrame\Scripts\0.Lib\0.Plugins\Sirenix\Assemblies\Sirenix.Utilities.dll
Symbol file LoadedFromMemory doesn't match image G:\Unity饥荒\项目\Unity类饥荒3D生存-课堂\Assets\JKFrame\Scripts\0.Lib\0.Plugins\Sirenix\Assemblies\Sirenix.Serialization.dll
Symbol file LoadedFromMemory doesn't match image G:\Unity饥荒\项目\Unity类饥荒3D生存-课堂\Assets\JKFrame\Scripts\0.Lib\0.Plugins\Sirenix\Assemblies\Sirenix.Utilities.Editor.dll
Native extension for WindowsStandalone target not found
Refreshing native plugins compatible for Editor in 0.74 ms, found 3 plugins.
Preloading 0 native plugins for Editor in 0.00 ms.
Mono: successfully reloaded assembly
- Completed reload, in  4.735 seconds
Domain Reload Profiling:
	ReloadAssembly (4740ms)
		BeginReloadAssembly (169ms)
			ExecutionOrderSort (0ms)
			DisableScriptedObjects (6ms)
			BackupInstance (0ms)
			ReleaseScriptingObjects (0ms)
			CreateAndSetChildDomain (45ms)
		EndReloadAssembly (4454ms)
			LoadAssemblies (114ms)
			RebuildTransferFunctionScriptingTraits (0ms)
			SetupTypeCache (280ms)
			ReleaseScriptCaches (1ms)
			RebuildScriptCaches (57ms)
			SetupLoadedEditorAssemblies (3660ms)
				LogAssemblyErrors (0ms)
				InitializePlatformSupportModulesInManaged (19ms)
				SetLoadedEditorAssemblies (1ms)
				RefreshPlugins (1ms)
				BeforeProcessingInitializeOnLoad (217ms)
				ProcessInitializeOnLoadAttributes (3284ms)
				ProcessInitializeOnLoadMethodAttributes (113ms)
				AfterProcessingInitializeOnLoad (24ms)
				EditorAssembliesLoaded (1ms)
			ExecutionOrderSort2 (0ms)
			AwakeInstancesAfterBackupRestoration (105ms)
Platform modules already initialized, skipping
Refreshing native plugins compatible for Editor in 0.91 ms, found 3 plugins.
Preloading 0 native plugins for Editor in 0.00 ms.
Unloading 3378 Unused Serialized files (Serialized files now loaded: 0)
Unloading 43 unused Assets / (1.3 MB). Loaded Objects now: 4013.
Memory consumption went from 137.2 MB to 135.9 MB.
Total: 25.993600 ms (FindLiveObjects: 0.471200 ms CreateObjectMapping: 0.429700 ms MarkObjects: 24.677500 ms  DeleteObjects: 0.414000 ms)

AssetImportParameters requested are different than current active one (requested -> active):
  custom:video-decoder-ogg-theora: a1e56fd34408186e4bbccfd4996cb3dc -> 
  custom:container-muxer-webm: aa71ff27fc2769a1b78a27578f13a17b -> 
  custom:container-demuxer-webm: 4f35f7cbe854078d1ac9338744f61a02 -> 
  custom:video-encoder-webm-vp8: eb34c28f22e8b96e1ab97ce403110664 -> 
  custom:audio-encoder-webm-vorbis: bf7c407c2cedff20999df2af8eb42d56 -> 
  custom:framework-win-MediaFoundation: 216162199b28c13a410421893ffa2e32 -> 
  custom:container-demuxer-ogg: 62fdf1f143b41e24485cea50d1cbac27 -> 
  custom:video-decoder-webm-vp8: 9c59270c3fd7afecdb556c50c9e8de78 -> 
  custom:audio-decoder-ogg-vorbis: bf7c407c2cedff20999df2af8eb42d56 -> 
