Using pre-set license
Built from '2021.2/china_unity/release' branch; Version is '2021.2.7f1c1 (f334abb85d22) revision 15938731'; Using compiler version '192829333'; Build Type 'Release'
OS: 'Windows 10  (10.0.18363) 64bit Enterprise' Language: 'zh' Physical Memory: 32631 MB
BatchMode: 1, IsHumanControllingUs: 0, StartBugReporterOnCrash: 0, Is64bit: 1, IsPro: 0

COMMAND LINE ARGUMENTS:
D:\UnityHub\2021.2.7f1c1\Editor\Unity.exe
-adb2
-batchMode
-noUpm
-name
AssetImportWorker1
-projectPath
G:/Unity饥荒/项目/Unity类饥荒3D生存-课堂
-logFile
Logs/AssetImportWorker1.log
-srvPort
4648
Successfully changed project path to: G:/Unity饥荒/项目/Unity类饥荒3D生存-课堂
G:/Unity饥荒/项目/Unity类饥荒3D生存-课堂
[UnityMemory] Configuration Parameters - Can be set up in boot.config
    "memorysetup-bucket-allocator-granularity=16"
    "memorysetup-bucket-allocator-bucket-count=8"
    "memorysetup-bucket-allocator-block-size=33554432"
    "memorysetup-bucket-allocator-block-count=8"
    "memorysetup-main-allocator-block-size=16777216"
    "memorysetup-thread-allocator-block-size=16777216"
    "memorysetup-gfx-main-allocator-block-size=16777216"
    "memorysetup-gfx-thread-allocator-block-size=16777216"
    "memorysetup-cache-allocator-block-size=4194304"
    "memorysetup-typetree-allocator-block-size=2097152"
    "memorysetup-profiler-bucket-allocator-granularity=16"
    "memorysetup-profiler-bucket-allocator-bucket-count=8"
    "memorysetup-profiler-bucket-allocator-block-size=33554432"
    "memorysetup-profiler-bucket-allocator-block-count=8"
    "memorysetup-profiler-allocator-block-size=16777216"
    "memorysetup-profiler-editor-allocator-block-size=1048576"
    "memorysetup-temp-allocator-size-main=16777216"
    "memorysetup-job-temp-allocator-block-size=2097152"
    "memorysetup-job-temp-allocator-block-size-background=1048576"
    "memorysetup-job-temp-allocator-reduction-small-platforms=262144"
    "memorysetup-temp-allocator-size-background-worker=32768"
    "memorysetup-temp-allocator-size-job-worker=262144"
    "memorysetup-temp-allocator-size-preload-manager=33554432"
    "memorysetup-temp-allocator-size-nav-mesh-worker=65536"
    "memorysetup-temp-allocator-size-audio-worker=65536"
    "memorysetup-temp-allocator-size-cloud-worker=32768"
    "memorysetup-temp-allocator-size-gi-baking-worker=262144"
    "memorysetup-temp-allocator-size-gfx=262144"
AS: AutoStreaming module initializing.
Refreshing native plugins compatible for Editor in 87.48 ms, found 3 plugins.
Preloading 0 native plugins for Editor in 0.00 ms.
Initialize engine version: 2021.2.7f1c1 (f334abb85d22)
[Subsystems] Discovering subsystems at path D:/UnityHub/2021.2.7f1c1/Editor/Data/Resources/UnitySubsystems
[Subsystems] Discovering subsystems at path G:/Unity饥荒/项目/Unity类饥荒3D生存-课堂/Assets
GfxDevice: creating device client; threaded=0; jobified=0
Direct3D:
    Version:  Direct3D 11.0 [level 11.1]
    Renderer: Intel(R) UHD Graphics 630 (ID=0x3e98)
    Vendor:   Intel
    VRAM:     16315 MB
    Driver:   26.20.100.6911
Initialize mono
Mono path[0] = 'D:/UnityHub/2021.2.7f1c1/Editor/Data/Managed'
Mono path[1] = 'D:/UnityHub/2021.2.7f1c1/Editor/Data/MonoBleedingEdge/lib/mono/unityjit-win32'
Mono config path = 'D:/UnityHub/2021.2.7f1c1/Editor/Data/MonoBleedingEdge/etc'
Using monoOptions --debugger-agent=transport=dt_socket,embedding=1,server=y,suspend=n,address=127.0.0.1:56864
Begin MonoManager ReloadAssembly
Registering precompiled unity dll's ...
Register platform support module: D:/UnityHub/2021.2.7f1c1/Editor/Data/PlaybackEngines/WindowsStandaloneSupport/UnityEditor.WindowsStandalone.Extensions.dll
Registered in 0.010204 seconds.
Native extension for WindowsStandalone target not found
Refreshing native plugins compatible for Editor in 79.98 ms, found 3 plugins.
Preloading 0 native plugins for Editor in 0.00 ms.
Mono: successfully reloaded assembly
- Completed reload, in  0.747 seconds
Domain Reload Profiling:
	ReloadAssembly (747ms)
		BeginReloadAssembly (148ms)
			ExecutionOrderSort (0ms)
			DisableScriptedObjects (0ms)
			BackupInstance (0ms)
			ReleaseScriptingObjects (0ms)
			CreateAndSetChildDomain (1ms)
		EndReloadAssembly (473ms)
			LoadAssemblies (142ms)
			RebuildTransferFunctionScriptingTraits (0ms)
			SetupTypeCache (102ms)
			ReleaseScriptCaches (0ms)
			RebuildScriptCaches (27ms)
			SetupLoadedEditorAssemblies (278ms)
				LogAssemblyErrors (0ms)
				InitializePlatformSupportModulesInManaged (15ms)
				SetLoadedEditorAssemblies (0ms)
				RefreshPlugins (80ms)
				BeforeProcessingInitializeOnLoad (1ms)
				ProcessInitializeOnLoadAttributes (124ms)
				ProcessInitializeOnLoadMethodAttributes (58ms)
				AfterProcessingInitializeOnLoad (0ms)
				EditorAssembliesLoaded (0ms)
			ExecutionOrderSort2 (0ms)
			AwakeInstancesAfterBackupRestoration (0ms)
Platform modules already initialized, skipping
Registering precompiled user dll's ...
Registered in 0.018218 seconds.
Begin MonoManager ReloadAssembly
Symbol file LoadedFromMemory doesn't match image G:\Unity饥荒\项目\Unity类饥荒3D生存-课堂\Library\PackageCache\com.unity.visualscripting@1.7.6\Editor\VisualScripting.Core\Dependencies\YamlDotNet\Unity.VisualScripting.YamlDotNet.dll
Symbol file LoadedFromMemory doesn't match image G:\Unity饥荒\项目\Unity类饥荒3D生存-课堂\Assets\JKFrame\Scripts\0.Lib\0.Plugins\Sirenix\Assemblies\Sirenix.OdinInspector.Editor.dll
Symbol file LoadedFromMemory doesn't match image G:\Unity饥荒\项目\Unity类饥荒3D生存-课堂\Assets\JKFrame\Scripts\0.Lib\0.Plugins\Sirenix\Assemblies\Sirenix.OdinInspector.Attributes.dll
Symbol file LoadedFromMemory doesn't match image G:\Unity饥荒\项目\Unity类饥荒3D生存-课堂\Library\PackageCache\com.unity.visualscripting@1.7.6\Editor\VisualScripting.Core\Dependencies\DotNetZip\Unity.VisualScripting.IonicZip.dll
Symbol file LoadedFromMemory doesn't match image G:\Unity饥荒\项目\Unity类饥荒3D生存-课堂\Assets\JKFrame\Scripts\0.Lib\0.Plugins\Sirenix\Assemblies\Sirenix.Serialization.Config.dll
Symbol file LoadedFromMemory doesn't match image G:\Unity饥荒\项目\Unity类饥荒3D生存-课堂\Assets\JKFrame\Scripts\0.Lib\0.Plugins\Sirenix\Assemblies\Sirenix.Utilities.dll
Symbol file LoadedFromMemory doesn't match image G:\Unity饥荒\项目\Unity类饥荒3D生存-课堂\Assets\JKFrame\Scripts\0.Lib\0.Plugins\Sirenix\Assemblies\Sirenix.Serialization.dll
Symbol file LoadedFromMemory doesn't match image G:\Unity饥荒\项目\Unity类饥荒3D生存-课堂\Assets\JKFrame\Scripts\0.Lib\0.Plugins\Sirenix\Assemblies\Sirenix.Utilities.Editor.dll
Native extension for WindowsStandalone target not found
Refreshing native plugins compatible for Editor in 0.69 ms, found 3 plugins.
Preloading 0 native plugins for Editor in 0.00 ms.
Mono: successfully reloaded assembly
- Completed reload, in  2.652 seconds
Domain Reload Profiling:
	ReloadAssembly (2653ms)
		BeginReloadAssembly (168ms)
			ExecutionOrderSort (0ms)
			DisableScriptedObjects (6ms)
			BackupInstance (0ms)
			ReleaseScriptingObjects (0ms)
			CreateAndSetChildDomain (20ms)
		EndReloadAssembly (2374ms)
			LoadAssemblies (149ms)
			RebuildTransferFunctionScriptingTraits (0ms)
			SetupTypeCache (267ms)
			ReleaseScriptCaches (1ms)
			RebuildScriptCaches (189ms)
			SetupLoadedEditorAssemblies (1673ms)
				LogAssemblyErrors (0ms)
				InitializePlatformSupportModulesInManaged (13ms)
				SetLoadedEditorAssemblies (1ms)
				RefreshPlugins (1ms)
				BeforeProcessingInitializeOnLoad (145ms)
				ProcessInitializeOnLoadAttributes (1081ms)
				ProcessInitializeOnLoadMethodAttributes (407ms)
				AfterProcessingInitializeOnLoad (18ms)
				EditorAssembliesLoaded (7ms)
			ExecutionOrderSort2 (0ms)
			AwakeInstancesAfterBackupRestoration (25ms)
Platform modules already initialized, skipping
========================================================================
Worker process is ready to serve import requests
Launched and connected shader compiler UnityShaderCompiler.exe after 0.07 seconds
Refreshing native plugins compatible for Editor in 0.65 ms, found 3 plugins.
Preloading 0 native plugins for Editor in 0.00 ms.
Unloading 3414 Unused Serialized files (Serialized files now loaded: 0)
Unloading 48 unused Assets / (1.3 MB). Loaded Objects now: 3907.
Memory consumption went from 133.8 MB to 132.5 MB.
Total: 20.347700 ms (FindLiveObjects: 0.349200 ms CreateObjectMapping: 0.260800 ms MarkObjects: 19.385000 ms  DeleteObjects: 0.351300 ms)

AssetImportParameters requested are different than current active one (requested -> active):
  custom:video-decoder-ogg-theora: a1e56fd34408186e4bbccfd4996cb3dc -> 
  custom:container-muxer-webm: aa71ff27fc2769a1b78a27578f13a17b -> 
  custom:container-demuxer-webm: 4f35f7cbe854078d1ac9338744f61a02 -> 
  custom:video-encoder-webm-vp8: eb34c28f22e8b96e1ab97ce403110664 -> 
  custom:audio-encoder-webm-vorbis: bf7c407c2cedff20999df2af8eb42d56 -> 
  custom:framework-win-MediaFoundation: 216162199b28c13a410421893ffa2e32 -> 
  custom:container-demuxer-ogg: 62fdf1f143b41e24485cea50d1cbac27 -> 
  custom:video-decoder-webm-vp8: 9c59270c3fd7afecdb556c50c9e8de78 -> 
  custom:audio-decoder-ogg-vorbis: bf7c407c2cedff20999df2af8eb42d56 -> 
========================================================================
Received Import Request.
  Time since last request: 46588.435590 seconds.
  path: Assets/Scripts/UI/Map/UI_MapWindow.cs
  artifactKey: Guid(209829d90e327da4bab6ab0c5458f4d4) Importer(815301076,1909f56bfc062723c751e8b465ee728b)
Start importing Assets/Scripts/UI/Map/UI_MapWindow.cs using Guid(209829d90e327da4bab6ab0c5458f4d4) Importer(815301076,1909f56bfc062723c751e8b465ee728b)  -> (artifact id: '8106863435fe0d01094eb51876cfc6e0') in 0.041076 seconds 
========================================================================
Received Prepare
Registering precompiled user dll's ...
Registered in 0.017151 seconds.
Begin MonoManager ReloadAssembly
Symbol file LoadedFromMemory doesn't match image G:\Unity饥荒\项目\Unity类饥荒3D生存-课堂\Library\PackageCache\com.unity.visualscripting@1.7.6\Editor\VisualScripting.Core\Dependencies\YamlDotNet\Unity.VisualScripting.YamlDotNet.dll
Symbol file LoadedFromMemory doesn't match image G:\Unity饥荒\项目\Unity类饥荒3D生存-课堂\Assets\JKFrame\Scripts\0.Lib\0.Plugins\Sirenix\Assemblies\Sirenix.OdinInspector.Editor.dll
Symbol file LoadedFromMemory doesn't match image G:\Unity饥荒\项目\Unity类饥荒3D生存-课堂\Assets\JKFrame\Scripts\0.Lib\0.Plugins\Sirenix\Assemblies\Sirenix.OdinInspector.Attributes.dll
Symbol file LoadedFromMemory doesn't match image G:\Unity饥荒\项目\Unity类饥荒3D生存-课堂\Library\PackageCache\com.unity.visualscripting@1.7.6\Editor\VisualScripting.Core\Dependencies\DotNetZip\Unity.VisualScripting.IonicZip.dll
Symbol file LoadedFromMemory doesn't match image G:\Unity饥荒\项目\Unity类饥荒3D生存-课堂\Assets\JKFrame\Scripts\0.Lib\0.Plugins\Sirenix\Assemblies\Sirenix.Serialization.Config.dll
Symbol file LoadedFromMemory doesn't match image G:\Unity饥荒\项目\Unity类饥荒3D生存-课堂\Assets\JKFrame\Scripts\0.Lib\0.Plugins\Sirenix\Assemblies\Sirenix.Utilities.dll
Symbol file LoadedFromMemory doesn't match image G:\Unity饥荒\项目\Unity类饥荒3D生存-课堂\Assets\JKFrame\Scripts\0.Lib\0.Plugins\Sirenix\Assemblies\Sirenix.Serialization.dll
Symbol file LoadedFromMemory doesn't match image G:\Unity饥荒\项目\Unity类饥荒3D生存-课堂\Assets\JKFrame\Scripts\0.Lib\0.Plugins\Sirenix\Assemblies\Sirenix.Utilities.Editor.dll
Native extension for WindowsStandalone target not found
Refreshing native plugins compatible for Editor in 0.59 ms, found 3 plugins.
Preloading 0 native plugins for Editor in 0.00 ms.
Mono: successfully reloaded assembly
- Completed reload, in  2.350 seconds
Domain Reload Profiling:
	ReloadAssembly (2352ms)
		BeginReloadAssembly (315ms)
			ExecutionOrderSort (0ms)
			DisableScriptedObjects (10ms)
			BackupInstance (0ms)
			ReleaseScriptingObjects (0ms)
			CreateAndSetChildDomain (79ms)
		EndReloadAssembly (1880ms)
			LoadAssemblies (130ms)
			RebuildTransferFunctionScriptingTraits (0ms)
			SetupTypeCache (277ms)
			ReleaseScriptCaches (1ms)
			RebuildScriptCaches (40ms)
			SetupLoadedEditorAssemblies (1352ms)
				LogAssemblyErrors (0ms)
				InitializePlatformSupportModulesInManaged (12ms)
				SetLoadedEditorAssemblies (1ms)
				RefreshPlugins (1ms)
				BeforeProcessingInitializeOnLoad (130ms)
				ProcessInitializeOnLoadAttributes (1140ms)
				ProcessInitializeOnLoadMethodAttributes (56ms)
				AfterProcessingInitializeOnLoad (12ms)
				EditorAssembliesLoaded (1ms)
			ExecutionOrderSort2 (0ms)
			AwakeInstancesAfterBackupRestoration (13ms)
Platform modules already initialized, skipping
Refreshing native plugins compatible for Editor in 0.63 ms, found 3 plugins.
Preloading 0 native plugins for Editor in 0.00 ms.
Unloading 3378 Unused Serialized files (Serialized files now loaded: 0)
Unloading 43 unused Assets / (1.3 MB). Loaded Objects now: 3909.
Memory consumption went from 130.7 MB to 129.4 MB.
Total: 19.274500 ms (FindLiveObjects: 0.379400 ms CreateObjectMapping: 0.217300 ms MarkObjects: 18.414200 ms  DeleteObjects: 0.262200 ms)

AssetImportParameters requested are different than current active one (requested -> active):
  custom:video-decoder-ogg-theora: a1e56fd34408186e4bbccfd4996cb3dc -> 
  custom:container-muxer-webm: aa71ff27fc2769a1b78a27578f13a17b -> 
  custom:container-demuxer-webm: 4f35f7cbe854078d1ac9338744f61a02 -> 
  custom:video-encoder-webm-vp8: eb34c28f22e8b96e1ab97ce403110664 -> 
  custom:audio-encoder-webm-vorbis: bf7c407c2cedff20999df2af8eb42d56 -> 
  custom:framework-win-MediaFoundation: 216162199b28c13a410421893ffa2e32 -> 
  custom:container-demuxer-ogg: 62fdf1f143b41e24485cea50d1cbac27 -> 
  custom:video-decoder-webm-vp8: 9c59270c3fd7afecdb556c50c9e8de78 -> 
  custom:audio-decoder-ogg-vorbis: bf7c407c2cedff20999df2af8eb42d56 -> 
========================================================================
Received Import Request.
  Time since last request: 3167.103814 seconds.
  path: Assets/Scripts/UI/Map/UI_MapWindow.cs
  artifactKey: Guid(209829d90e327da4bab6ab0c5458f4d4) Importer(815301076,1909f56bfc062723c751e8b465ee728b)
Start importing Assets/Scripts/UI/Map/UI_MapWindow.cs using Guid(209829d90e327da4bab6ab0c5458f4d4) Importer(815301076,1909f56bfc062723c751e8b465ee728b)  -> (artifact id: '1a69f4d7438eb6dec1105443f9278b2d') in 0.013656 seconds 
========================================================================
Received Prepare
Registering precompiled user dll's ...
Registered in 0.024098 seconds.
Begin MonoManager ReloadAssembly
Symbol file LoadedFromMemory doesn't match image G:\Unity饥荒\项目\Unity类饥荒3D生存-课堂\Library\PackageCache\com.unity.visualscripting@1.7.6\Editor\VisualScripting.Core\Dependencies\YamlDotNet\Unity.VisualScripting.YamlDotNet.dll
Symbol file LoadedFromMemory doesn't match image G:\Unity饥荒\项目\Unity类饥荒3D生存-课堂\Assets\JKFrame\Scripts\0.Lib\0.Plugins\Sirenix\Assemblies\Sirenix.OdinInspector.Editor.dll
Symbol file LoadedFromMemory doesn't match image G:\Unity饥荒\项目\Unity类饥荒3D生存-课堂\Assets\JKFrame\Scripts\0.Lib\0.Plugins\Sirenix\Assemblies\Sirenix.OdinInspector.Attributes.dll
Symbol file LoadedFromMemory doesn't match image G:\Unity饥荒\项目\Unity类饥荒3D生存-课堂\Library\PackageCache\com.unity.visualscripting@1.7.6\Editor\VisualScripting.Core\Dependencies\DotNetZip\Unity.VisualScripting.IonicZip.dll
Symbol file LoadedFromMemory doesn't match image G:\Unity饥荒\项目\Unity类饥荒3D生存-课堂\Assets\JKFrame\Scripts\0.Lib\0.Plugins\Sirenix\Assemblies\Sirenix.Serialization.Config.dll
Symbol file LoadedFromMemory doesn't match image G:\Unity饥荒\项目\Unity类饥荒3D生存-课堂\Assets\JKFrame\Scripts\0.Lib\0.Plugins\Sirenix\Assemblies\Sirenix.Utilities.dll
Symbol file LoadedFromMemory doesn't match image G:\Unity饥荒\项目\Unity类饥荒3D生存-课堂\Assets\JKFrame\Scripts\0.Lib\0.Plugins\Sirenix\Assemblies\Sirenix.Serialization.dll
Symbol file LoadedFromMemory doesn't match image G:\Unity饥荒\项目\Unity类饥荒3D生存-课堂\Assets\JKFrame\Scripts\0.Lib\0.Plugins\Sirenix\Assemblies\Sirenix.Utilities.Editor.dll
Native extension for WindowsStandalone target not found
Refreshing native plugins compatible for Editor in 0.63 ms, found 3 plugins.
Preloading 0 native plugins for Editor in 0.00 ms.
Mono: successfully reloaded assembly
- Completed reload, in  2.250 seconds
Domain Reload Profiling:
	ReloadAssembly (2253ms)
		BeginReloadAssembly (168ms)
			ExecutionOrderSort (0ms)
			DisableScriptedObjects (6ms)
			BackupInstance (0ms)
			ReleaseScriptingObjects (0ms)
			CreateAndSetChildDomain (51ms)
		EndReloadAssembly (1971ms)
			LoadAssemblies (102ms)
			RebuildTransferFunctionScriptingTraits (0ms)
			SetupTypeCache (275ms)
			ReleaseScriptCaches (1ms)
			RebuildScriptCaches (39ms)
			SetupLoadedEditorAssemblies (1445ms)
				LogAssemblyErrors (0ms)
				InitializePlatformSupportModulesInManaged (12ms)
				SetLoadedEditorAssemblies (0ms)
				RefreshPlugins (1ms)
				BeforeProcessingInitializeOnLoad (126ms)
				ProcessInitializeOnLoadAttributes (1226ms)
				ProcessInitializeOnLoadMethodAttributes (67ms)
				AfterProcessingInitializeOnLoad (12ms)
				EditorAssembliesLoaded (1ms)
			ExecutionOrderSort2 (0ms)
			AwakeInstancesAfterBackupRestoration (27ms)
Platform modules already initialized, skipping
Refreshing native plugins compatible for Editor in 0.87 ms, found 3 plugins.
Preloading 0 native plugins for Editor in 0.00 ms.
Unloading 3378 Unused Serialized files (Serialized files now loaded: 0)
Unloading 43 unused Assets / (1.3 MB). Loaded Objects now: 3911.
Memory consumption went from 130.7 MB to 129.4 MB.
Total: 19.397100 ms (FindLiveObjects: 0.346500 ms CreateObjectMapping: 0.205800 ms MarkObjects: 18.543600 ms  DeleteObjects: 0.299800 ms)

AssetImportParameters requested are different than current active one (requested -> active):
  custom:video-decoder-ogg-theora: a1e56fd34408186e4bbccfd4996cb3dc -> 
  custom:container-muxer-webm: aa71ff27fc2769a1b78a27578f13a17b -> 
  custom:container-demuxer-webm: 4f35f7cbe854078d1ac9338744f61a02 -> 
  custom:video-encoder-webm-vp8: eb34c28f22e8b96e1ab97ce403110664 -> 
  custom:audio-encoder-webm-vorbis: bf7c407c2cedff20999df2af8eb42d56 -> 
  custom:framework-win-MediaFoundation: 216162199b28c13a410421893ffa2e32 -> 
  custom:container-demuxer-ogg: 62fdf1f143b41e24485cea50d1cbac27 -> 
  custom:video-decoder-webm-vp8: 9c59270c3fd7afecdb556c50c9e8de78 -> 
  custom:audio-decoder-ogg-vorbis: bf7c407c2cedff20999df2af8eb42d56 -> 
========================================================================
Received Import Request.
  Time since last request: 349.645830 seconds.
  path: Assets/Res/UI/Icon/Stone.png
  artifactKey: Guid(c7f63e68fc50b8047a6558ced6ebefd9) Importer(815301076,1909f56bfc062723c751e8b465ee728b)
Start importing Assets/Res/UI/Icon/Stone.png using Guid(c7f63e68fc50b8047a6558ced6ebefd9) Importer(815301076,1909f56bfc062723c751e8b465ee728b)  -> (artifact id: '43e15655a323072211605e1c88d785b5') in 0.210859 seconds 
========================================================================
Received Prepare
Registering precompiled user dll's ...
Registered in 0.018057 seconds.
Begin MonoManager ReloadAssembly
Symbol file LoadedFromMemory doesn't match image G:\Unity饥荒\项目\Unity类饥荒3D生存-课堂\Library\PackageCache\com.unity.visualscripting@1.7.6\Editor\VisualScripting.Core\Dependencies\YamlDotNet\Unity.VisualScripting.YamlDotNet.dll
Symbol file LoadedFromMemory doesn't match image G:\Unity饥荒\项目\Unity类饥荒3D生存-课堂\Assets\JKFrame\Scripts\0.Lib\0.Plugins\Sirenix\Assemblies\Sirenix.OdinInspector.Editor.dll
Symbol file LoadedFromMemory doesn't match image G:\Unity饥荒\项目\Unity类饥荒3D生存-课堂\Assets\JKFrame\Scripts\0.Lib\0.Plugins\Sirenix\Assemblies\Sirenix.OdinInspector.Attributes.dll
Symbol file LoadedFromMemory doesn't match image G:\Unity饥荒\项目\Unity类饥荒3D生存-课堂\Library\PackageCache\com.unity.visualscripting@1.7.6\Editor\VisualScripting.Core\Dependencies\DotNetZip\Unity.VisualScripting.IonicZip.dll
Symbol file LoadedFromMemory doesn't match image G:\Unity饥荒\项目\Unity类饥荒3D生存-课堂\Assets\JKFrame\Scripts\0.Lib\0.Plugins\Sirenix\Assemblies\Sirenix.Serialization.Config.dll
Symbol file LoadedFromMemory doesn't match image G:\Unity饥荒\项目\Unity类饥荒3D生存-课堂\Assets\JKFrame\Scripts\0.Lib\0.Plugins\Sirenix\Assemblies\Sirenix.Utilities.dll
Symbol file LoadedFromMemory doesn't match image G:\Unity饥荒\项目\Unity类饥荒3D生存-课堂\Assets\JKFrame\Scripts\0.Lib\0.Plugins\Sirenix\Assemblies\Sirenix.Serialization.dll
Symbol file LoadedFromMemory doesn't match image G:\Unity饥荒\项目\Unity类饥荒3D生存-课堂\Assets\JKFrame\Scripts\0.Lib\0.Plugins\Sirenix\Assemblies\Sirenix.Utilities.Editor.dll
Native extension for WindowsStandalone target not found
Refreshing native plugins compatible for Editor in 0.61 ms, found 3 plugins.
Preloading 0 native plugins for Editor in 0.00 ms.
Mono: successfully reloaded assembly
- Completed reload, in  2.517 seconds
Domain Reload Profiling:
	ReloadAssembly (2526ms)
		BeginReloadAssembly (178ms)
			ExecutionOrderSort (0ms)
			DisableScriptedObjects (6ms)
			BackupInstance (0ms)
			ReleaseScriptingObjects (0ms)
			CreateAndSetChildDomain (57ms)
		EndReloadAssembly (2237ms)
			LoadAssemblies (112ms)
			RebuildTransferFunctionScriptingTraits (0ms)
			SetupTypeCache (267ms)
			ReleaseScriptCaches (1ms)
			RebuildScriptCaches (40ms)
			SetupLoadedEditorAssemblies (1571ms)
				LogAssemblyErrors (0ms)
				InitializePlatformSupportModulesInManaged (12ms)
				SetLoadedEditorAssemblies (1ms)
				RefreshPlugins (1ms)
				BeforeProcessingInitializeOnLoad (127ms)
				ProcessInitializeOnLoadAttributes (1332ms)
				ProcessInitializeOnLoadMethodAttributes (84ms)
				AfterProcessingInitializeOnLoad (13ms)
				EditorAssembliesLoaded (2ms)
			ExecutionOrderSort2 (0ms)
			AwakeInstancesAfterBackupRestoration (40ms)
Platform modules already initialized, skipping
Refreshing native plugins compatible for Editor in 0.62 ms, found 3 plugins.
Preloading 0 native plugins for Editor in 0.00 ms.
Unloading 3379 Unused Serialized files (Serialized files now loaded: 0)
Unloading 43 unused Assets / (1.3 MB). Loaded Objects now: 3933.
Memory consumption went from 135.5 MB to 134.2 MB.
Total: 17.336000 ms (FindLiveObjects: 0.293000 ms CreateObjectMapping: 0.269300 ms MarkObjects: 16.504500 ms  DeleteObjects: 0.267500 ms)

AssetImportParameters requested are different than current active one (requested -> active):
  custom:video-decoder-ogg-theora: a1e56fd34408186e4bbccfd4996cb3dc -> 
  custom:container-muxer-webm: aa71ff27fc2769a1b78a27578f13a17b -> 
  custom:container-demuxer-webm: 4f35f7cbe854078d1ac9338744f61a02 -> 
  custom:video-encoder-webm-vp8: eb34c28f22e8b96e1ab97ce403110664 -> 
  custom:audio-encoder-webm-vorbis: bf7c407c2cedff20999df2af8eb42d56 -> 
  custom:framework-win-MediaFoundation: 216162199b28c13a410421893ffa2e32 -> 
  custom:container-demuxer-ogg: 62fdf1f143b41e24485cea50d1cbac27 -> 
  custom:video-decoder-webm-vp8: 9c59270c3fd7afecdb556c50c9e8de78 -> 
  custom:audio-decoder-ogg-vorbis: bf7c407c2cedff20999df2af8eb42d56 -> 
========================================================================
Received Prepare
Registering precompiled user dll's ...
Registered in 0.021469 seconds.
Begin MonoManager ReloadAssembly
Symbol file LoadedFromMemory doesn't match image G:\Unity饥荒\项目\Unity类饥荒3D生存-课堂\Library\PackageCache\com.unity.visualscripting@1.7.6\Editor\VisualScripting.Core\Dependencies\YamlDotNet\Unity.VisualScripting.YamlDotNet.dll
Symbol file LoadedFromMemory doesn't match image G:\Unity饥荒\项目\Unity类饥荒3D生存-课堂\Assets\JKFrame\Scripts\0.Lib\0.Plugins\Sirenix\Assemblies\Sirenix.OdinInspector.Editor.dll
Symbol file LoadedFromMemory doesn't match image G:\Unity饥荒\项目\Unity类饥荒3D生存-课堂\Assets\JKFrame\Scripts\0.Lib\0.Plugins\Sirenix\Assemblies\Sirenix.OdinInspector.Attributes.dll
Symbol file LoadedFromMemory doesn't match image G:\Unity饥荒\项目\Unity类饥荒3D生存-课堂\Library\PackageCache\com.unity.visualscripting@1.7.6\Editor\VisualScripting.Core\Dependencies\DotNetZip\Unity.VisualScripting.IonicZip.dll
Symbol file LoadedFromMemory doesn't match image G:\Unity饥荒\项目\Unity类饥荒3D生存-课堂\Assets\JKFrame\Scripts\0.Lib\0.Plugins\Sirenix\Assemblies\Sirenix.Serialization.Config.dll
Symbol file LoadedFromMemory doesn't match image G:\Unity饥荒\项目\Unity类饥荒3D生存-课堂\Assets\JKFrame\Scripts\0.Lib\0.Plugins\Sirenix\Assemblies\Sirenix.Utilities.dll
Symbol file LoadedFromMemory doesn't match image G:\Unity饥荒\项目\Unity类饥荒3D生存-课堂\Assets\JKFrame\Scripts\0.Lib\0.Plugins\Sirenix\Assemblies\Sirenix.Serialization.dll
Symbol file LoadedFromMemory doesn't match image G:\Unity饥荒\项目\Unity类饥荒3D生存-课堂\Assets\JKFrame\Scripts\0.Lib\0.Plugins\Sirenix\Assemblies\Sirenix.Utilities.Editor.dll
Native extension for WindowsStandalone target not found
Refreshing native plugins compatible for Editor in 0.63 ms, found 3 plugins.
Preloading 0 native plugins for Editor in 0.00 ms.
Mono: successfully reloaded assembly
- Completed reload, in  2.273 seconds
Domain Reload Profiling:
	ReloadAssembly (2274ms)
		BeginReloadAssembly (162ms)
			ExecutionOrderSort (0ms)
			DisableScriptedObjects (7ms)
			BackupInstance (0ms)
			ReleaseScriptingObjects (0ms)
			CreateAndSetChildDomain (51ms)
		EndReloadAssembly (2006ms)
			LoadAssemblies (96ms)
			RebuildTransferFunctionScriptingTraits (0ms)
			SetupTypeCache (270ms)
			ReleaseScriptCaches (1ms)
			RebuildScriptCaches (39ms)
			SetupLoadedEditorAssemblies (1412ms)
				LogAssemblyErrors (0ms)
				InitializePlatformSupportModulesInManaged (12ms)
				SetLoadedEditorAssemblies (0ms)
				RefreshPlugins (1ms)
				BeforeProcessingInitializeOnLoad (123ms)
				ProcessInitializeOnLoadAttributes (1194ms)
				ProcessInitializeOnLoadMethodAttributes (66ms)
				AfterProcessingInitializeOnLoad (14ms)
				EditorAssembliesLoaded (1ms)
			ExecutionOrderSort2 (0ms)
			AwakeInstancesAfterBackupRestoration (53ms)
Platform modules already initialized, skipping
Refreshing native plugins compatible for Editor in 0.73 ms, found 3 plugins.
Preloading 0 native plugins for Editor in 0.00 ms.
Unloading 3378 Unused Serialized files (Serialized files now loaded: 0)
Unloading 43 unused Assets / (1.3 MB). Loaded Objects now: 3935.
Memory consumption went from 135.5 MB to 134.2 MB.
Total: 17.838100 ms (FindLiveObjects: 0.329900 ms CreateObjectMapping: 0.370000 ms MarkObjects: 16.869400 ms  DeleteObjects: 0.267200 ms)

AssetImportParameters requested are different than current active one (requested -> active):
  custom:video-decoder-ogg-theora: a1e56fd34408186e4bbccfd4996cb3dc -> 
  custom:container-muxer-webm: aa71ff27fc2769a1b78a27578f13a17b -> 
  custom:container-demuxer-webm: 4f35f7cbe854078d1ac9338744f61a02 -> 
  custom:video-encoder-webm-vp8: eb34c28f22e8b96e1ab97ce403110664 -> 
  custom:audio-encoder-webm-vorbis: bf7c407c2cedff20999df2af8eb42d56 -> 
  custom:framework-win-MediaFoundation: 216162199b28c13a410421893ffa2e32 -> 
  custom:container-demuxer-ogg: 62fdf1f143b41e24485cea50d1cbac27 -> 
  custom:video-decoder-webm-vp8: 9c59270c3fd7afecdb556c50c9e8de78 -> 
  custom:audio-decoder-ogg-vorbis: bf7c407c2cedff20999df2af8eb42d56 -> 
========================================================================
Received Prepare
Registering precompiled user dll's ...
Registered in 0.021160 seconds.
Begin MonoManager ReloadAssembly
Symbol file LoadedFromMemory doesn't match image G:\Unity饥荒\项目\Unity类饥荒3D生存-课堂\Library\PackageCache\com.unity.visualscripting@1.7.6\Editor\VisualScripting.Core\Dependencies\YamlDotNet\Unity.VisualScripting.YamlDotNet.dll
Symbol file LoadedFromMemory doesn't match image G:\Unity饥荒\项目\Unity类饥荒3D生存-课堂\Assets\JKFrame\Scripts\0.Lib\0.Plugins\Sirenix\Assemblies\Sirenix.OdinInspector.Editor.dll
Symbol file LoadedFromMemory doesn't match image G:\Unity饥荒\项目\Unity类饥荒3D生存-课堂\Assets\JKFrame\Scripts\0.Lib\0.Plugins\Sirenix\Assemblies\Sirenix.OdinInspector.Attributes.dll
Symbol file LoadedFromMemory doesn't match image G:\Unity饥荒\项目\Unity类饥荒3D生存-课堂\Library\PackageCache\com.unity.visualscripting@1.7.6\Editor\VisualScripting.Core\Dependencies\DotNetZip\Unity.VisualScripting.IonicZip.dll
Symbol file LoadedFromMemory doesn't match image G:\Unity饥荒\项目\Unity类饥荒3D生存-课堂\Assets\JKFrame\Scripts\0.Lib\0.Plugins\Sirenix\Assemblies\Sirenix.Serialization.Config.dll
Symbol file LoadedFromMemory doesn't match image G:\Unity饥荒\项目\Unity类饥荒3D生存-课堂\Assets\JKFrame\Scripts\0.Lib\0.Plugins\Sirenix\Assemblies\Sirenix.Utilities.dll
Symbol file LoadedFromMemory doesn't match image G:\Unity饥荒\项目\Unity类饥荒3D生存-课堂\Assets\JKFrame\Scripts\0.Lib\0.Plugins\Sirenix\Assemblies\Sirenix.Serialization.dll
Symbol file LoadedFromMemory doesn't match image G:\Unity饥荒\项目\Unity类饥荒3D生存-课堂\Assets\JKFrame\Scripts\0.Lib\0.Plugins\Sirenix\Assemblies\Sirenix.Utilities.Editor.dll
Native extension for WindowsStandalone target not found
Refreshing native plugins compatible for Editor in 0.73 ms, found 3 plugins.
Preloading 0 native plugins for Editor in 0.00 ms.
Mono: successfully reloaded assembly
- Completed reload, in  2.866 seconds
Domain Reload Profiling:
	ReloadAssembly (2867ms)
		BeginReloadAssembly (173ms)
			ExecutionOrderSort (0ms)
			DisableScriptedObjects (8ms)
			BackupInstance (0ms)
			ReleaseScriptingObjects (0ms)
			CreateAndSetChildDomain (54ms)
		EndReloadAssembly (2578ms)
			LoadAssemblies (112ms)
			RebuildTransferFunctionScriptingTraits (0ms)
			SetupTypeCache (282ms)
			ReleaseScriptCaches (1ms)
			RebuildScriptCaches (46ms)
			SetupLoadedEditorAssemblies (1989ms)
				LogAssemblyErrors (0ms)
				InitializePlatformSupportModulesInManaged (13ms)
				SetLoadedEditorAssemblies (0ms)
				RefreshPlugins (1ms)
				BeforeProcessingInitializeOnLoad (168ms)
				ProcessInitializeOnLoadAttributes (1739ms)
				ProcessInitializeOnLoadMethodAttributes (54ms)
				AfterProcessingInitializeOnLoad (14ms)
				EditorAssembliesLoaded (0ms)
			ExecutionOrderSort2 (0ms)
			AwakeInstancesAfterBackupRestoration (43ms)
Platform modules already initialized, skipping
Refreshing native plugins compatible for Editor in 0.66 ms, found 3 plugins.
Preloading 0 native plugins for Editor in 0.00 ms.
Unloading 3378 Unused Serialized files (Serialized files now loaded: 0)
Unloading 43 unused Assets / (1.3 MB). Loaded Objects now: 3937.
Memory consumption went from 135.5 MB to 134.2 MB.
Total: 20.545100 ms (FindLiveObjects: 0.373900 ms CreateObjectMapping: 0.311400 ms MarkObjects: 19.357400 ms  DeleteObjects: 0.500800 ms)

AssetImportParameters requested are different than current active one (requested -> active):
  custom:video-decoder-ogg-theora: a1e56fd34408186e4bbccfd4996cb3dc -> 
  custom:container-muxer-webm: aa71ff27fc2769a1b78a27578f13a17b -> 
  custom:container-demuxer-webm: 4f35f7cbe854078d1ac9338744f61a02 -> 
  custom:video-encoder-webm-vp8: eb34c28f22e8b96e1ab97ce403110664 -> 
  custom:audio-encoder-webm-vorbis: bf7c407c2cedff20999df2af8eb42d56 -> 
  custom:framework-win-MediaFoundation: 216162199b28c13a410421893ffa2e32 -> 
  custom:container-demuxer-ogg: 62fdf1f143b41e24485cea50d1cbac27 -> 
  custom:video-decoder-webm-vp8: 9c59270c3fd7afecdb556c50c9e8de78 -> 
  custom:audio-decoder-ogg-vorbis: bf7c407c2cedff20999df2af8eb42d56 -> 
========================================================================
Received Prepare
Registering precompiled user dll's ...
Registered in 0.020926 seconds.
Begin MonoManager ReloadAssembly
Symbol file LoadedFromMemory doesn't match image G:\Unity饥荒\项目\Unity类饥荒3D生存-课堂\Library\PackageCache\com.unity.visualscripting@1.7.6\Editor\VisualScripting.Core\Dependencies\YamlDotNet\Unity.VisualScripting.YamlDotNet.dll
Symbol file LoadedFromMemory doesn't match image G:\Unity饥荒\项目\Unity类饥荒3D生存-课堂\Assets\JKFrame\Scripts\0.Lib\0.Plugins\Sirenix\Assemblies\Sirenix.OdinInspector.Editor.dll
Symbol file LoadedFromMemory doesn't match image G:\Unity饥荒\项目\Unity类饥荒3D生存-课堂\Assets\JKFrame\Scripts\0.Lib\0.Plugins\Sirenix\Assemblies\Sirenix.OdinInspector.Attributes.dll
Symbol file LoadedFromMemory doesn't match image G:\Unity饥荒\项目\Unity类饥荒3D生存-课堂\Library\PackageCache\com.unity.visualscripting@1.7.6\Editor\VisualScripting.Core\Dependencies\DotNetZip\Unity.VisualScripting.IonicZip.dll
Symbol file LoadedFromMemory doesn't match image G:\Unity饥荒\项目\Unity类饥荒3D生存-课堂\Assets\JKFrame\Scripts\0.Lib\0.Plugins\Sirenix\Assemblies\Sirenix.Serialization.Config.dll
Symbol file LoadedFromMemory doesn't match image G:\Unity饥荒\项目\Unity类饥荒3D生存-课堂\Assets\JKFrame\Scripts\0.Lib\0.Plugins\Sirenix\Assemblies\Sirenix.Utilities.dll
Symbol file LoadedFromMemory doesn't match image G:\Unity饥荒\项目\Unity类饥荒3D生存-课堂\Assets\JKFrame\Scripts\0.Lib\0.Plugins\Sirenix\Assemblies\Sirenix.Serialization.dll
Symbol file LoadedFromMemory doesn't match image G:\Unity饥荒\项目\Unity类饥荒3D生存-课堂\Assets\JKFrame\Scripts\0.Lib\0.Plugins\Sirenix\Assemblies\Sirenix.Utilities.Editor.dll
Native extension for WindowsStandalone target not found
Refreshing native plugins compatible for Editor in 0.63 ms, found 3 plugins.
Preloading 0 native plugins for Editor in 0.00 ms.
Mono: successfully reloaded assembly
- Completed reload, in  2.447 seconds
Domain Reload Profiling:
	ReloadAssembly (2451ms)
		BeginReloadAssembly (161ms)
			ExecutionOrderSort (0ms)
			DisableScriptedObjects (7ms)
			BackupInstance (0ms)
			ReleaseScriptingObjects (0ms)
			CreateAndSetChildDomain (47ms)
		EndReloadAssembly (2177ms)
			LoadAssemblies (98ms)
			RebuildTransferFunctionScriptingTraits (0ms)
			SetupTypeCache (271ms)
			ReleaseScriptCaches (1ms)
			RebuildScriptCaches (40ms)
			SetupLoadedEditorAssemblies (1557ms)
				LogAssemblyErrors (0ms)
				InitializePlatformSupportModulesInManaged (11ms)
				SetLoadedEditorAssemblies (0ms)
				RefreshPlugins (1ms)
				BeforeProcessingInitializeOnLoad (151ms)
				ProcessInitializeOnLoadAttributes (1300ms)
				ProcessInitializeOnLoadMethodAttributes (80ms)
				AfterProcessingInitializeOnLoad (12ms)
				EditorAssembliesLoaded (0ms)
			ExecutionOrderSort2 (0ms)
			AwakeInstancesAfterBackupRestoration (51ms)
Platform modules already initialized, skipping
Refreshing native plugins compatible for Editor in 0.66 ms, found 3 plugins.
Preloading 0 native plugins for Editor in 0.00 ms.
Unloading 3378 Unused Serialized files (Serialized files now loaded: 0)
Unloading 43 unused Assets / (1.3 MB). Loaded Objects now: 3939.
Memory consumption went from 135.5 MB to 134.2 MB.
Total: 18.130900 ms (FindLiveObjects: 0.344400 ms CreateObjectMapping: 0.276500 ms MarkObjects: 17.208200 ms  DeleteObjects: 0.300000 ms)

AssetImportParameters requested are different than current active one (requested -> active):
  custom:video-decoder-ogg-theora: a1e56fd34408186e4bbccfd4996cb3dc -> 
  custom:container-muxer-webm: aa71ff27fc2769a1b78a27578f13a17b -> 
  custom:container-demuxer-webm: 4f35f7cbe854078d1ac9338744f61a02 -> 
  custom:video-encoder-webm-vp8: eb34c28f22e8b96e1ab97ce403110664 -> 
  custom:audio-encoder-webm-vorbis: bf7c407c2cedff20999df2af8eb42d56 -> 
  custom:framework-win-MediaFoundation: 216162199b28c13a410421893ffa2e32 -> 
  custom:container-demuxer-ogg: 62fdf1f143b41e24485cea50d1cbac27 -> 
  custom:video-decoder-webm-vp8: 9c59270c3fd7afecdb556c50c9e8de78 -> 
  custom:audio-decoder-ogg-vorbis: bf7c407c2cedff20999df2af8eb42d56 -> 
========================================================================
Received Prepare
Registering precompiled user dll's ...
Registered in 0.020892 seconds.
Begin MonoManager ReloadAssembly
Symbol file LoadedFromMemory doesn't match image G:\Unity饥荒\项目\Unity类饥荒3D生存-课堂\Library\PackageCache\com.unity.visualscripting@1.7.6\Editor\VisualScripting.Core\Dependencies\YamlDotNet\Unity.VisualScripting.YamlDotNet.dll
Symbol file LoadedFromMemory doesn't match image G:\Unity饥荒\项目\Unity类饥荒3D生存-课堂\Assets\JKFrame\Scripts\0.Lib\0.Plugins\Sirenix\Assemblies\Sirenix.OdinInspector.Editor.dll
Symbol file LoadedFromMemory doesn't match image G:\Unity饥荒\项目\Unity类饥荒3D生存-课堂\Assets\JKFrame\Scripts\0.Lib\0.Plugins\Sirenix\Assemblies\Sirenix.OdinInspector.Attributes.dll
Symbol file LoadedFromMemory doesn't match image G:\Unity饥荒\项目\Unity类饥荒3D生存-课堂\Library\PackageCache\com.unity.visualscripting@1.7.6\Editor\VisualScripting.Core\Dependencies\DotNetZip\Unity.VisualScripting.IonicZip.dll
Symbol file LoadedFromMemory doesn't match image G:\Unity饥荒\项目\Unity类饥荒3D生存-课堂\Assets\JKFrame\Scripts\0.Lib\0.Plugins\Sirenix\Assemblies\Sirenix.Serialization.Config.dll
Symbol file LoadedFromMemory doesn't match image G:\Unity饥荒\项目\Unity类饥荒3D生存-课堂\Assets\JKFrame\Scripts\0.Lib\0.Plugins\Sirenix\Assemblies\Sirenix.Utilities.dll
Symbol file LoadedFromMemory doesn't match image G:\Unity饥荒\项目\Unity类饥荒3D生存-课堂\Assets\JKFrame\Scripts\0.Lib\0.Plugins\Sirenix\Assemblies\Sirenix.Serialization.dll
Symbol file LoadedFromMemory doesn't match image G:\Unity饥荒\项目\Unity类饥荒3D生存-课堂\Assets\JKFrame\Scripts\0.Lib\0.Plugins\Sirenix\Assemblies\Sirenix.Utilities.Editor.dll
Native extension for WindowsStandalone target not found
Refreshing native plugins compatible for Editor in 0.63 ms, found 3 plugins.
Preloading 0 native plugins for Editor in 0.00 ms.
Mono: successfully reloaded assembly
- Completed reload, in  2.486 seconds
Domain Reload Profiling:
	ReloadAssembly (2486ms)
		BeginReloadAssembly (151ms)
			ExecutionOrderSort (0ms)
			DisableScriptedObjects (7ms)
			BackupInstance (0ms)
			ReleaseScriptingObjects (0ms)
			CreateAndSetChildDomain (44ms)
		EndReloadAssembly (2231ms)
			LoadAssemblies (93ms)
			RebuildTransferFunctionScriptingTraits (0ms)
			SetupTypeCache (257ms)
			ReleaseScriptCaches (1ms)
			RebuildScriptCaches (39ms)
			SetupLoadedEditorAssemblies (1610ms)
				LogAssemblyErrors (0ms)
				InitializePlatformSupportModulesInManaged (11ms)
				SetLoadedEditorAssemblies (0ms)
				RefreshPlugins (1ms)
				BeforeProcessingInitializeOnLoad (127ms)
				ProcessInitializeOnLoadAttributes (1392ms)
				ProcessInitializeOnLoadMethodAttributes (64ms)
				AfterProcessingInitializeOnLoad (12ms)
				EditorAssembliesLoaded (2ms)
			ExecutionOrderSort2 (0ms)
			AwakeInstancesAfterBackupRestoration (51ms)
Platform modules already initialized, skipping
Refreshing native plugins compatible for Editor in 0.64 ms, found 3 plugins.
Preloading 0 native plugins for Editor in 0.00 ms.
Unloading 3378 Unused Serialized files (Serialized files now loaded: 0)
Unloading 43 unused Assets / (1.3 MB). Loaded Objects now: 3941.
Memory consumption went from 135.5 MB to 134.2 MB.
Total: 21.104500 ms (FindLiveObjects: 0.350200 ms CreateObjectMapping: 0.289100 ms MarkObjects: 19.951700 ms  DeleteObjects: 0.511000 ms)

AssetImportParameters requested are different than current active one (requested -> active):
  custom:video-decoder-ogg-theora: a1e56fd34408186e4bbccfd4996cb3dc -> 
  custom:container-muxer-webm: aa71ff27fc2769a1b78a27578f13a17b -> 
  custom:container-demuxer-webm: 4f35f7cbe854078d1ac9338744f61a02 -> 
  custom:video-encoder-webm-vp8: eb34c28f22e8b96e1ab97ce403110664 -> 
  custom:audio-encoder-webm-vorbis: bf7c407c2cedff20999df2af8eb42d56 -> 
  custom:framework-win-MediaFoundation: 216162199b28c13a410421893ffa2e32 -> 
  custom:container-demuxer-ogg: 62fdf1f143b41e24485cea50d1cbac27 -> 
  custom:video-decoder-webm-vp8: 9c59270c3fd7afecdb556c50c9e8de78 -> 
  custom:audio-decoder-ogg-vorbis: bf7c407c2cedff20999df2af8eb42d56 -> 
========================================================================
Received Prepare
Registering precompiled user dll's ...
Registered in 0.020438 seconds.
Begin MonoManager ReloadAssembly
Symbol file LoadedFromMemory doesn't match image G:\Unity饥荒\项目\Unity类饥荒3D生存-课堂\Library\PackageCache\com.unity.visualscripting@1.7.6\Editor\VisualScripting.Core\Dependencies\YamlDotNet\Unity.VisualScripting.YamlDotNet.dll
Symbol file LoadedFromMemory doesn't match image G:\Unity饥荒\项目\Unity类饥荒3D生存-课堂\Assets\JKFrame\Scripts\0.Lib\0.Plugins\Sirenix\Assemblies\Sirenix.OdinInspector.Editor.dll
Symbol file LoadedFromMemory doesn't match image G:\Unity饥荒\项目\Unity类饥荒3D生存-课堂\Assets\JKFrame\Scripts\0.Lib\0.Plugins\Sirenix\Assemblies\Sirenix.OdinInspector.Attributes.dll
Symbol file LoadedFromMemory doesn't match image G:\Unity饥荒\项目\Unity类饥荒3D生存-课堂\Library\PackageCache\com.unity.visualscripting@1.7.6\Editor\VisualScripting.Core\Dependencies\DotNetZip\Unity.VisualScripting.IonicZip.dll
Symbol file LoadedFromMemory doesn't match image G:\Unity饥荒\项目\Unity类饥荒3D生存-课堂\Assets\JKFrame\Scripts\0.Lib\0.Plugins\Sirenix\Assemblies\Sirenix.Serialization.Config.dll
Symbol file LoadedFromMemory doesn't match image G:\Unity饥荒\项目\Unity类饥荒3D生存-课堂\Assets\JKFrame\Scripts\0.Lib\0.Plugins\Sirenix\Assemblies\Sirenix.Utilities.dll
Symbol file LoadedFromMemory doesn't match image G:\Unity饥荒\项目\Unity类饥荒3D生存-课堂\Assets\JKFrame\Scripts\0.Lib\0.Plugins\Sirenix\Assemblies\Sirenix.Serialization.dll
Symbol file LoadedFromMemory doesn't match image G:\Unity饥荒\项目\Unity类饥荒3D生存-课堂\Assets\JKFrame\Scripts\0.Lib\0.Plugins\Sirenix\Assemblies\Sirenix.Utilities.Editor.dll
Native extension for WindowsStandalone target not found
Refreshing native plugins compatible for Editor in 0.61 ms, found 3 plugins.
Preloading 0 native plugins for Editor in 0.00 ms.
Mono: successfully reloaded assembly
- Completed reload, in  2.548 seconds
Domain Reload Profiling:
	ReloadAssembly (2551ms)
		BeginReloadAssembly (152ms)
			ExecutionOrderSort (0ms)
			DisableScriptedObjects (7ms)
			BackupInstance (0ms)
			ReleaseScriptingObjects (0ms)
			CreateAndSetChildDomain (43ms)
		EndReloadAssembly (2291ms)
			LoadAssemblies (94ms)
			RebuildTransferFunctionScriptingTraits (0ms)
			SetupTypeCache (256ms)
			ReleaseScriptCaches (1ms)
			RebuildScriptCaches (38ms)
			SetupLoadedEditorAssemblies (1697ms)
				LogAssemblyErrors (0ms)
				InitializePlatformSupportModulesInManaged (11ms)
				SetLoadedEditorAssemblies (0ms)
				RefreshPlugins (1ms)
				BeforeProcessingInitializeOnLoad (159ms)
				ProcessInitializeOnLoadAttributes (1436ms)
				ProcessInitializeOnLoadMethodAttributes (78ms)
				AfterProcessingInitializeOnLoad (12ms)
				EditorAssembliesLoaded (0ms)
			ExecutionOrderSort2 (0ms)
			AwakeInstancesAfterBackupRestoration (46ms)
Platform modules already initialized, skipping
Refreshing native plugins compatible for Editor in 0.65 ms, found 3 plugins.
Preloading 0 native plugins for Editor in 0.00 ms.
Unloading 3378 Unused Serialized files (Serialized files now loaded: 0)
Unloading 43 unused Assets / (1.3 MB). Loaded Objects now: 3943.
Memory consumption went from 135.5 MB to 134.2 MB.
Total: 18.965200 ms (FindLiveObjects: 0.286500 ms CreateObjectMapping: 0.199700 ms MarkObjects: 18.065200 ms  DeleteObjects: 0.412400 ms)

AssetImportParameters requested are different than current active one (requested -> active):
  custom:video-decoder-ogg-theora: a1e56fd34408186e4bbccfd4996cb3dc -> 
  custom:container-muxer-webm: aa71ff27fc2769a1b78a27578f13a17b -> 
  custom:container-demuxer-webm: 4f35f7cbe854078d1ac9338744f61a02 -> 
  custom:video-encoder-webm-vp8: eb34c28f22e8b96e1ab97ce403110664 -> 
  custom:audio-encoder-webm-vorbis: bf7c407c2cedff20999df2af8eb42d56 -> 
  custom:framework-win-MediaFoundation: 216162199b28c13a410421893ffa2e32 -> 
  custom:container-demuxer-ogg: 62fdf1f143b41e24485cea50d1cbac27 -> 
  custom:video-decoder-webm-vp8: 9c59270c3fd7afecdb556c50c9e8de78 -> 
  custom:audio-decoder-ogg-vorbis: bf7c407c2cedff20999df2af8eb42d56 -> 
========================================================================
Received Prepare
Registering precompiled user dll's ...
Registered in 0.022699 seconds.
Begin MonoManager ReloadAssembly
Symbol file LoadedFromMemory doesn't match image G:\Unity饥荒\项目\Unity类饥荒3D生存-课堂\Library\PackageCache\com.unity.visualscripting@1.7.6\Editor\VisualScripting.Core\Dependencies\YamlDotNet\Unity.VisualScripting.YamlDotNet.dll
Symbol file LoadedFromMemory doesn't match image G:\Unity饥荒\项目\Unity类饥荒3D生存-课堂\Assets\JKFrame\Scripts\0.Lib\0.Plugins\Sirenix\Assemblies\Sirenix.OdinInspector.Editor.dll
Symbol file LoadedFromMemory doesn't match image G:\Unity饥荒\项目\Unity类饥荒3D生存-课堂\Assets\JKFrame\Scripts\0.Lib\0.Plugins\Sirenix\Assemblies\Sirenix.OdinInspector.Attributes.dll
Symbol file LoadedFromMemory doesn't match image G:\Unity饥荒\项目\Unity类饥荒3D生存-课堂\Library\PackageCache\com.unity.visualscripting@1.7.6\Editor\VisualScripting.Core\Dependencies\DotNetZip\Unity.VisualScripting.IonicZip.dll
Symbol file LoadedFromMemory doesn't match image G:\Unity饥荒\项目\Unity类饥荒3D生存-课堂\Assets\JKFrame\Scripts\0.Lib\0.Plugins\Sirenix\Assemblies\Sirenix.Serialization.Config.dll
Symbol file LoadedFromMemory doesn't match image G:\Unity饥荒\项目\Unity类饥荒3D生存-课堂\Assets\JKFrame\Scripts\0.Lib\0.Plugins\Sirenix\Assemblies\Sirenix.Utilities.dll
Symbol file LoadedFromMemory doesn't match image G:\Unity饥荒\项目\Unity类饥荒3D生存-课堂\Assets\JKFrame\Scripts\0.Lib\0.Plugins\Sirenix\Assemblies\Sirenix.Serialization.dll
Symbol file LoadedFromMemory doesn't match image G:\Unity饥荒\项目\Unity类饥荒3D生存-课堂\Assets\JKFrame\Scripts\0.Lib\0.Plugins\Sirenix\Assemblies\Sirenix.Utilities.Editor.dll
Native extension for WindowsStandalone target not found
Refreshing native plugins compatible for Editor in 0.79 ms, found 3 plugins.
Preloading 0 native plugins for Editor in 0.00 ms.
Mono: successfully reloaded assembly
- Completed reload, in  3.846 seconds
Domain Reload Profiling:
	ReloadAssembly (3849ms)
		BeginReloadAssembly (166ms)
			ExecutionOrderSort (0ms)
			DisableScriptedObjects (7ms)
			BackupInstance (0ms)
			ReleaseScriptingObjects (0ms)
			CreateAndSetChildDomain (52ms)
		EndReloadAssembly (3573ms)
			LoadAssemblies (96ms)
			RebuildTransferFunctionScriptingTraits (0ms)
			SetupTypeCache (259ms)
			ReleaseScriptCaches (1ms)
			RebuildScriptCaches (39ms)
			SetupLoadedEditorAssemblies (2990ms)
				LogAssemblyErrors (0ms)
				InitializePlatformSupportModulesInManaged (12ms)
				SetLoadedEditorAssemblies (0ms)
				RefreshPlugins (1ms)
				BeforeProcessingInitializeOnLoad (123ms)
				ProcessInitializeOnLoadAttributes (1995ms)
				ProcessInitializeOnLoadMethodAttributes (828ms)
				AfterProcessingInitializeOnLoad (29ms)
				EditorAssembliesLoaded (2ms)
			ExecutionOrderSort2 (0ms)
			AwakeInstancesAfterBackupRestoration (33ms)
Platform modules already initialized, skipping
Refreshing native plugins compatible for Editor in 0.99 ms, found 3 plugins.
Preloading 0 native plugins for Editor in 0.00 ms.
Unloading 3378 Unused Serialized files (Serialized files now loaded: 0)
Unloading 43 unused Assets / (1.3 MB). Loaded Objects now: 3945.
Memory consumption went from 135.5 MB to 134.2 MB.
Total: 28.878200 ms (FindLiveObjects: 0.544200 ms CreateObjectMapping: 0.395600 ms MarkObjects: 27.566100 ms  DeleteObjects: 0.370300 ms)

AssetImportParameters requested are different than current active one (requested -> active):
  custom:video-decoder-ogg-theora: a1e56fd34408186e4bbccfd4996cb3dc -> 
  custom:container-muxer-webm: aa71ff27fc2769a1b78a27578f13a17b -> 
  custom:container-demuxer-webm: 4f35f7cbe854078d1ac9338744f61a02 -> 
  custom:video-encoder-webm-vp8: eb34c28f22e8b96e1ab97ce403110664 -> 
  custom:audio-encoder-webm-vorbis: bf7c407c2cedff20999df2af8eb42d56 -> 
  custom:framework-win-MediaFoundation: 216162199b28c13a410421893ffa2e32 -> 
  custom:container-demuxer-ogg: 62fdf1f143b41e24485cea50d1cbac27 -> 
  custom:video-decoder-webm-vp8: 9c59270c3fd7afecdb556c50c9e8de78 -> 
  custom:audio-decoder-ogg-vorbis: bf7c407c2cedff20999df2af8eb42d56 -> 
========================================================================
Received Prepare
Registering precompiled user dll's ...
Registered in 0.070410 seconds.
Begin MonoManager ReloadAssembly
Symbol file LoadedFromMemory doesn't match image G:\Unity饥荒\项目\Unity类饥荒3D生存-课堂\Library\PackageCache\com.unity.visualscripting@1.7.6\Editor\VisualScripting.Core\Dependencies\YamlDotNet\Unity.VisualScripting.YamlDotNet.dll
Symbol file LoadedFromMemory doesn't match image G:\Unity饥荒\项目\Unity类饥荒3D生存-课堂\Assets\JKFrame\Scripts\0.Lib\0.Plugins\Sirenix\Assemblies\Sirenix.OdinInspector.Editor.dll
Symbol file LoadedFromMemory doesn't match image G:\Unity饥荒\项目\Unity类饥荒3D生存-课堂\Assets\JKFrame\Scripts\0.Lib\0.Plugins\Sirenix\Assemblies\Sirenix.OdinInspector.Attributes.dll
Symbol file LoadedFromMemory doesn't match image G:\Unity饥荒\项目\Unity类饥荒3D生存-课堂\Library\PackageCache\com.unity.visualscripting@1.7.6\Editor\VisualScripting.Core\Dependencies\DotNetZip\Unity.VisualScripting.IonicZip.dll
Symbol file LoadedFromMemory doesn't match image G:\Unity饥荒\项目\Unity类饥荒3D生存-课堂\Assets\JKFrame\Scripts\0.Lib\0.Plugins\Sirenix\Assemblies\Sirenix.Serialization.Config.dll
Symbol file LoadedFromMemory doesn't match image G:\Unity饥荒\项目\Unity类饥荒3D生存-课堂\Assets\JKFrame\Scripts\0.Lib\0.Plugins\Sirenix\Assemblies\Sirenix.Utilities.dll
Symbol file LoadedFromMemory doesn't match image G:\Unity饥荒\项目\Unity类饥荒3D生存-课堂\Assets\JKFrame\Scripts\0.Lib\0.Plugins\Sirenix\Assemblies\Sirenix.Serialization.dll
Symbol file LoadedFromMemory doesn't match image G:\Unity饥荒\项目\Unity类饥荒3D生存-课堂\Assets\JKFrame\Scripts\0.Lib\0.Plugins\Sirenix\Assemblies\Sirenix.Utilities.Editor.dll
Native extension for WindowsStandalone target not found
Refreshing native plugins compatible for Editor in 0.61 ms, found 3 plugins.
Preloading 0 native plugins for Editor in 0.00 ms.
Mono: successfully reloaded assembly
- Completed reload, in  2.376 seconds
Domain Reload Profiling:
	ReloadAssembly (2381ms)
		BeginReloadAssembly (170ms)
			ExecutionOrderSort (0ms)
			DisableScriptedObjects (8ms)
			BackupInstance (0ms)
			ReleaseScriptingObjects (0ms)
			CreateAndSetChildDomain (54ms)
		EndReloadAssembly (2085ms)
			LoadAssemblies (101ms)
			RebuildTransferFunctionScriptingTraits (0ms)
			SetupTypeCache (268ms)
			ReleaseScriptCaches (1ms)
			RebuildScriptCaches (43ms)
			SetupLoadedEditorAssemblies (1471ms)
				LogAssemblyErrors (0ms)
				InitializePlatformSupportModulesInManaged (12ms)
				SetLoadedEditorAssemblies (0ms)
				RefreshPlugins (1ms)
				BeforeProcessingInitializeOnLoad (129ms)
				ProcessInitializeOnLoadAttributes (1248ms)
				ProcessInitializeOnLoadMethodAttributes (68ms)
				AfterProcessingInitializeOnLoad (12ms)
				EditorAssembliesLoaded (2ms)
			ExecutionOrderSort2 (0ms)
			AwakeInstancesAfterBackupRestoration (50ms)
Platform modules already initialized, skipping
Refreshing native plugins compatible for Editor in 0.78 ms, found 3 plugins.
Preloading 0 native plugins for Editor in 0.00 ms.
Unloading 3378 Unused Serialized files (Serialized files now loaded: 0)
Unloading 43 unused Assets / (1.3 MB). Loaded Objects now: 3947.
Memory consumption went from 135.5 MB to 134.2 MB.
Total: 18.268600 ms (FindLiveObjects: 0.288300 ms CreateObjectMapping: 0.318600 ms MarkObjects: 17.393300 ms  DeleteObjects: 0.267200 ms)

AssetImportParameters requested are different than current active one (requested -> active):
  custom:video-decoder-ogg-theora: a1e56fd34408186e4bbccfd4996cb3dc -> 
  custom:container-muxer-webm: aa71ff27fc2769a1b78a27578f13a17b -> 
  custom:container-demuxer-webm: 4f35f7cbe854078d1ac9338744f61a02 -> 
  custom:video-encoder-webm-vp8: eb34c28f22e8b96e1ab97ce403110664 -> 
  custom:audio-encoder-webm-vorbis: bf7c407c2cedff20999df2af8eb42d56 -> 
  custom:framework-win-MediaFoundation: 216162199b28c13a410421893ffa2e32 -> 
  custom:container-demuxer-ogg: 62fdf1f143b41e24485cea50d1cbac27 -> 
  custom:video-decoder-webm-vp8: 9c59270c3fd7afecdb556c50c9e8de78 -> 
  custom:audio-decoder-ogg-vorbis: bf7c407c2cedff20999df2af8eb42d56 -> 
========================================================================
Received Prepare
Registering precompiled user dll's ...
Registered in 0.023414 seconds.
Begin MonoManager ReloadAssembly
Symbol file LoadedFromMemory doesn't match image G:\Unity饥荒\项目\Unity类饥荒3D生存-课堂\Library\PackageCache\com.unity.visualscripting@1.7.6\Editor\VisualScripting.Core\Dependencies\YamlDotNet\Unity.VisualScripting.YamlDotNet.dll
Symbol file LoadedFromMemory doesn't match image G:\Unity饥荒\项目\Unity类饥荒3D生存-课堂\Assets\JKFrame\Scripts\0.Lib\0.Plugins\Sirenix\Assemblies\Sirenix.OdinInspector.Editor.dll
Symbol file LoadedFromMemory doesn't match image G:\Unity饥荒\项目\Unity类饥荒3D生存-课堂\Assets\JKFrame\Scripts\0.Lib\0.Plugins\Sirenix\Assemblies\Sirenix.OdinInspector.Attributes.dll
Symbol file LoadedFromMemory doesn't match image G:\Unity饥荒\项目\Unity类饥荒3D生存-课堂\Library\PackageCache\com.unity.visualscripting@1.7.6\Editor\VisualScripting.Core\Dependencies\DotNetZip\Unity.VisualScripting.IonicZip.dll
Symbol file LoadedFromMemory doesn't match image G:\Unity饥荒\项目\Unity类饥荒3D生存-课堂\Assets\JKFrame\Scripts\0.Lib\0.Plugins\Sirenix\Assemblies\Sirenix.Serialization.Config.dll
Symbol file LoadedFromMemory doesn't match image G:\Unity饥荒\项目\Unity类饥荒3D生存-课堂\Assets\JKFrame\Scripts\0.Lib\0.Plugins\Sirenix\Assemblies\Sirenix.Utilities.dll
Symbol file LoadedFromMemory doesn't match image G:\Unity饥荒\项目\Unity类饥荒3D生存-课堂\Assets\JKFrame\Scripts\0.Lib\0.Plugins\Sirenix\Assemblies\Sirenix.Serialization.dll
Symbol file LoadedFromMemory doesn't match image G:\Unity饥荒\项目\Unity类饥荒3D生存-课堂\Assets\JKFrame\Scripts\0.Lib\0.Plugins\Sirenix\Assemblies\Sirenix.Utilities.Editor.dll
Native extension for WindowsStandalone target not found
Refreshing native plugins compatible for Editor in 0.60 ms, found 3 plugins.
Preloading 0 native plugins for Editor in 0.00 ms.
Mono: successfully reloaded assembly
- Completed reload, in  2.779 seconds
Domain Reload Profiling:
	ReloadAssembly (2780ms)
		BeginReloadAssembly (163ms)
			ExecutionOrderSort (0ms)
			DisableScriptedObjects (8ms)
			BackupInstance (0ms)
			ReleaseScriptingObjects (0ms)
			CreateAndSetChildDomain (48ms)
		EndReloadAssembly (2502ms)
			LoadAssemblies (99ms)
			RebuildTransferFunctionScriptingTraits (0ms)
			SetupTypeCache (283ms)
			ReleaseScriptCaches (1ms)
			RebuildScriptCaches (41ms)
			SetupLoadedEditorAssemblies (1927ms)
				LogAssemblyErrors (0ms)
				InitializePlatformSupportModulesInManaged (12ms)
				SetLoadedEditorAssemblies (1ms)
				RefreshPlugins (1ms)
				BeforeProcessingInitializeOnLoad (129ms)
				ProcessInitializeOnLoadAttributes (1714ms)
				ProcessInitializeOnLoadMethodAttributes (59ms)
				AfterProcessingInitializeOnLoad (12ms)
				EditorAssembliesLoaded (1ms)
			ExecutionOrderSort2 (0ms)
			AwakeInstancesAfterBackupRestoration (50ms)
Platform modules already initialized, skipping
Refreshing native plugins compatible for Editor in 1.07 ms, found 3 plugins.
Preloading 0 native plugins for Editor in 0.00 ms.
Unloading 3378 Unused Serialized files (Serialized files now loaded: 0)
Unloading 43 unused Assets / (1.3 MB). Loaded Objects now: 3949.
Memory consumption went from 135.5 MB to 134.2 MB.
Total: 18.486200 ms (FindLiveObjects: 0.297500 ms CreateObjectMapping: 0.290700 ms MarkObjects: 17.584100 ms  DeleteObjects: 0.312600 ms)

AssetImportParameters requested are different than current active one (requested -> active):
  custom:video-decoder-ogg-theora: a1e56fd34408186e4bbccfd4996cb3dc -> 
  custom:container-muxer-webm: aa71ff27fc2769a1b78a27578f13a17b -> 
  custom:container-demuxer-webm: 4f35f7cbe854078d1ac9338744f61a02 -> 
  custom:video-encoder-webm-vp8: eb34c28f22e8b96e1ab97ce403110664 -> 
  custom:audio-encoder-webm-vorbis: bf7c407c2cedff20999df2af8eb42d56 -> 
  custom:framework-win-MediaFoundation: 216162199b28c13a410421893ffa2e32 -> 
  custom:container-demuxer-ogg: 62fdf1f143b41e24485cea50d1cbac27 -> 
  custom:video-decoder-webm-vp8: 9c59270c3fd7afecdb556c50c9e8de78 -> 
  custom:audio-decoder-ogg-vorbis: bf7c407c2cedff20999df2af8eb42d56 -> 
========================================================================
Received Prepare
Registering precompiled user dll's ...
Registered in 0.022311 seconds.
Begin MonoManager ReloadAssembly
Symbol file LoadedFromMemory doesn't match image G:\Unity饥荒\项目\Unity类饥荒3D生存-课堂\Library\PackageCache\com.unity.visualscripting@1.7.6\Editor\VisualScripting.Core\Dependencies\YamlDotNet\Unity.VisualScripting.YamlDotNet.dll
Symbol file LoadedFromMemory doesn't match image G:\Unity饥荒\项目\Unity类饥荒3D生存-课堂\Assets\JKFrame\Scripts\0.Lib\0.Plugins\Sirenix\Assemblies\Sirenix.OdinInspector.Editor.dll
Symbol file LoadedFromMemory doesn't match image G:\Unity饥荒\项目\Unity类饥荒3D生存-课堂\Assets\JKFrame\Scripts\0.Lib\0.Plugins\Sirenix\Assemblies\Sirenix.OdinInspector.Attributes.dll
Symbol file LoadedFromMemory doesn't match image G:\Unity饥荒\项目\Unity类饥荒3D生存-课堂\Library\PackageCache\com.unity.visualscripting@1.7.6\Editor\VisualScripting.Core\Dependencies\DotNetZip\Unity.VisualScripting.IonicZip.dll
Symbol file LoadedFromMemory doesn't match image G:\Unity饥荒\项目\Unity类饥荒3D生存-课堂\Assets\JKFrame\Scripts\0.Lib\0.Plugins\Sirenix\Assemblies\Sirenix.Serialization.Config.dll
Symbol file LoadedFromMemory doesn't match image G:\Unity饥荒\项目\Unity类饥荒3D生存-课堂\Assets\JKFrame\Scripts\0.Lib\0.Plugins\Sirenix\Assemblies\Sirenix.Utilities.dll
Symbol file LoadedFromMemory doesn't match image G:\Unity饥荒\项目\Unity类饥荒3D生存-课堂\Assets\JKFrame\Scripts\0.Lib\0.Plugins\Sirenix\Assemblies\Sirenix.Serialization.dll
Symbol file LoadedFromMemory doesn't match image G:\Unity饥荒\项目\Unity类饥荒3D生存-课堂\Assets\JKFrame\Scripts\0.Lib\0.Plugins\Sirenix\Assemblies\Sirenix.Utilities.Editor.dll
Native extension for WindowsStandalone target not found
Refreshing native plugins compatible for Editor in 0.74 ms, found 3 plugins.
Preloading 0 native plugins for Editor in 0.00 ms.
Mono: successfully reloaded assembly
- Completed reload, in  5.617 seconds
Domain Reload Profiling:
	ReloadAssembly (5618ms)
		BeginReloadAssembly (153ms)
			ExecutionOrderSort (0ms)
			DisableScriptedObjects (7ms)
			BackupInstance (0ms)
			ReleaseScriptingObjects (0ms)
			CreateAndSetChildDomain (44ms)
		EndReloadAssembly (5355ms)
			LoadAssemblies (95ms)
			RebuildTransferFunctionScriptingTraits (0ms)
			SetupTypeCache (268ms)
			ReleaseScriptCaches (1ms)
			RebuildScriptCaches (46ms)
			SetupLoadedEditorAssemblies (4312ms)
				LogAssemblyErrors (0ms)
				InitializePlatformSupportModulesInManaged (13ms)
				SetLoadedEditorAssemblies (1ms)
				RefreshPlugins (1ms)
				BeforeProcessingInitializeOnLoad (136ms)
				ProcessInitializeOnLoadAttributes (3812ms)
				ProcessInitializeOnLoadMethodAttributes (331ms)
				AfterProcessingInitializeOnLoad (19ms)
				EditorAssembliesLoaded (0ms)
			ExecutionOrderSort2 (0ms)
			AwakeInstancesAfterBackupRestoration (226ms)
Platform modules already initialized, skipping
Refreshing native plugins compatible for Editor in 0.98 ms, found 3 plugins.
Preloading 0 native plugins for Editor in 0.00 ms.
Unloading 3378 Unused Serialized files (Serialized files now loaded: 0)
Unloading 43 unused Assets / (1.3 MB). Loaded Objects now: 3951.
Memory consumption went from 135.5 MB to 134.2 MB.
Total: 28.249400 ms (FindLiveObjects: 0.338200 ms CreateObjectMapping: 0.331500 ms MarkObjects: 26.819200 ms  DeleteObjects: 0.758300 ms)

AssetImportParameters requested are different than current active one (requested -> active):
  custom:video-decoder-ogg-theora: a1e56fd34408186e4bbccfd4996cb3dc -> 
  custom:container-muxer-webm: aa71ff27fc2769a1b78a27578f13a17b -> 
  custom:container-demuxer-webm: 4f35f7cbe854078d1ac9338744f61a02 -> 
  custom:video-encoder-webm-vp8: eb34c28f22e8b96e1ab97ce403110664 -> 
  custom:audio-encoder-webm-vorbis: bf7c407c2cedff20999df2af8eb42d56 -> 
  custom:framework-win-MediaFoundation: 216162199b28c13a410421893ffa2e32 -> 
  custom:container-demuxer-ogg: 62fdf1f143b41e24485cea50d1cbac27 -> 
  custom:video-decoder-webm-vp8: 9c59270c3fd7afecdb556c50c9e8de78 -> 
  custom:audio-decoder-ogg-vorbis: bf7c407c2cedff20999df2af8eb42d56 -> 
========================================================================
Received Prepare
Registering precompiled user dll's ...
Registered in 0.020614 seconds.
Begin MonoManager ReloadAssembly
Symbol file LoadedFromMemory doesn't match image G:\Unity饥荒\项目\Unity类饥荒3D生存-课堂\Library\PackageCache\com.unity.visualscripting@1.7.6\Editor\VisualScripting.Core\Dependencies\YamlDotNet\Unity.VisualScripting.YamlDotNet.dll
Symbol file LoadedFromMemory doesn't match image G:\Unity饥荒\项目\Unity类饥荒3D生存-课堂\Assets\JKFrame\Scripts\0.Lib\0.Plugins\Sirenix\Assemblies\Sirenix.OdinInspector.Editor.dll
Symbol file LoadedFromMemory doesn't match image G:\Unity饥荒\项目\Unity类饥荒3D生存-课堂\Assets\JKFrame\Scripts\0.Lib\0.Plugins\Sirenix\Assemblies\Sirenix.OdinInspector.Attributes.dll
Symbol file LoadedFromMemory doesn't match image G:\Unity饥荒\项目\Unity类饥荒3D生存-课堂\Library\PackageCache\com.unity.visualscripting@1.7.6\Editor\VisualScripting.Core\Dependencies\DotNetZip\Unity.VisualScripting.IonicZip.dll
Symbol file LoadedFromMemory doesn't match image G:\Unity饥荒\项目\Unity类饥荒3D生存-课堂\Assets\JKFrame\Scripts\0.Lib\0.Plugins\Sirenix\Assemblies\Sirenix.Serialization.Config.dll
Symbol file LoadedFromMemory doesn't match image G:\Unity饥荒\项目\Unity类饥荒3D生存-课堂\Assets\JKFrame\Scripts\0.Lib\0.Plugins\Sirenix\Assemblies\Sirenix.Utilities.dll
Symbol file LoadedFromMemory doesn't match image G:\Unity饥荒\项目\Unity类饥荒3D生存-课堂\Assets\JKFrame\Scripts\0.Lib\0.Plugins\Sirenix\Assemblies\Sirenix.Serialization.dll
Symbol file LoadedFromMemory doesn't match image G:\Unity饥荒\项目\Unity类饥荒3D生存-课堂\Assets\JKFrame\Scripts\0.Lib\0.Plugins\Sirenix\Assemblies\Sirenix.Utilities.Editor.dll
Native extension for WindowsStandalone target not found
Refreshing native plugins compatible for Editor in 0.76 ms, found 3 plugins.
Preloading 0 native plugins for Editor in 0.00 ms.
Mono: successfully reloaded assembly
- Completed reload, in  2.607 seconds
Domain Reload Profiling:
	ReloadAssembly (2611ms)
		BeginReloadAssembly (172ms)
			ExecutionOrderSort (0ms)
			DisableScriptedObjects (8ms)
			BackupInstance (0ms)
			ReleaseScriptingObjects (0ms)
			CreateAndSetChildDomain (50ms)
		EndReloadAssembly (2325ms)
			LoadAssemblies (104ms)
			RebuildTransferFunctionScriptingTraits (0ms)
			SetupTypeCache (263ms)
			ReleaseScriptCaches (1ms)
			RebuildScriptCaches (43ms)
			SetupLoadedEditorAssemblies (1791ms)
				LogAssemblyErrors (0ms)
				InitializePlatformSupportModulesInManaged (12ms)
				SetLoadedEditorAssemblies (1ms)
				RefreshPlugins (1ms)
				BeforeProcessingInitializeOnLoad (139ms)
				ProcessInitializeOnLoadAttributes (1577ms)
				ProcessInitializeOnLoadMethodAttributes (50ms)
				AfterProcessingInitializeOnLoad (12ms)
				EditorAssembliesLoaded (0ms)
			ExecutionOrderSort2 (0ms)
			AwakeInstancesAfterBackupRestoration (29ms)
Platform modules already initialized, skipping
Refreshing native plugins compatible for Editor in 0.65 ms, found 3 plugins.
Preloading 0 native plugins for Editor in 0.00 ms.
Unloading 3378 Unused Serialized files (Serialized files now loaded: 0)
Unloading 43 unused Assets / (1.3 MB). Loaded Objects now: 3953.
Memory consumption went from 135.6 MB to 134.3 MB.
Total: 17.126000 ms (FindLiveObjects: 0.290900 ms CreateObjectMapping: 0.211900 ms MarkObjects: 16.349800 ms  DeleteObjects: 0.271900 ms)

AssetImportParameters requested are different than current active one (requested -> active):
  custom:video-decoder-ogg-theora: a1e56fd34408186e4bbccfd4996cb3dc -> 
  custom:container-muxer-webm: aa71ff27fc2769a1b78a27578f13a17b -> 
  custom:container-demuxer-webm: 4f35f7cbe854078d1ac9338744f61a02 -> 
  custom:video-encoder-webm-vp8: eb34c28f22e8b96e1ab97ce403110664 -> 
  custom:audio-encoder-webm-vorbis: bf7c407c2cedff20999df2af8eb42d56 -> 
  custom:framework-win-MediaFoundation: 216162199b28c13a410421893ffa2e32 -> 
  custom:container-demuxer-ogg: 62fdf1f143b41e24485cea50d1cbac27 -> 
  custom:video-decoder-webm-vp8: 9c59270c3fd7afecdb556c50c9e8de78 -> 
  custom:audio-decoder-ogg-vorbis: bf7c407c2cedff20999df2af8eb42d56 -> 
========================================================================
Received Prepare
Registering precompiled user dll's ...
Registered in 0.021675 seconds.
Begin MonoManager ReloadAssembly
Symbol file LoadedFromMemory doesn't match image G:\Unity饥荒\项目\Unity类饥荒3D生存-课堂\Library\PackageCache\com.unity.visualscripting@1.7.6\Editor\VisualScripting.Core\Dependencies\YamlDotNet\Unity.VisualScripting.YamlDotNet.dll
Symbol file LoadedFromMemory doesn't match image G:\Unity饥荒\项目\Unity类饥荒3D生存-课堂\Assets\JKFrame\Scripts\0.Lib\0.Plugins\Sirenix\Assemblies\Sirenix.OdinInspector.Editor.dll
Symbol file LoadedFromMemory doesn't match image G:\Unity饥荒\项目\Unity类饥荒3D生存-课堂\Assets\JKFrame\Scripts\0.Lib\0.Plugins\Sirenix\Assemblies\Sirenix.OdinInspector.Attributes.dll
Symbol file LoadedFromMemory doesn't match image G:\Unity饥荒\项目\Unity类饥荒3D生存-课堂\Library\PackageCache\com.unity.visualscripting@1.7.6\Editor\VisualScripting.Core\Dependencies\DotNetZip\Unity.VisualScripting.IonicZip.dll
Symbol file LoadedFromMemory doesn't match image G:\Unity饥荒\项目\Unity类饥荒3D生存-课堂\Assets\JKFrame\Scripts\0.Lib\0.Plugins\Sirenix\Assemblies\Sirenix.Serialization.Config.dll
Symbol file LoadedFromMemory doesn't match image G:\Unity饥荒\项目\Unity类饥荒3D生存-课堂\Assets\JKFrame\Scripts\0.Lib\0.Plugins\Sirenix\Assemblies\Sirenix.Utilities.dll
Symbol file LoadedFromMemory doesn't match image G:\Unity饥荒\项目\Unity类饥荒3D生存-课堂\Assets\JKFrame\Scripts\0.Lib\0.Plugins\Sirenix\Assemblies\Sirenix.Serialization.dll
Symbol file LoadedFromMemory doesn't match image G:\Unity饥荒\项目\Unity类饥荒3D生存-课堂\Assets\JKFrame\Scripts\0.Lib\0.Plugins\Sirenix\Assemblies\Sirenix.Utilities.Editor.dll
Native extension for WindowsStandalone target not found
Refreshing native plugins compatible for Editor in 1.72 ms, found 3 plugins.
Preloading 0 native plugins for Editor in 0.00 ms.
Mono: successfully reloaded assembly
- Completed reload, in  4.501 seconds
Domain Reload Profiling:
	ReloadAssembly (4518ms)
		BeginReloadAssembly (153ms)
			ExecutionOrderSort (0ms)
			DisableScriptedObjects (7ms)
			BackupInstance (0ms)
			ReleaseScriptingObjects (0ms)
			CreateAndSetChildDomain (41ms)
		EndReloadAssembly (4254ms)
			LoadAssemblies (98ms)
			RebuildTransferFunctionScriptingTraits (0ms)
			SetupTypeCache (260ms)
			ReleaseScriptCaches (1ms)
			RebuildScriptCaches (50ms)
			SetupLoadedEditorAssemblies (3494ms)
				LogAssemblyErrors (0ms)
				InitializePlatformSupportModulesInManaged (13ms)
				SetLoadedEditorAssemblies (1ms)
				RefreshPlugins (2ms)
				BeforeProcessingInitializeOnLoad (136ms)
				ProcessInitializeOnLoadAttributes (3173ms)
				ProcessInitializeOnLoadMethodAttributes (145ms)
				AfterProcessingInitializeOnLoad (22ms)
				EditorAssembliesLoaded (2ms)
			ExecutionOrderSort2 (0ms)
			AwakeInstancesAfterBackupRestoration (99ms)
Platform modules already initialized, skipping
Refreshing native plugins compatible for Editor in 1.28 ms, found 3 plugins.
Preloading 0 native plugins for Editor in 0.00 ms.
Unloading 3378 Unused Serialized files (Serialized files now loaded: 0)
Unloading 43 unused Assets / (1.3 MB). Loaded Objects now: 3955.
Memory consumption went from 135.6 MB to 134.3 MB.
Total: 30.721700 ms (FindLiveObjects: 0.862400 ms CreateObjectMapping: 0.763000 ms MarkObjects: 28.470500 ms  DeleteObjects: 0.622600 ms)

AssetImportParameters requested are different than current active one (requested -> active):
  custom:video-decoder-ogg-theora: a1e56fd34408186e4bbccfd4996cb3dc -> 
  custom:container-muxer-webm: aa71ff27fc2769a1b78a27578f13a17b -> 
  custom:container-demuxer-webm: 4f35f7cbe854078d1ac9338744f61a02 -> 
  custom:video-encoder-webm-vp8: eb34c28f22e8b96e1ab97ce403110664 -> 
  custom:audio-encoder-webm-vorbis: bf7c407c2cedff20999df2af8eb42d56 -> 
  custom:framework-win-MediaFoundation: 216162199b28c13a410421893ffa2e32 -> 
  custom:container-demuxer-ogg: 62fdf1f143b41e24485cea50d1cbac27 -> 
  custom:video-decoder-webm-vp8: 9c59270c3fd7afecdb556c50c9e8de78 -> 
  custom:audio-decoder-ogg-vorbis: bf7c407c2cedff20999df2af8eb42d56 -> 
========================================================================
Received Prepare
Registering precompiled user dll's ...
Registered in 0.022567 seconds.
Begin MonoManager ReloadAssembly
Symbol file LoadedFromMemory doesn't match image G:\Unity饥荒\项目\Unity类饥荒3D生存-课堂\Library\PackageCache\com.unity.visualscripting@1.7.6\Editor\VisualScripting.Core\Dependencies\YamlDotNet\Unity.VisualScripting.YamlDotNet.dll
Symbol file LoadedFromMemory doesn't match image G:\Unity饥荒\项目\Unity类饥荒3D生存-课堂\Assets\JKFrame\Scripts\0.Lib\0.Plugins\Sirenix\Assemblies\Sirenix.OdinInspector.Editor.dll
Symbol file LoadedFromMemory doesn't match image G:\Unity饥荒\项目\Unity类饥荒3D生存-课堂\Assets\JKFrame\Scripts\0.Lib\0.Plugins\Sirenix\Assemblies\Sirenix.OdinInspector.Attributes.dll
Symbol file LoadedFromMemory doesn't match image G:\Unity饥荒\项目\Unity类饥荒3D生存-课堂\Library\PackageCache\com.unity.visualscripting@1.7.6\Editor\VisualScripting.Core\Dependencies\DotNetZip\Unity.VisualScripting.IonicZip.dll
Symbol file LoadedFromMemory doesn't match image G:\Unity饥荒\项目\Unity类饥荒3D生存-课堂\Assets\JKFrame\Scripts\0.Lib\0.Plugins\Sirenix\Assemblies\Sirenix.Serialization.Config.dll
Symbol file LoadedFromMemory doesn't match image G:\Unity饥荒\项目\Unity类饥荒3D生存-课堂\Assets\JKFrame\Scripts\0.Lib\0.Plugins\Sirenix\Assemblies\Sirenix.Utilities.dll
Symbol file LoadedFromMemory doesn't match image G:\Unity饥荒\项目\Unity类饥荒3D生存-课堂\Assets\JKFrame\Scripts\0.Lib\0.Plugins\Sirenix\Assemblies\Sirenix.Serialization.dll
Symbol file LoadedFromMemory doesn't match image G:\Unity饥荒\项目\Unity类饥荒3D生存-课堂\Assets\JKFrame\Scripts\0.Lib\0.Plugins\Sirenix\Assemblies\Sirenix.Utilities.Editor.dll
Native extension for WindowsStandalone target not found
Refreshing native plugins compatible for Editor in 0.63 ms, found 3 plugins.
Preloading 0 native plugins for Editor in 0.00 ms.
Mono: successfully reloaded assembly
- Completed reload, in  3.987 seconds
Domain Reload Profiling:
	ReloadAssembly (3989ms)
		BeginReloadAssembly (168ms)
			ExecutionOrderSort (0ms)
			DisableScriptedObjects (9ms)
			BackupInstance (0ms)
			ReleaseScriptingObjects (0ms)
			CreateAndSetChildDomain (46ms)
		EndReloadAssembly (3709ms)
			LoadAssemblies (98ms)
			RebuildTransferFunctionScriptingTraits (0ms)
			SetupTypeCache (272ms)
			ReleaseScriptCaches (1ms)
			RebuildScriptCaches (41ms)
			SetupLoadedEditorAssemblies (2993ms)
				LogAssemblyErrors (0ms)
				InitializePlatformSupportModulesInManaged (11ms)
				SetLoadedEditorAssemblies (0ms)
				RefreshPlugins (1ms)
				BeforeProcessingInitializeOnLoad (127ms)
				ProcessInitializeOnLoadAttributes (2726ms)
				ProcessInitializeOnLoadMethodAttributes (107ms)
				AfterProcessingInitializeOnLoad (20ms)
				EditorAssembliesLoaded (1ms)
			ExecutionOrderSort2 (0ms)
			AwakeInstancesAfterBackupRestoration (67ms)
Platform modules already initialized, skipping
Refreshing native plugins compatible for Editor in 1.28 ms, found 3 plugins.
Preloading 0 native plugins for Editor in 0.00 ms.
Unloading 3378 Unused Serialized files (Serialized files now loaded: 0)
Unloading 43 unused Assets / (1.3 MB). Loaded Objects now: 3957.
Memory consumption went from 135.6 MB to 134.3 MB.
Total: 30.792700 ms (FindLiveObjects: 0.783700 ms CreateObjectMapping: 1.056600 ms MarkObjects: 28.485300 ms  DeleteObjects: 0.461800 ms)

AssetImportParameters requested are different than current active one (requested -> active):
  custom:video-decoder-ogg-theora: a1e56fd34408186e4bbccfd4996cb3dc -> 
  custom:container-muxer-webm: aa71ff27fc2769a1b78a27578f13a17b -> 
  custom:container-demuxer-webm: 4f35f7cbe854078d1ac9338744f61a02 -> 
  custom:video-encoder-webm-vp8: eb34c28f22e8b96e1ab97ce403110664 -> 
  custom:audio-encoder-webm-vorbis: bf7c407c2cedff20999df2af8eb42d56 -> 
  custom:framework-win-MediaFoundation: 216162199b28c13a410421893ffa2e32 -> 
  custom:container-demuxer-ogg: 62fdf1f143b41e24485cea50d1cbac27 -> 
  custom:video-decoder-webm-vp8: 9c59270c3fd7afecdb556c50c9e8de78 -> 
  custom:audio-decoder-ogg-vorbis: bf7c407c2cedff20999df2af8eb42d56 -> 
========================================================================
Received Prepare
Registering precompiled user dll's ...
Registered in 0.022915 seconds.
Begin MonoManager ReloadAssembly
Symbol file LoadedFromMemory doesn't match image G:\Unity饥荒\项目\Unity类饥荒3D生存-课堂\Library\PackageCache\com.unity.visualscripting@1.7.6\Editor\VisualScripting.Core\Dependencies\YamlDotNet\Unity.VisualScripting.YamlDotNet.dll
Symbol file LoadedFromMemory doesn't match image G:\Unity饥荒\项目\Unity类饥荒3D生存-课堂\Assets\JKFrame\Scripts\0.Lib\0.Plugins\Sirenix\Assemblies\Sirenix.OdinInspector.Editor.dll
Symbol file LoadedFromMemory doesn't match image G:\Unity饥荒\项目\Unity类饥荒3D生存-课堂\Assets\JKFrame\Scripts\0.Lib\0.Plugins\Sirenix\Assemblies\Sirenix.OdinInspector.Attributes.dll
Symbol file LoadedFromMemory doesn't match image G:\Unity饥荒\项目\Unity类饥荒3D生存-课堂\Library\PackageCache\com.unity.visualscripting@1.7.6\Editor\VisualScripting.Core\Dependencies\DotNetZip\Unity.VisualScripting.IonicZip.dll
Symbol file LoadedFromMemory doesn't match image G:\Unity饥荒\项目\Unity类饥荒3D生存-课堂\Assets\JKFrame\Scripts\0.Lib\0.Plugins\Sirenix\Assemblies\Sirenix.Serialization.Config.dll
Symbol file LoadedFromMemory doesn't match image G:\Unity饥荒\项目\Unity类饥荒3D生存-课堂\Assets\JKFrame\Scripts\0.Lib\0.Plugins\Sirenix\Assemblies\Sirenix.Utilities.dll
Symbol file LoadedFromMemory doesn't match image G:\Unity饥荒\项目\Unity类饥荒3D生存-课堂\Assets\JKFrame\Scripts\0.Lib\0.Plugins\Sirenix\Assemblies\Sirenix.Serialization.dll
Symbol file LoadedFromMemory doesn't match image G:\Unity饥荒\项目\Unity类饥荒3D生存-课堂\Assets\JKFrame\Scripts\0.Lib\0.Plugins\Sirenix\Assemblies\Sirenix.Utilities.Editor.dll
Native extension for WindowsStandalone target not found
Refreshing native plugins compatible for Editor in 0.75 ms, found 3 plugins.
Preloading 0 native plugins for Editor in 0.00 ms.
Mono: successfully reloaded assembly
- Completed reload, in  3.254 seconds
Domain Reload Profiling:
	ReloadAssembly (3258ms)
		BeginReloadAssembly (160ms)
			ExecutionOrderSort (0ms)
			DisableScriptedObjects (8ms)
			BackupInstance (0ms)
			ReleaseScriptingObjects (0ms)
			CreateAndSetChildDomain (45ms)
		EndReloadAssembly (2990ms)
			LoadAssemblies (98ms)
			RebuildTransferFunctionScriptingTraits (0ms)
			SetupTypeCache (256ms)
			ReleaseScriptCaches (1ms)
			RebuildScriptCaches (39ms)
			SetupLoadedEditorAssemblies (2350ms)
				LogAssemblyErrors (0ms)
				InitializePlatformSupportModulesInManaged (11ms)
				SetLoadedEditorAssemblies (0ms)
				RefreshPlugins (1ms)
				BeforeProcessingInitializeOnLoad (125ms)
				ProcessInitializeOnLoadAttributes (2127ms)
				ProcessInitializeOnLoadMethodAttributes (70ms)
				AfterProcessingInitializeOnLoad (14ms)
				EditorAssembliesLoaded (2ms)
			ExecutionOrderSort2 (0ms)
			AwakeInstancesAfterBackupRestoration (53ms)
Platform modules already initialized, skipping
Refreshing native plugins compatible for Editor in 0.93 ms, found 3 plugins.
Preloading 0 native plugins for Editor in 0.00 ms.
Unloading 3378 Unused Serialized files (Serialized files now loaded: 0)
Unloading 43 unused Assets / (1.3 MB). Loaded Objects now: 3959.
Memory consumption went from 135.6 MB to 134.3 MB.
Total: 26.113300 ms (FindLiveObjects: 1.390700 ms CreateObjectMapping: 0.712200 ms MarkObjects: 23.599400 ms  DeleteObjects: 0.408500 ms)

AssetImportParameters requested are different than current active one (requested -> active):
  custom:video-decoder-ogg-theora: a1e56fd34408186e4bbccfd4996cb3dc -> 
  custom:container-muxer-webm: aa71ff27fc2769a1b78a27578f13a17b -> 
  custom:container-demuxer-webm: 4f35f7cbe854078d1ac9338744f61a02 -> 
  custom:video-encoder-webm-vp8: eb34c28f22e8b96e1ab97ce403110664 -> 
  custom:audio-encoder-webm-vorbis: bf7c407c2cedff20999df2af8eb42d56 -> 
  custom:framework-win-MediaFoundation: 216162199b28c13a410421893ffa2e32 -> 
  custom:container-demuxer-ogg: 62fdf1f143b41e24485cea50d1cbac27 -> 
  custom:video-decoder-webm-vp8: 9c59270c3fd7afecdb556c50c9e8de78 -> 
  custom:audio-decoder-ogg-vorbis: bf7c407c2cedff20999df2af8eb42d56 -> 
========================================================================
Received Prepare
Registering precompiled user dll's ...
Registered in 0.020099 seconds.
Begin MonoManager ReloadAssembly
Symbol file LoadedFromMemory doesn't match image G:\Unity饥荒\项目\Unity类饥荒3D生存-课堂\Library\PackageCache\com.unity.visualscripting@1.7.6\Editor\VisualScripting.Core\Dependencies\YamlDotNet\Unity.VisualScripting.YamlDotNet.dll
Symbol file LoadedFromMemory doesn't match image G:\Unity饥荒\项目\Unity类饥荒3D生存-课堂\Assets\JKFrame\Scripts\0.Lib\0.Plugins\Sirenix\Assemblies\Sirenix.OdinInspector.Editor.dll
Symbol file LoadedFromMemory doesn't match image G:\Unity饥荒\项目\Unity类饥荒3D生存-课堂\Assets\JKFrame\Scripts\0.Lib\0.Plugins\Sirenix\Assemblies\Sirenix.OdinInspector.Attributes.dll
Symbol file LoadedFromMemory doesn't match image G:\Unity饥荒\项目\Unity类饥荒3D生存-课堂\Library\PackageCache\com.unity.visualscripting@1.7.6\Editor\VisualScripting.Core\Dependencies\DotNetZip\Unity.VisualScripting.IonicZip.dll
Symbol file LoadedFromMemory doesn't match image G:\Unity饥荒\项目\Unity类饥荒3D生存-课堂\Assets\JKFrame\Scripts\0.Lib\0.Plugins\Sirenix\Assemblies\Sirenix.Serialization.Config.dll
Symbol file LoadedFromMemory doesn't match image G:\Unity饥荒\项目\Unity类饥荒3D生存-课堂\Assets\JKFrame\Scripts\0.Lib\0.Plugins\Sirenix\Assemblies\Sirenix.Utilities.dll
Symbol file LoadedFromMemory doesn't match image G:\Unity饥荒\项目\Unity类饥荒3D生存-课堂\Assets\JKFrame\Scripts\0.Lib\0.Plugins\Sirenix\Assemblies\Sirenix.Serialization.dll
Symbol file LoadedFromMemory doesn't match image G:\Unity饥荒\项目\Unity类饥荒3D生存-课堂\Assets\JKFrame\Scripts\0.Lib\0.Plugins\Sirenix\Assemblies\Sirenix.Utilities.Editor.dll
Native extension for WindowsStandalone target not found
Refreshing native plugins compatible for Editor in 0.69 ms, found 3 plugins.
Preloading 0 native plugins for Editor in 0.00 ms.
Mono: successfully reloaded assembly
- Completed reload, in  3.635 seconds
Domain Reload Profiling:
	ReloadAssembly (3636ms)
		BeginReloadAssembly (169ms)
			ExecutionOrderSort (0ms)
			DisableScriptedObjects (10ms)
			BackupInstance (0ms)
			ReleaseScriptingObjects (0ms)
			CreateAndSetChildDomain (44ms)
		EndReloadAssembly (3358ms)
			LoadAssemblies (98ms)
			RebuildTransferFunctionScriptingTraits (0ms)
			SetupTypeCache (260ms)
			ReleaseScriptCaches (1ms)
			RebuildScriptCaches (40ms)
			SetupLoadedEditorAssemblies (2567ms)
				LogAssemblyErrors (0ms)
				InitializePlatformSupportModulesInManaged (12ms)
				SetLoadedEditorAssemblies (0ms)
				RefreshPlugins (1ms)
				BeforeProcessingInitializeOnLoad (124ms)
				ProcessInitializeOnLoadAttributes (2205ms)
				ProcessInitializeOnLoadMethodAttributes (210ms)
				AfterProcessingInitializeOnLoad (15ms)
				EditorAssembliesLoaded (1ms)
			ExecutionOrderSort2 (0ms)
			AwakeInstancesAfterBackupRestoration (92ms)
Platform modules already initialized, skipping
Refreshing native plugins compatible for Editor in 0.60 ms, found 3 plugins.
Preloading 0 native plugins for Editor in 0.00 ms.
Unloading 3378 Unused Serialized files (Serialized files now loaded: 0)
Unloading 43 unused Assets / (1.3 MB). Loaded Objects now: 3961.
Memory consumption went from 135.6 MB to 134.3 MB.
Total: 25.691200 ms (FindLiveObjects: 0.341800 ms CreateObjectMapping: 0.251700 ms MarkObjects: 24.375700 ms  DeleteObjects: 0.720300 ms)

AssetImportParameters requested are different than current active one (requested -> active):
  custom:video-decoder-ogg-theora: a1e56fd34408186e4bbccfd4996cb3dc -> 
  custom:container-muxer-webm: aa71ff27fc2769a1b78a27578f13a17b -> 
  custom:container-demuxer-webm: 4f35f7cbe854078d1ac9338744f61a02 -> 
  custom:video-encoder-webm-vp8: eb34c28f22e8b96e1ab97ce403110664 -> 
  custom:audio-encoder-webm-vorbis: bf7c407c2cedff20999df2af8eb42d56 -> 
  custom:framework-win-MediaFoundation: 216162199b28c13a410421893ffa2e32 -> 
  custom:container-demuxer-ogg: 62fdf1f143b41e24485cea50d1cbac27 -> 
  custom:video-decoder-webm-vp8: 9c59270c3fd7afecdb556c50c9e8de78 -> 
  custom:audio-decoder-ogg-vorbis: bf7c407c2cedff20999df2af8eb42d56 -> 
========================================================================
Received Prepare
Registering precompiled user dll's ...
Registered in 0.021101 seconds.
Begin MonoManager ReloadAssembly
Symbol file LoadedFromMemory doesn't match image G:\Unity饥荒\项目\Unity类饥荒3D生存-课堂\Library\PackageCache\com.unity.visualscripting@1.7.6\Editor\VisualScripting.Core\Dependencies\YamlDotNet\Unity.VisualScripting.YamlDotNet.dll
Symbol file LoadedFromMemory doesn't match image G:\Unity饥荒\项目\Unity类饥荒3D生存-课堂\Assets\JKFrame\Scripts\0.Lib\0.Plugins\Sirenix\Assemblies\Sirenix.OdinInspector.Editor.dll
Symbol file LoadedFromMemory doesn't match image G:\Unity饥荒\项目\Unity类饥荒3D生存-课堂\Assets\JKFrame\Scripts\0.Lib\0.Plugins\Sirenix\Assemblies\Sirenix.OdinInspector.Attributes.dll
Symbol file LoadedFromMemory doesn't match image G:\Unity饥荒\项目\Unity类饥荒3D生存-课堂\Library\PackageCache\com.unity.visualscripting@1.7.6\Editor\VisualScripting.Core\Dependencies\DotNetZip\Unity.VisualScripting.IonicZip.dll
Symbol file LoadedFromMemory doesn't match image G:\Unity饥荒\项目\Unity类饥荒3D生存-课堂\Assets\JKFrame\Scripts\0.Lib\0.Plugins\Sirenix\Assemblies\Sirenix.Serialization.Config.dll
Symbol file LoadedFromMemory doesn't match image G:\Unity饥荒\项目\Unity类饥荒3D生存-课堂\Assets\JKFrame\Scripts\0.Lib\0.Plugins\Sirenix\Assemblies\Sirenix.Utilities.dll
Symbol file LoadedFromMemory doesn't match image G:\Unity饥荒\项目\Unity类饥荒3D生存-课堂\Assets\JKFrame\Scripts\0.Lib\0.Plugins\Sirenix\Assemblies\Sirenix.Serialization.dll
Symbol file LoadedFromMemory doesn't match image G:\Unity饥荒\项目\Unity类饥荒3D生存-课堂\Assets\JKFrame\Scripts\0.Lib\0.Plugins\Sirenix\Assemblies\Sirenix.Utilities.Editor.dll
Native extension for WindowsStandalone target not found
Refreshing native plugins compatible for Editor in 0.84 ms, found 3 plugins.
Preloading 0 native plugins for Editor in 0.00 ms.
Mono: successfully reloaded assembly
- Completed reload, in  4.843 seconds
Domain Reload Profiling:
	ReloadAssembly (4846ms)
		BeginReloadAssembly (153ms)
			ExecutionOrderSort (0ms)
			DisableScriptedObjects (7ms)
			BackupInstance (0ms)
			ReleaseScriptingObjects (0ms)
			CreateAndSetChildDomain (44ms)
		EndReloadAssembly (4586ms)
			LoadAssemblies (92ms)
			RebuildTransferFunctionScriptingTraits (0ms)
			SetupTypeCache (257ms)
			ReleaseScriptCaches (1ms)
			RebuildScriptCaches (44ms)
			SetupLoadedEditorAssemblies (3676ms)
				LogAssemblyErrors (0ms)
				InitializePlatformSupportModulesInManaged (11ms)
				SetLoadedEditorAssemblies (1ms)
				RefreshPlugins (1ms)
				BeforeProcessingInitializeOnLoad (134ms)
				ProcessInitializeOnLoadAttributes (3332ms)
				ProcessInitializeOnLoadMethodAttributes (177ms)
				AfterProcessingInitializeOnLoad (18ms)
				EditorAssembliesLoaded (3ms)
			ExecutionOrderSort2 (0ms)
			AwakeInstancesAfterBackupRestoration (180ms)
Platform modules already initialized, skipping
Refreshing native plugins compatible for Editor in 1.52 ms, found 3 plugins.
Preloading 0 native plugins for Editor in 0.00 ms.
Unloading 3378 Unused Serialized files (Serialized files now loaded: 0)
Unloading 43 unused Assets / (1.3 MB). Loaded Objects now: 3963.
Memory consumption went from 135.6 MB to 134.3 MB.
Total: 27.965800 ms (FindLiveObjects: 0.988600 ms CreateObjectMapping: 0.620300 ms MarkObjects: 25.403700 ms  DeleteObjects: 0.950500 ms)

AssetImportParameters requested are different than current active one (requested -> active):
  custom:video-decoder-ogg-theora: a1e56fd34408186e4bbccfd4996cb3dc -> 
  custom:container-muxer-webm: aa71ff27fc2769a1b78a27578f13a17b -> 
  custom:container-demuxer-webm: 4f35f7cbe854078d1ac9338744f61a02 -> 
  custom:video-encoder-webm-vp8: eb34c28f22e8b96e1ab97ce403110664 -> 
  custom:audio-encoder-webm-vorbis: bf7c407c2cedff20999df2af8eb42d56 -> 
  custom:framework-win-MediaFoundation: 216162199b28c13a410421893ffa2e32 -> 
  custom:container-demuxer-ogg: 62fdf1f143b41e24485cea50d1cbac27 -> 
  custom:video-decoder-webm-vp8: 9c59270c3fd7afecdb556c50c9e8de78 -> 
  custom:audio-decoder-ogg-vorbis: bf7c407c2cedff20999df2af8eb42d56 -> 
========================================================================
Received Prepare
Registering precompiled user dll's ...
Registered in 0.020436 seconds.
Begin MonoManager ReloadAssembly
Symbol file LoadedFromMemory doesn't match image G:\Unity饥荒\项目\Unity类饥荒3D生存-课堂\Library\PackageCache\com.unity.visualscripting@1.7.6\Editor\VisualScripting.Core\Dependencies\YamlDotNet\Unity.VisualScripting.YamlDotNet.dll
Symbol file LoadedFromMemory doesn't match image G:\Unity饥荒\项目\Unity类饥荒3D生存-课堂\Assets\JKFrame\Scripts\0.Lib\0.Plugins\Sirenix\Assemblies\Sirenix.OdinInspector.Editor.dll
Symbol file LoadedFromMemory doesn't match image G:\Unity饥荒\项目\Unity类饥荒3D生存-课堂\Assets\JKFrame\Scripts\0.Lib\0.Plugins\Sirenix\Assemblies\Sirenix.OdinInspector.Attributes.dll
Symbol file LoadedFromMemory doesn't match image G:\Unity饥荒\项目\Unity类饥荒3D生存-课堂\Library\PackageCache\com.unity.visualscripting@1.7.6\Editor\VisualScripting.Core\Dependencies\DotNetZip\Unity.VisualScripting.IonicZip.dll
Symbol file LoadedFromMemory doesn't match image G:\Unity饥荒\项目\Unity类饥荒3D生存-课堂\Assets\JKFrame\Scripts\0.Lib\0.Plugins\Sirenix\Assemblies\Sirenix.Serialization.Config.dll
Symbol file LoadedFromMemory doesn't match image G:\Unity饥荒\项目\Unity类饥荒3D生存-课堂\Assets\JKFrame\Scripts\0.Lib\0.Plugins\Sirenix\Assemblies\Sirenix.Utilities.dll
Symbol file LoadedFromMemory doesn't match image G:\Unity饥荒\项目\Unity类饥荒3D生存-课堂\Assets\JKFrame\Scripts\0.Lib\0.Plugins\Sirenix\Assemblies\Sirenix.Serialization.dll
Symbol file LoadedFromMemory doesn't match image G:\Unity饥荒\项目\Unity类饥荒3D生存-课堂\Assets\JKFrame\Scripts\0.Lib\0.Plugins\Sirenix\Assemblies\Sirenix.Utilities.Editor.dll
Native extension for WindowsStandalone target not found
Refreshing native plugins compatible for Editor in 0.61 ms, found 3 plugins.
Preloading 0 native plugins for Editor in 0.00 ms.
Mono: successfully reloaded assembly
- Completed reload, in  4.846 seconds
Domain Reload Profiling:
	ReloadAssembly (4847ms)
		BeginReloadAssembly (157ms)
			ExecutionOrderSort (0ms)
			DisableScriptedObjects (8ms)
			BackupInstance (0ms)
			ReleaseScriptingObjects (0ms)
			CreateAndSetChildDomain (46ms)
		EndReloadAssembly (4581ms)
			LoadAssemblies (94ms)
			RebuildTransferFunctionScriptingTraits (0ms)
			SetupTypeCache (262ms)
			ReleaseScriptCaches (1ms)
			RebuildScriptCaches (44ms)
			SetupLoadedEditorAssemblies (3683ms)
				LogAssemblyErrors (0ms)
				InitializePlatformSupportModulesInManaged (15ms)
				SetLoadedEditorAssemblies (0ms)
				RefreshPlugins (1ms)
				BeforeProcessingInitializeOnLoad (135ms)
				ProcessInitializeOnLoadAttributes (3199ms)
				ProcessInitializeOnLoadMethodAttributes (309ms)
				AfterProcessingInitializeOnLoad (16ms)
				EditorAssembliesLoaded (8ms)
			ExecutionOrderSort2 (0ms)
			AwakeInstancesAfterBackupRestoration (222ms)
Platform modules already initialized, skipping
Refreshing native plugins compatible for Editor in 1.13 ms, found 3 plugins.
Preloading 0 native plugins for Editor in 0.00 ms.
Unloading 3378 Unused Serialized files (Serialized files now loaded: 0)
Unloading 43 unused Assets / (1.3 MB). Loaded Objects now: 3965.
Memory consumption went from 135.6 MB to 134.3 MB.
Total: 25.103100 ms (FindLiveObjects: 0.411300 ms CreateObjectMapping: 0.370500 ms MarkObjects: 24.009600 ms  DeleteObjects: 0.309900 ms)

AssetImportParameters requested are different than current active one (requested -> active):
  custom:video-decoder-ogg-theora: a1e56fd34408186e4bbccfd4996cb3dc -> 
  custom:container-muxer-webm: aa71ff27fc2769a1b78a27578f13a17b -> 
  custom:container-demuxer-webm: 4f35f7cbe854078d1ac9338744f61a02 -> 
  custom:video-encoder-webm-vp8: eb34c28f22e8b96e1ab97ce403110664 -> 
  custom:audio-encoder-webm-vorbis: bf7c407c2cedff20999df2af8eb42d56 -> 
  custom:framework-win-MediaFoundation: 216162199b28c13a410421893ffa2e32 -> 
  custom:container-demuxer-ogg: 62fdf1f143b41e24485cea50d1cbac27 -> 
  custom:video-decoder-webm-vp8: 9c59270c3fd7afecdb556c50c9e8de78 -> 
  custom:audio-decoder-ogg-vorbis: bf7c407c2cedff20999df2af8eb42d56 -> 
